#
# A fatal error has been detected by the Java Runtime Environment:
#
#  EXCEPTION_ACCESS_VIOLATION (0xc0000005) at pc=0x00007ff837e5d807, pid=5908, tid=4252
#
# JRE version: OpenJDK Runtime Environment (21.0.9) (build 21.0.9+-14787801-b1163.94)
# Java VM: OpenJDK 64-Bit Server VM (21.0.9+-14787801-b1163.94, mixed mode, tiered, compressed oops, compressed class ptrs, g1 gc, windows-amd64)
# Problematic frame:
# V  [jvm.dll+0x13d807]
#
# No core dump will be written. Minidumps are not enabled by default on client versions of Windows
#
# If you would like to submit a bug report, please visit:
#   https://youtrack.jetbrains.com/issues/JBR
#

---------------  S U M M A R Y ------------

Command Line: --add-opens=java.base/java.lang=ALL-UNNAMED --add-opens=java.base/java.lang.invoke=ALL-UNNAMED --add-opens=java.base/java.util=ALL-UNNAMED --add-opens=java.prefs/java.util.prefs=ALL-UNNAMED --add-exports=jdk.compiler/com.sun.tools.javac.api=ALL-UNNAMED --add-exports=jdk.compiler/com.sun.tools.javac.util=ALL-UNNAMED --add-opens=java.base/java.util=ALL-UNNAMED --add-opens=java.prefs/java.util.prefs=ALL-UNNAMED --add-opens=java.base/java.nio.charset=ALL-UNNAMED --add-opens=java.base/java.net=ALL-UNNAMED --add-opens=java.base/java.util.concurrent=ALL-UNNAMED --add-opens=java.base/java.util.concurrent.atomic=ALL-UNNAMED --add-opens=java.xml/javax.xml.namespace=ALL-UNNAMED --add-opens=java.base/java.time=ALL-UNNAMED -Xmx2048m -Dfile.encoding=UTF-8 -Duser.country=FR -Duser.language=fr -Duser.variant -javaagent:C:\Users\ibtis\.gradle\wrapper\dists\gradle-9.3.1-bin\23ovyewtku6u96viwx3xl3oks\gradle-9.3.1\lib\agents\gradle-instrumentation-agent-9.3.1.jar org.gradle.launcher.daemon.bootstrap.GradleDaemon 9.3.1

Host: Intel(R) Core(TM) i5-1035G1 CPU @ 1.00GHz, 8 cores, 11G,  Windows 11 , 64 bit Build 26100 (10.0.26100.7920)
Time: Fri Apr 10 18:01:30 2026 elapsed time: 10.919405 seconds (0d 0h 0m 10s)

---------------  T H R E A D  ---------------

Current thread (0x000001ccfb6b7230):  JavaThread "C2 CompilerThread2" daemon [_thread_in_native, id=4252, stack(0x000000763f300000,0x000000763f400000) (1024K)]


Current CompileTask:
C2:10919 8386       4       org.gradle.cache.internal.btree.StateCheckBlockStore::read (33 bytes)

Stack: [0x000000763f300000,0x000000763f400000],  sp=0x000000763f3fd0a0,  free space=1012k
Native frames: (J=compiled Java code, j=interpreted, Vv=VM code, C=native code)
V  [jvm.dll+0x13d807]
V  [jvm.dll+0x13ce85]
V  [jvm.dll+0x249413]
V  [jvm.dll+0x248a31]
V  [jvm.dll+0x1c7344]
V  [jvm.dll+0x2581ae]
V  [jvm.dll+0x2566f6]
V  [jvm.dll+0x3f48a6]
V  [jvm.dll+0x80f118]
V  [jvm.dll+0x6d54ed]
C  [ucrtbase.dll+0x37b0]
C  [KERNEL32.DLL+0x2e8d7]
C  [ntdll.dll+0x8c48c]


siginfo: EXCEPTION_ACCESS_VIOLATION (0xc0000005), writing address 0x000003cc81ca5c48


Registers:
RAX=0x000003cc81ca5c38, RBX=0x0000000000000034, RCX=0x000000763f3fd2f8, RDX=0x0000000000000696
RSP=0x000000763f3fd0a0, RBP=0x0000000000000002, RSI=0x000001cc81ca5ba8, RDI=0x000001cc816b2468
R8 =0x000001cc81ca5ba8, R9 =0x0000000000800000, R10=0x000000763f3fe820, R11=0x000001cc82b09658
R12=0x0000000000000004, R13=0x000000763f3fd290, R14=0x000001cc816b24b0, R15=0x000001cc81ca59d8
RIP=0x00007ff837e5d807, EFLAGS=0x0000000000010293

XMM[0]=0x0000000000000000 0x0000000000000000
XMM[1]=0x000001cc81ffca88 0x000001cc81ffcb70
XMM[2]=0x000001ccfb470dd0 0x000001cc81ffcfa0
XMM[3]=0x000001ccfd1cb458 0x000001ccfd1cab88
XMM[4]=0x000001ccfd1cedb8 0x000001ccfd1cd458
XMM[5]=0x000001cc8074ed50 0x000001ccfd1c7eb8
XMM[6]=0x0000000000000000 0x0000000000000000
XMM[7]=0x0000000000000000 0x0000000000000000
XMM[8]=0x0000000000000000 0x0000000000000000
XMM[9]=0x0000000000000000 0x0000000000000000
XMM[10]=0x0000000000000000 0x0000000000000000
XMM[11]=0x0000000000000000 0x0000000000000000
XMM[12]=0x0000000000000000 0x0000000000000000
XMM[13]=0x0000000000000000 0x0000000000000000
XMM[14]=0x0000000000000000 0x0000000000000000
XMM[15]=0x0000000000000000 0x0000000000000000
  MXCSR=0x00001fa0


Register to memory mapping:

RAX=0x000003cc81ca5c38 is an unknown value
RBX=0x0000000000000034 is an unknown value
RCX=0x000000763f3fd2f8 is pointing into the stack for thread: 0x000001ccfb6b7230
RDX=0x0000000000000696 is an unknown value
RSP=0x000000763f3fd0a0 is pointing into the stack for thread: 0x000001ccfb6b7230
RBP=0x0000000000000002 is an unknown value
RSI=0x000001cc81ca5ba8 points into unknown readable memory: 0x00007ff838658a00 | 00 8a 65 38 f8 7f 00 00
RDI=0x000001cc816b2468 points into unknown readable memory: 0x00007ff838654548 | 48 45 65 38 f8 7f 00 00
R8 =0x000001cc81ca5ba8 points into unknown readable memory: 0x00007ff838658a00 | 00 8a 65 38 f8 7f 00 00
R9 =0x0000000000800000 is an unknown value
R10=0x000000763f3fe820 is pointing into the stack for thread: 0x000001ccfb6b7230
R11=0x000001cc82b09658 points into unknown readable memory: 0x000001cc82b09558 | 58 95 b0 82 cc 01 00 00
R12=0x0000000000000004 is an unknown value
R13=0x000000763f3fd290 is pointing into the stack for thread: 0x000001ccfb6b7230
R14=0x000001cc816b24b0 points into unknown readable memory: 0x00007ff8386115e8 | e8 15 61 38 f8 7f 00 00
R15=0x000001cc81ca59d8 points into unknown readable memory: 0x00007ff838654070 | 70 40 65 38 f8 7f 00 00

Top of Stack: (sp=0x000000763f3fd0a0)
0x000000763f3fd0a0:   000001ccfcb54470 0000000000000001
0x000000763f3fd0b0:   000001cc81ca5ba8 000001cc816b2468
0x000000763f3fd0c0:   000001cc80d37120 000001cc801b73a0
0x000000763f3fd0d0:   000001cc82683ef0 000001cc82691960
0x000000763f3fd0e0:   000001cc82680d10 000001ccfe8753e0
0x000000763f3fd0f0:   0000000000000200 000001ccfc6ffea0
0x000000763f3fd100:   000001cc00000200 000001ccfe8753e0
0x000000763f3fd110:   000001ccfd3c6090 000000763f3fd4a0
0x000000763f3fd120:   000001ccfe8753e0 000001ccfd3ce078
0x000000763f3fd130:   000001ccfd3ca2a8 000000763f3fd290
0x000000763f3fd140:   000001ccfd0804f0 00007ff837e5ce85
0x000000763f3fd150:   000001cc00000284 000001ccfcb54470
0x000000763f3fd160:   000001ccfcb54470 0000000000000001
0x000000763f3fd170:   0000000000000000 0000000000000020
0x000000763f3fd180:   000001ccdd0e4b30 0000000000000000
0x000000763f3fd190:   000001ccfcb544a4 00007ff837f69413
0x000000763f3fd1a0:   000000000019d2e8 000000763f3fe820
0x000000763f3fd1b0:   000000763f3fd2a0 000001ccfcb54470
0x000000763f3fd1c0:   0000000000000000 0000000000000000
0x000000763f3fd1d0:   0000000000000000 0000000000000000
0x000000763f3fd1e0:   0000000000000000 0000000000000000
0x000000763f3fd1f0:   0000000000000000 00007ff83867ccb8
0x000000763f3fd200:   0000000000000000 000000763f3fe820
0x000000763f3fd210:   0000000000000000 00007ff83867ccb8
0x000000763f3fd220:   0000000000000000 0000000000000000
0x000000763f3fd230:   0000000000000000 0000000000000000
0x000000763f3fd240:   0000000000000000 0000000000000000
0x000000763f3fd250:   0000000000000000 0000000000000000
0x000000763f3fd260:   0000000000000000 0000000000000000
0x000000763f3fd270:   0000000000000000 0000000000000000
0x000000763f3fd280:   0000000000000000 0000000000000000
0x000000763f3fd290:   0000000000000007 000000763f3fe820 

Instructions: (pc=0x00007ff837e5d807)
0x00007ff837e5d707:   48 85 c9 74 2a 4c 8b 41 10 4d 85 c0 74 21 8b 41
0x00007ff837e5d717:   20 49 8d 14 c0 0f 1f 40 00 48 39 7a f8 48 8d 52
0x00007ff837e5d727:   f8 75 f6 ff c8 89 41 20 49 8b 0c c0 48 89 0a 4b
0x00007ff837e5d737:   89 34 0e 48 8b 4e 10 48 85 c9 74 20 8b 46 20 3b
0x00007ff837e5d747:   46 24 75 11 8b d0 48 8b ce e8 6b 70 57 00 8b 46
0x00007ff837e5d757:   20 48 8b 4e 10 48 89 3c c1 ff 46 20 b8 34 00 00
0x00007ff837e5d767:   00 80 3c 03 00 75 05 e8 99 95 75 00 48 8b 44 24
0x00007ff837e5d777:   30 48 83 c0 10 48 89 44 24 30 48 3b 44 24 38 72
0x00007ff837e5d787:   0f 48 8d 4c 24 30 e8 be 5e 57 00 48 8b 44 24 30
0x00007ff837e5d797:   89 68 08 49 83 ee 08 ff cd 48 89 38 85 ed 0f 8f
0x00007ff837e5d7a7:   a5 fe ff ff e9 2b 01 00 00 48 83 6c 24 30 10 85
0x00007ff837e5d7b7:   ed 0f 84 5e 01 00 00 41 8b 4e 28 49 8b 45 78 8b
0x00007ff837e5d7c7:   57 28 41 3b 55 68 48 8b 34 c8 49 8d 4d 68 73 0b
0x00007ff837e5d7d7:   48 8b 41 10 48 83 3c d0 00 75 29 4c 8b c6 e8 b6
0x00007ff837e5d7e7:   1f 00 00 8b 6e 28 8d 45 01 89 46 28 3b 6e 18 72
0x00007ff837e5d7f7:   0b 8b d5 48 8d 4e 10 e8 bd 5d 57 00 48 8b 46 20
0x00007ff837e5d807:   48 89 3c e8 44 8b 76 48 41 8d 7e 01 89 7e 48 41
0x00007ff837e5d817:   8b 4f 28 49 8b 45 78 8b 6e 30 4c 8b 3c c8 44 3b
0x00007ff837e5d827:   f5 0f 82 a5 00 00 00 85 ed 75 46 4c 8b 4e 38 c7
0x00007ff837e5d837:   46 30 01 00 00 00 49 8b 49 18 49 8b 41 20 48 2b
0x00007ff837e5d847:   c1 48 83 f8 08 72 0a 48 8d 41 08 49 89 41 18 eb
0x00007ff837e5d857:   12 45 33 c0 49 8b c9 41 8d 50 08 e8 99 33 f8 ff
0x00007ff837e5d867:   48 8b c8 48 89 4e 40 48 c7 01 00 00 00 00 8b 6e
0x00007ff837e5d877:   30 85 ff 74 05 41 85 fe 74 0c 0f bd cf bf 01 00
0x00007ff837e5d887:   00 00 ff c1 d3 e7 48 8b 56 40 48 8b 4e 38 8b c5
0x00007ff837e5d897:   44 8b cf 49 c1 e1 03 89 7e 30 48 8d 1c c5 00 00
0x00007ff837e5d8a7:   00 00 c7 44 24 20 00 00 00 00 4c 8b c3 e8 67 2f
0x00007ff837e5d8b7:   f8 ff 44 8b 46 30 33 d2 44 2b c5 48 89 46 40 49
0x00007ff837e5d8c7:   c1 e0 03 48 8d 0c 03 e8 3f a7 75 00 48 8b 4e 40
0x00007ff837e5d8d7:   4e 89 3c f1 8b 9c 24 b0 00 00 00 48 8b 44 24 30
0x00007ff837e5d8e7:   48 3b 44 24 40 0f 83 de f8 ff ff 8b c3 4c 8b 74
0x00007ff837e5d8f7:   24 78 48 8b b4 24 80 00 00 00 48 8b ac 24 c0 00 


Stack slot to memory mapping:

stack at sp + 0 slots: 0x000001ccfcb54470 points into unknown readable memory: 0x0000000000000000 | 00 00 00 00 00 00 00 00
stack at sp + 1 slots: 0x0000000000000001 is an unknown value
stack at sp + 2 slots: 0x000001cc81ca5ba8 points into unknown readable memory: 0x00007ff838658a00 | 00 8a 65 38 f8 7f 00 00
stack at sp + 3 slots: 0x000001cc816b2468 points into unknown readable memory: 0x00007ff838654548 | 48 45 65 38 f8 7f 00 00
stack at sp + 4 slots: 0x000001cc80d37120 points into unknown readable memory: 0x0000000000000000 | 00 00 00 00 00 00 00 00
stack at sp + 5 slots: 0x000001cc801b73a0 points into unknown readable memory: 0x00007ff838658a00 | 00 8a 65 38 f8 7f 00 00
stack at sp + 6 slots: 0x000001cc82683ef0 points into unknown readable memory: 0x000001cc81ca5878 | 78 58 ca 81 cc 01 00 00
stack at sp + 7 slots: 0x000001cc82691960 points into unknown readable memory: 0x0000000000000000 | 00 00 00 00 00 00 00 00


---------------  P R O C E S S  ---------------

Threads class SMR info:
_java_thread_list=0x000001ccfb4f4990, length=84, elements={
0x000001ccdd0f6f90, 0x000001ccfb09d320, 0x000001ccfb0aab60, 0x000001ccfb0ac130,
0x000001ccfb0dd5a0, 0x000001ccfb0de000, 0x000001ccfb0d38c0, 0x000001ccfb0b9c70,
0x000001ccfb0bcd00, 0x000001ccfb0bd7a0, 0x000001ccfb3dbd50, 0x000001ccfcafc720,
0x000001ccfd1f2a00, 0x000001ccfdce8ad0, 0x000001ccfd8a1f20, 0x000001ccfd9b2910,
0x000001ccfdcb36c0, 0x000001ccfdcb5e20, 0x000001ccfdcb5790, 0x000001ccfdcb3d50,
0x000001ccfdcb3030, 0x000001ccfdcb64b0, 0x000001ccfdcb43e0, 0x000001ccfdcb4a70,
0x000001ccfe8c6fe0, 0x000001ccfe8c3b60, 0x000001ccfe8c41f0, 0x000001ccfe8c7670,
0x000001ccfe8c7d00, 0x000001ccfe8c62c0, 0x000001ccfe8c6950, 0x000001ccfe8c55a0,
0x000001ccfe8c8390, 0x000001ccfe8c8a20, 0x000001ccfe8c90b0, 0x000001ccfe8c5c30,
0x000001ccfe8c9740, 0x000001ccfe8c9dd0, 0x000001ccfe8ca460, 0x000001ccfe8cb180,
0x000001ccfe2b3480, 0x000001ccfe2b41a0, 0x000001ccfe2b0d20, 0x000001ccfe2b3b10,
0x000001cc81ade180, 0x000001cc81adeea0, 0x000001cc81adcdd0, 0x000001cc81ade810,
0x000001cc81adba20, 0x000001cc81adf530, 0x000001cc81add460, 0x000001cc81adc0b0,
0x000001cc81addaf0, 0x000001cc81adfbc0, 0x000001cc81adc740, 0x000001cc81ae0f70,
0x000001cc81ae0250, 0x000001cc81ae08e0, 0x000001cc81ae1600, 0x000001cc81ae2320,
0x000001cc81ae29b0, 0x000001cc80e3d630, 0x000001cc8038f2c0, 0x000001cc80392dd0,
0x000001cc80393460, 0x000001cc80390d00, 0x000001cc80391390, 0x000001cc8038ffe0,
0x000001cc80393af0, 0x000001cc80390670, 0x000001cc80395530, 0x000001cc80394810,
0x000001cc80394ea0, 0x000001cc80395bc0, 0x000001cc80394180, 0x000001cc803968e0,
0x000001ccfb6b7230, 0x000001cc80391a20, 0x000001cc80396250, 0x000001cc80400b60,
0x000001cc80401880, 0x000001cc80403fe0, 0x000001cc804011f0, 0x000001cc804032c0
}

Java Threads: ( => current thread )
  0x000001ccdd0f6f90 JavaThread "main"                              [_thread_blocked, id=10436, stack(0x0000007639800000,0x0000007639900000) (1024K)]
  0x000001ccfb09d320 JavaThread "Common-Cleaner"             daemon [_thread_blocked, id=11232, stack(0x000000763a000000,0x000000763a100000) (1024K)]
  0x000001ccfb0aab60 JavaThread "Reference Handler"          daemon [_thread_blocked, id=11220, stack(0x000000763a100000,0x000000763a200000) (1024K)]
  0x000001ccfb0ac130 JavaThread "Finalizer"                  daemon [_thread_blocked, id=4788, stack(0x000000763a200000,0x000000763a300000) (1024K)]
  0x000001ccfb0dd5a0 JavaThread "Signal Dispatcher"          daemon [_thread_blocked, id=8616, stack(0x000000763a300000,0x000000763a400000) (1024K)]
  0x000001ccfb0de000 JavaThread "Attach Listener"            daemon [_thread_blocked, id=7528, stack(0x000000763a400000,0x000000763a500000) (1024K)]
  0x000001ccfb0d38c0 JavaThread "Service Thread"             daemon [_thread_blocked, id=7848, stack(0x000000763a500000,0x000000763a600000) (1024K)]
  0x000001ccfb0b9c70 JavaThread "Monitor Deflation Thread"   daemon [_thread_blocked, id=8904, stack(0x000000763a600000,0x000000763a700000) (1024K)]
  0x000001ccfb0bcd00 JavaThread "C2 CompilerThread0"         daemon [_thread_in_native, id=8256, stack(0x000000763a700000,0x000000763a800000) (1024K)]
  0x000001ccfb0bd7a0 JavaThread "C1 CompilerThread0"         daemon [_thread_blocked, id=9720, stack(0x000000763a800000,0x000000763a900000) (1024K)]
  0x000001ccfb3dbd50 JavaThread "Notification Thread"        daemon [_thread_blocked, id=4300, stack(0x000000763a900000,0x000000763aa00000) (1024K)]
  0x000001ccfcafc720 JavaThread "Daemon health stats"               [_thread_blocked, id=11168, stack(0x000000763ae00000,0x000000763af00000) (1024K)]
  0x000001ccfd1f2a00 JavaThread "Incoming local TCP Connector on port 61355"        [_thread_in_native, id=11160, stack(0x000000763b000000,0x000000763b100000) (1024K)]
  0x000001ccfdce8ad0 JavaThread "Daemon periodic checks"            [_thread_blocked, id=10260, stack(0x000000763b100000,0x000000763b200000) (1024K)]
  0x000001ccfd8a1f20 JavaThread "Daemon"                            [_thread_blocked, id=5816, stack(0x000000763b200000,0x000000763b300000) (1024K)]
  0x000001ccfd9b2910 JavaThread "Handler for socket connection from /127.0.0.1:61355 to /127.0.0.1:61356"        [_thread_in_native, id=10660, stack(0x000000763b300000,0x000000763b400000) (1024K)]
  0x000001ccfdcb36c0 JavaThread "Cancel handler"                    [_thread_blocked, id=4952, stack(0x000000763b800000,0x000000763b900000) (1024K)]
  0x000001ccfdcb5e20 JavaThread "Daemon worker"                     [_thread_in_Java, id=1444, stack(0x000000763b900000,0x000000763ba00000) (1024K)]
  0x000001ccfdcb5790 JavaThread "Asynchronous log dispatcher for DefaultDaemonConnection: socket connection from /127.0.0.1:61355 to /127.0.0.1:61356"        [_thread_blocked, id=5160, stack(0x000000763ba00000,0x000000763bb00000) (1024K)]
  0x000001ccfdcb3d50 JavaThread "Stdin handler"                     [_thread_blocked, id=2584, stack(0x000000763bb00000,0x000000763bc00000) (1024K)]
  0x000001ccfdcb3030 JavaThread "Daemon client event forwarder"        [_thread_blocked, id=1696, stack(0x000000763bc00000,0x000000763bd00000) (1024K)]
  0x000001ccfdcb64b0 JavaThread "Cache worker for journal cache (C:\Users\ibtis\.gradle\caches\journal-1)"        [_thread_in_native, id=1668, stack(0x000000763bd00000,0x000000763be00000) (1024K)]
  0x000001ccfdcb43e0 JavaThread "File lock request listener"        [_thread_in_native, id=8088, stack(0x000000763be00000,0x000000763bf00000) (1024K)]
  0x000001ccfdcb4a70 JavaThread "Cache worker for file hash cache (C:\Users\ibtis\.gradle\caches\9.3.1\fileHashes)"        [_thread_blocked, id=4728, stack(0x000000763bf00000,0x000000763c000000) (1024K)]
  0x000001ccfe8c6fe0 JavaThread "Cache worker for file hash cache (C:\Users\ibtis\AndroidStudioProjects\lab6_ibtissam\.gradle\9.3.1\fileHashes)"        [_thread_blocked, id=8072, stack(0x000000763c100000,0x000000763c200000) (1024K)]
  0x000001ccfe8c3b60 JavaThread "Cache worker for Build Output Cleanup Cache (C:\Users\ibtis\AndroidStudioProjects\lab6_ibtissam\.gradle\buildOutputCleanup)"        [_thread_blocked, id=11228, stack(0x000000763c200000,0x000000763c300000) (1024K)]
  0x000001ccfe8c41f0 JavaThread "File watcher server"        daemon [_thread_in_native, id=3440, stack(0x000000763c300000,0x000000763c400000) (1024K)]
  0x000001ccfe8c7670 JavaThread "File watcher consumer"      daemon [_thread_blocked, id=9432, stack(0x000000763c400000,0x000000763c500000) (1024K)]
  0x000001ccfe8c7d00 JavaThread "jar transforms"                    [_thread_blocked, id=11036, stack(0x000000763c500000,0x000000763c600000) (1024K)]
  0x000001ccfe8c62c0 JavaThread "jar transforms Thread 2"           [_thread_blocked, id=6608, stack(0x000000763c600000,0x000000763c700000) (1024K)]
  0x000001ccfe8c6950 JavaThread "jar transforms Thread 3"           [_thread_blocked, id=6280, stack(0x000000763c700000,0x000000763c800000) (1024K)]
  0x000001ccfe8c55a0 JavaThread "jar transforms Thread 4"           [_thread_blocked, id=5892, stack(0x000000763c800000,0x000000763c900000) (1024K)]
  0x000001ccfe8c8390 JavaThread "jar transforms Thread 5"           [_thread_blocked, id=5580, stack(0x000000763c900000,0x000000763ca00000) (1024K)]
  0x000001ccfe8c8a20 JavaThread "jar transforms Thread 6"           [_thread_blocked, id=1372, stack(0x000000763ca00000,0x000000763cb00000) (1024K)]
  0x000001ccfe8c90b0 JavaThread "jar transforms Thread 7"           [_thread_blocked, id=12700, stack(0x000000763cb00000,0x000000763cc00000) (1024K)]
  0x000001ccfe8c5c30 JavaThread "jar transforms Thread 8"           [_thread_blocked, id=9580, stack(0x000000763cc00000,0x000000763cd00000) (1024K)]
  0x000001ccfe8c9740 JavaThread "Cache worker for checksums cache (C:\Users\ibtis\AndroidStudioProjects\lab6_ibtissam\.gradle\9.3.1\checksums)"        [_thread_blocked, id=8140, stack(0x000000763c000000,0x000000763c100000) (1024K)]
  0x000001ccfe8c9dd0 JavaThread "Cache worker for file content cache (C:\Users\ibtis\.gradle\caches\9.3.1\fileContent)"        [_thread_blocked, id=11300, stack(0x000000763cd00000,0x000000763ce00000) (1024K)]
  0x000001ccfe8ca460 JavaThread "Cache worker for cache directory md-supplier (C:\Users\ibtis\.gradle\caches\9.3.1\md-supplier)"        [_thread_blocked, id=11344, stack(0x000000763ce00000,0x000000763cf00000) (1024K)]
  0x000001ccfe8cb180 JavaThread "Cache worker for cache directory md-rule (C:\Users\ibtis\.gradle\caches\9.3.1\md-rule)"        [_thread_blocked, id=12996, stack(0x000000763cf00000,0x000000763d000000) (1024K)]
  0x000001ccfe2b3480 JavaThread "Unconstrained build operations"        [_thread_blocked, id=1048, stack(0x000000763d100000,0x000000763d200000) (1024K)]
  0x000001ccfe2b41a0 JavaThread "Unconstrained build operations Thread 2"        [_thread_blocked, id=6000, stack(0x000000763d200000,0x000000763d300000) (1024K)]
  0x000001ccfe2b0d20 JavaThread "Unconstrained build operations Thread 3"        [_thread_blocked, id=10128, stack(0x000000763d000000,0x000000763d100000) (1024K)]
  0x000001ccfe2b3b10 JavaThread "Unconstrained build operations Thread 4"        [_thread_blocked, id=7024, stack(0x000000763d300000,0x000000763d400000) (1024K)]
  0x000001cc81ade180 JavaThread "Unconstrained build operations Thread 5"        [_thread_blocked, id=5772, stack(0x000000763d400000,0x000000763d500000) (1024K)]
  0x000001cc81adeea0 JavaThread "Unconstrained build operations Thread 6"        [_thread_blocked, id=7264, stack(0x000000763d500000,0x000000763d600000) (1024K)]
  0x000001cc81adcdd0 JavaThread "Unconstrained build operations Thread 7"        [_thread_blocked, id=6968, stack(0x000000763d600000,0x000000763d700000) (1024K)]
  0x000001cc81ade810 JavaThread "Unconstrained build operations Thread 8"        [_thread_blocked, id=7720, stack(0x000000763d700000,0x000000763d800000) (1024K)]
  0x000001cc81adba20 JavaThread "Unconstrained build operations Thread 9"        [_thread_blocked, id=9708, stack(0x000000763d800000,0x000000763d900000) (1024K)]
  0x000001cc81adf530 JavaThread "Unconstrained build operations Thread 10"        [_thread_blocked, id=6132, stack(0x000000763d900000,0x000000763da00000) (1024K)]
  0x000001cc81add460 JavaThread "Unconstrained build operations Thread 11"        [_thread_blocked, id=9152, stack(0x000000763da00000,0x000000763db00000) (1024K)]
  0x000001cc81adc0b0 JavaThread "Unconstrained build operations Thread 12"        [_thread_blocked, id=1860, stack(0x000000763db00000,0x000000763dc00000) (1024K)]
  0x000001cc81addaf0 JavaThread "Unconstrained build operations Thread 13"        [_thread_blocked, id=8968, stack(0x000000763dc00000,0x000000763dd00000) (1024K)]
  0x000001cc81adfbc0 JavaThread "Unconstrained build operations Thread 14"        [_thread_blocked, id=3840, stack(0x000000763dd00000,0x000000763de00000) (1024K)]
  0x000001cc81adc740 JavaThread "Unconstrained build operations Thread 15"        [_thread_blocked, id=6164, stack(0x000000763de00000,0x000000763df00000) (1024K)]
  0x000001cc81ae0f70 JavaThread "Unconstrained build operations Thread 16"        [_thread_blocked, id=3280, stack(0x000000763df00000,0x000000763e000000) (1024K)]
  0x000001cc81ae0250 JavaThread "Unconstrained build operations Thread 17"        [_thread_blocked, id=2312, stack(0x000000763e000000,0x000000763e100000) (1024K)]
  0x000001cc81ae08e0 JavaThread "Unconstrained build operations Thread 18"        [_thread_blocked, id=4268, stack(0x000000763e100000,0x000000763e200000) (1024K)]
  0x000001cc81ae1600 JavaThread "Unconstrained build operations Thread 19"        [_thread_blocked, id=3368, stack(0x000000763e200000,0x000000763e300000) (1024K)]
  0x000001cc81ae2320 JavaThread "Unconstrained build operations Thread 20"        [_thread_blocked, id=7104, stack(0x000000763e300000,0x000000763e400000) (1024K)]
  0x000001cc81ae29b0 JavaThread "Unconstrained build operations Thread 21"        [_thread_blocked, id=6360, stack(0x000000763e400000,0x000000763e500000) (1024K)]
  0x000001cc80e3d630 JavaThread "C2 CompilerThread1"         daemon [_thread_in_native, id=11364, stack(0x000000763aa00000,0x000000763ab00000) (1024K)]
  0x000001cc8038f2c0 JavaThread "Unconstrained build operations Thread 22"        [_thread_blocked, id=11856, stack(0x000000763e500000,0x000000763e600000) (1024K)]
  0x000001cc80392dd0 JavaThread "Unconstrained build operations Thread 23"        [_thread_blocked, id=7732, stack(0x000000763e600000,0x000000763e700000) (1024K)]
  0x000001cc80393460 JavaThread "Unconstrained build operations Thread 24"        [_thread_blocked, id=1328, stack(0x000000763e700000,0x000000763e800000) (1024K)]
  0x000001cc80390d00 JavaThread "Unconstrained build operations Thread 25"        [_thread_blocked, id=6172, stack(0x000000763e800000,0x000000763e900000) (1024K)]
  0x000001cc80391390 JavaThread "Unconstrained build operations Thread 26"        [_thread_blocked, id=5576, stack(0x000000763e900000,0x000000763ea00000) (1024K)]
  0x000001cc8038ffe0 JavaThread "Unconstrained build operations Thread 27"        [_thread_blocked, id=6820, stack(0x000000763ea00000,0x000000763eb00000) (1024K)]
  0x000001cc80393af0 JavaThread "Unconstrained build operations Thread 28"        [_thread_blocked, id=3340, stack(0x000000763eb00000,0x000000763ec00000) (1024K)]
  0x000001cc80390670 JavaThread "Unconstrained build operations Thread 29"        [_thread_blocked, id=2776, stack(0x000000763ec00000,0x000000763ed00000) (1024K)]
  0x000001cc80395530 JavaThread "Unconstrained build operations Thread 30"        [_thread_blocked, id=6528, stack(0x000000763ed00000,0x000000763ee00000) (1024K)]
  0x000001cc80394810 JavaThread "Unconstrained build operations Thread 31"        [_thread_blocked, id=2516, stack(0x000000763ee00000,0x000000763ef00000) (1024K)]
  0x000001cc80394ea0 JavaThread "Unconstrained build operations Thread 32"        [_thread_blocked, id=3260, stack(0x000000763ef00000,0x000000763f000000) (1024K)]
  0x000001cc80395bc0 JavaThread "Unconstrained build operations Thread 33"        [_thread_blocked, id=6448, stack(0x000000763f000000,0x000000763f100000) (1024K)]
  0x000001cc80394180 JavaThread "Unconstrained build operations Thread 34"        [_thread_blocked, id=4828, stack(0x000000763f100000,0x000000763f200000) (1024K)]
  0x000001cc803968e0 JavaThread "Unconstrained build operations Thread 35"        [_thread_blocked, id=3836, stack(0x000000763f200000,0x000000763f300000) (1024K)]
=>0x000001ccfb6b7230 JavaThread "C2 CompilerThread2"         daemon [_thread_in_native, id=4252, stack(0x000000763f300000,0x000000763f400000) (1024K)]
  0x000001cc80391a20 JavaThread "Unconstrained build operations Thread 36"        [_thread_in_Java, id=6880, stack(0x000000763f400000,0x000000763f500000) (1024K)]
  0x000001cc80396250 JavaThread "Unconstrained build operations Thread 37"        [_thread_in_native, id=8684, stack(0x000000763f500000,0x000000763f600000) (1024K)]
  0x000001cc80400b60 JavaThread "Unconstrained build operations Thread 38"        [_thread_in_native, id=1900, stack(0x000000763f600000,0x000000763f700000) (1024K)]
  0x000001cc80401880 JavaThread "Unconstrained build operations Thread 39"        [_thread_in_Java, id=9672, stack(0x000000763f700000,0x000000763f800000) (1024K)]
  0x000001cc80403fe0 JavaThread "Unconstrained build operations Thread 40"        [_thread_in_native, id=2744, stack(0x000000763f800000,0x000000763f900000) (1024K)]
  0x000001cc804011f0 JavaThread "Unconstrained build operations Thread 41"        [_thread_blocked, id=6864, stack(0x000000763f900000,0x000000763fa00000) (1024K)]
  0x000001cc804032c0 JavaThread "Unconstrained build operations Thread 42"        [_thread_blocked, id=11828, stack(0x000000763fa00000,0x000000763fb00000) (1024K)]
Total: 84

Other Threads:
  0x000001ccdd0cd340 VMThread "VM Thread"                           [id=10656, stack(0x0000007639f00000,0x000000763a000000) (1024K)]
  0x000001ccf6b19ab0 WatcherThread "VM Periodic Task Thread"        [id=11224, stack(0x0000007639e00000,0x0000007639f00000) (1024K)]
  0x000001ccdd0cde20 WorkerThread "GC Thread#0"                     [id=10540, stack(0x0000007639900000,0x0000007639a00000) (1024K)]
  0x000001ccdd0ce1c0 WorkerThread "GC Thread#1"                     [id=9704, stack(0x000000763ab00000,0x000000763ac00000) (1024K)]
  0x000001ccdd0cda80 WorkerThread "GC Thread#2"                     [id=4272, stack(0x000000763ac00000,0x000000763ad00000) (1024K)]
  0x000001ccfb5cfa50 WorkerThread "GC Thread#3"                     [id=8112, stack(0x000000763ad00000,0x000000763ae00000) (1024K)]
  0x000001ccfb5ce490 WorkerThread "GC Thread#4"                     [id=8832, stack(0x000000763af00000,0x000000763b000000) (1024K)]
  0x000001ccfb5ce830 WorkerThread "GC Thread#5"                     [id=4276, stack(0x000000763b400000,0x000000763b500000) (1024K)]
  0x000001ccfb5ccb30 WorkerThread "GC Thread#6"                     [id=8536, stack(0x000000763b500000,0x000000763b600000) (1024K)]
  0x000001ccfb5ce0f0 WorkerThread "GC Thread#7"                     [id=10652, stack(0x000000763b600000,0x000000763b700000) (1024K)]
  0x000001ccdf4b7380 ConcurrentGCThread "G1 Main Marker"            [id=10420, stack(0x0000007639a00000,0x0000007639b00000) (1024K)]
  0x000001ccdd0ccc00 WorkerThread "G1 Conc#0"                       [id=10764, stack(0x0000007639b00000,0x0000007639c00000) (1024K)]
  0x000001ccfb5cf6b0 WorkerThread "G1 Conc#1"                       [id=4740, stack(0x000000763b700000,0x000000763b800000) (1024K)]
  0x000001ccf69ef210 ConcurrentGCThread "G1 Refine#0"               [id=11140, stack(0x0000007639c00000,0x0000007639d00000) (1024K)]
  0x000001ccf69f0750 ConcurrentGCThread "G1 Service"                [id=3524, stack(0x0000007639d00000,0x0000007639e00000) (1024K)]
Total: 15

Threads with active compile tasks:
C2 CompilerThread0  11002 8385       4       org.gradle.cache.internal.btree.FreeListBlockStore::read (12 bytes)
C2 CompilerThread1  11002 8428       4       org.gradle.cache.internal.btree.CachingBlockStore::read (56 bytes)
C2 CompilerThread2  11002 8386       4       org.gradle.cache.internal.btree.StateCheckBlockStore::read (33 bytes)
Total: 3

VM state: not at safepoint (normal execution)

VM Mutex/Monitor currently owned by a thread: None

Heap address: 0x0000000080000000, size: 2048 MB, Compressed Oops mode: 32-bit

CDS archive(s) not mapped
Compressed class space mapped at: 0x0000000100000000-0x0000000140000000, reserved size: 1073741824
Narrow klass base: 0x0000000000000000, Narrow klass shift: 3, Narrow klass range: 0x140000000

GC Precious Log:
 CardTable entry size: 512
 Card Set container configuration: InlinePtr #cards 5 size 8 Array Of Cards #cards 12 size 40 Howl #buckets 4 coarsen threshold 1843 Howl Bitmap #cards 512 size 80 coarsen threshold 460 Card regions per heap region 1 cards per card region 2048
 CPUs: 8 total, 8 available
 Memory: 12093M
 Large Page Support: Disabled
 NUMA Support: Disabled
 Compressed Oops: Enabled (32-bit)
 Heap Region Size: 1M
 Heap Min Capacity: 8M
 Heap Initial Capacity: 190M
 Heap Max Capacity: 2G
 Pre-touch: Disabled
 Parallel Workers: 8
 Concurrent Workers: 2
 Concurrent Refinement Workers: 8
 Periodic GC: Disabled

Heap:
 garbage-first heap   total 133120K, used 96136K [0x0000000080000000, 0x0000000100000000)
  region size 1024K, 20 young (20480K), 2 survivors (2048K)
 Metaspace       used 73399K, committed 75264K, reserved 1114112K
  class space    used 10452K, committed 11328K, reserved 1048576K

Heap Regions: E=young(eden), S=young(survivor), O=old, HS=humongous(starts), HC=humongous(continues), CS=collection set, F=free, TAMS=top-at-mark-start, PB=parsable bottom
|   0|0x0000000080000000, 0x0000000080100000, 0x0000000080100000|100%|HS|  |TAMS 0x0000000080000000| PB 0x0000000080000000| Complete 
|   1|0x0000000080100000, 0x0000000080200000, 0x0000000080200000|100%|HC|  |TAMS 0x0000000080100000| PB 0x0000000080100000| Complete 
|   2|0x0000000080200000, 0x0000000080300000, 0x0000000080300000|100%|HC|  |TAMS 0x0000000080200000| PB 0x0000000080200000| Complete 
|   3|0x0000000080300000, 0x0000000080400000, 0x0000000080400000|100%|HC|  |TAMS 0x0000000080300000| PB 0x0000000080300000| Complete 
|   4|0x0000000080400000, 0x0000000080500000, 0x0000000080500000|100%| O|  |TAMS 0x0000000080400000| PB 0x0000000080400000| Untracked 
|   5|0x0000000080500000, 0x0000000080600000, 0x0000000080600000|100%| O|  |TAMS 0x0000000080500000| PB 0x0000000080500000| Untracked 
|   6|0x0000000080600000, 0x0000000080700000, 0x0000000080700000|100%| O|  |TAMS 0x0000000080600000| PB 0x0000000080600000| Untracked 
|   7|0x0000000080700000, 0x0000000080800000, 0x0000000080800000|100%|HS|  |TAMS 0x0000000080700000| PB 0x0000000080700000| Complete 
|   8|0x0000000080800000, 0x0000000080900000, 0x0000000080900000|100%| O|  |TAMS 0x0000000080800000| PB 0x0000000080800000| Untracked 
|   9|0x0000000080900000, 0x0000000080a00000, 0x0000000080a00000|100%| O|  |TAMS 0x0000000080900000| PB 0x0000000080900000| Untracked 
|  10|0x0000000080a00000, 0x0000000080b00000, 0x0000000080b00000|100%| O|  |TAMS 0x0000000080a00000| PB 0x0000000080a00000| Untracked 
|  11|0x0000000080b00000, 0x0000000080c00000, 0x0000000080c00000|100%| O|  |TAMS 0x0000000080b00000| PB 0x0000000080b00000| Untracked 
|  12|0x0000000080c00000, 0x0000000080d00000, 0x0000000080d00000|100%| O|  |TAMS 0x0000000080c00000| PB 0x0000000080c00000| Untracked 
|  13|0x0000000080d00000, 0x0000000080e00000, 0x0000000080e00000|100%| O|  |TAMS 0x0000000080d00000| PB 0x0000000080d00000| Untracked 
|  14|0x0000000080e00000, 0x0000000080f00000, 0x0000000080f00000|100%| O|  |TAMS 0x0000000080e00000| PB 0x0000000080e00000| Untracked 
|  15|0x0000000080f00000, 0x0000000081000000, 0x0000000081000000|100%| O|  |TAMS 0x0000000080f00000| PB 0x0000000080f00000| Untracked 
|  16|0x0000000081000000, 0x0000000081100000, 0x0000000081100000|100%| O|  |TAMS 0x0000000081000000| PB 0x0000000081000000| Untracked 
|  17|0x0000000081100000, 0x0000000081200000, 0x0000000081200000|100%| O|  |TAMS 0x0000000081100000| PB 0x0000000081100000| Untracked 
|  18|0x0000000081200000, 0x0000000081300000, 0x0000000081300000|100%| O|Cm|TAMS 0x0000000081200000| PB 0x0000000081200000| Complete 
|  19|0x0000000081300000, 0x0000000081400000, 0x0000000081400000|100%|HS|  |TAMS 0x0000000081300000| PB 0x0000000081300000| Complete 
|  20|0x0000000081400000, 0x0000000081500000, 0x0000000081500000|100%|HC|  |TAMS 0x0000000081400000| PB 0x0000000081400000| Complete 
|  21|0x0000000081500000, 0x0000000081600000, 0x0000000081600000|100%|HC|  |TAMS 0x0000000081500000| PB 0x0000000081500000| Complete 
|  22|0x0000000081600000, 0x0000000081700000, 0x0000000081700000|100%|HC|  |TAMS 0x0000000081600000| PB 0x0000000081600000| Complete 
|  23|0x0000000081700000, 0x0000000081800000, 0x0000000081800000|100%|HC|  |TAMS 0x0000000081700000| PB 0x0000000081700000| Complete 
|  24|0x0000000081800000, 0x0000000081900000, 0x0000000081900000|100%|HC|  |TAMS 0x0000000081800000| PB 0x0000000081800000| Complete 
|  25|0x0000000081900000, 0x0000000081a00000, 0x0000000081a00000|100%|HS|  |TAMS 0x0000000081900000| PB 0x0000000081900000| Complete 
|  26|0x0000000081a00000, 0x0000000081b00000, 0x0000000081b00000|100%|HC|  |TAMS 0x0000000081a00000| PB 0x0000000081a00000| Complete 
|  27|0x0000000081b00000, 0x0000000081c00000, 0x0000000081c00000|100%|HS|  |TAMS 0x0000000081b00000| PB 0x0000000081b00000| Complete 
|  28|0x0000000081c00000, 0x0000000081d00000, 0x0000000081d00000|100%|HS|  |TAMS 0x0000000081c00000| PB 0x0000000081c00000| Complete 
|  29|0x0000000081d00000, 0x0000000081e00000, 0x0000000081e00000|100%|HC|  |TAMS 0x0000000081d00000| PB 0x0000000081d00000| Complete 
|  30|0x0000000081e00000, 0x0000000081f00000, 0x0000000081f00000|100%|HC|  |TAMS 0x0000000081e00000| PB 0x0000000081e00000| Complete 
|  31|0x0000000081f00000, 0x0000000082000000, 0x0000000082000000|100%|HC|  |TAMS 0x0000000081f00000| PB 0x0000000081f00000| Complete 
|  32|0x0000000082000000, 0x0000000082100000, 0x0000000082100000|100%|HC|  |TAMS 0x0000000082000000| PB 0x0000000082000000| Complete 
|  33|0x0000000082100000, 0x0000000082200000, 0x0000000082200000|100%|HC|  |TAMS 0x0000000082100000| PB 0x0000000082100000| Complete 
|  34|0x0000000082200000, 0x0000000082300000, 0x0000000082300000|100%|HS|  |TAMS 0x0000000082200000| PB 0x0000000082200000| Complete 
|  35|0x0000000082300000, 0x0000000082400000, 0x0000000082400000|100%|HC|  |TAMS 0x0000000082300000| PB 0x0000000082300000| Complete 
|  36|0x0000000082400000, 0x0000000082500000, 0x0000000082500000|100%|HS|  |TAMS 0x0000000082400000| PB 0x0000000082400000| Complete 
|  37|0x0000000082500000, 0x0000000082600000, 0x0000000082600000|100%| O|  |TAMS 0x0000000082500000| PB 0x0000000082500000| Untracked 
|  38|0x0000000082600000, 0x0000000082700000, 0x0000000082700000|100%| O|  |TAMS 0x0000000082600000| PB 0x0000000082600000| Untracked 
|  39|0x0000000082700000, 0x0000000082800000, 0x0000000082800000|100%| O|  |TAMS 0x0000000082700000| PB 0x0000000082700000| Untracked 
|  40|0x0000000082800000, 0x0000000082900000, 0x0000000082900000|100%| O|  |TAMS 0x0000000082800000| PB 0x0000000082800000| Untracked 
|  41|0x0000000082900000, 0x0000000082a00000, 0x0000000082a00000|100%| O|  |TAMS 0x0000000082900000| PB 0x0000000082900000| Untracked 
|  42|0x0000000082a00000, 0x0000000082b00000, 0x0000000082b00000|100%| O|  |TAMS 0x0000000082a00000| PB 0x0000000082a00000| Untracked 
|  43|0x0000000082b00000, 0x0000000082c00000, 0x0000000082c00000|100%| O|  |TAMS 0x0000000082b00000| PB 0x0000000082b00000| Untracked 
|  44|0x0000000082c00000, 0x0000000082d00000, 0x0000000082d00000|100%| O|  |TAMS 0x0000000082c00000| PB 0x0000000082c00000| Untracked 
|  45|0x0000000082d00000, 0x0000000082e00000, 0x0000000082e00000|100%| O|  |TAMS 0x0000000082d00000| PB 0x0000000082d00000| Untracked 
|  46|0x0000000082e00000, 0x0000000082f00000, 0x0000000082f00000|100%| O|  |TAMS 0x0000000082e00000| PB 0x0000000082e00000| Untracked 
|  47|0x0000000082f00000, 0x0000000083000000, 0x0000000083000000|100%| O|  |TAMS 0x0000000082f00000| PB 0x0000000082f00000| Untracked 
|  48|0x0000000083000000, 0x0000000083100000, 0x0000000083100000|100%| O|  |TAMS 0x0000000083000000| PB 0x0000000083000000| Untracked 
|  49|0x0000000083100000, 0x0000000083200000, 0x0000000083200000|100%|HS|  |TAMS 0x0000000083100000| PB 0x0000000083100000| Complete 
|  50|0x0000000083200000, 0x0000000083300000, 0x0000000083300000|100%|HC|  |TAMS 0x0000000083200000| PB 0x0000000083200000| Complete 
|  51|0x0000000083300000, 0x0000000083400000, 0x0000000083400000|100%| O|  |TAMS 0x0000000083300000| PB 0x0000000083300000| Untracked 
|  52|0x0000000083400000, 0x0000000083500000, 0x0000000083500000|100%| O|  |TAMS 0x0000000083400000| PB 0x0000000083400000| Untracked 
|  53|0x0000000083500000, 0x0000000083600000, 0x0000000083600000|100%| O|  |TAMS 0x0000000083500000| PB 0x0000000083500000| Untracked 
|  54|0x0000000083600000, 0x0000000083700000, 0x0000000083700000|100%| O|  |TAMS 0x0000000083600000| PB 0x0000000083600000| Untracked 
|  55|0x0000000083700000, 0x0000000083800000, 0x0000000083800000|100%| O|  |TAMS 0x0000000083700000| PB 0x0000000083700000| Untracked 
|  56|0x0000000083800000, 0x0000000083900000, 0x0000000083900000|100%| O|  |TAMS 0x0000000083800000| PB 0x0000000083800000| Untracked 
|  57|0x0000000083900000, 0x0000000083a00000, 0x0000000083a00000|100%| O|  |TAMS 0x0000000083900000| PB 0x0000000083900000| Untracked 
|  58|0x0000000083a00000, 0x0000000083b00000, 0x0000000083b00000|100%| O|  |TAMS 0x0000000083a00000| PB 0x0000000083a00000| Untracked 
|  59|0x0000000083b00000, 0x0000000083c00000, 0x0000000083c00000|100%| O|  |TAMS 0x0000000083b00000| PB 0x0000000083b00000| Untracked 
|  60|0x0000000083c00000, 0x0000000083d00000, 0x0000000083d00000|100%| O|  |TAMS 0x0000000083c00000| PB 0x0000000083c00000| Untracked 
|  61|0x0000000083d00000, 0x0000000083e00000, 0x0000000083e00000|100%| O|  |TAMS 0x0000000083d00000| PB 0x0000000083d00000| Untracked 
|  62|0x0000000083e00000, 0x0000000083e00000, 0x0000000083f00000|  0%| F|  |TAMS 0x0000000083e00000| PB 0x0000000083e00000| Untracked 
|  63|0x0000000083f00000, 0x0000000083f00000, 0x0000000084000000|  0%| F|  |TAMS 0x0000000083f00000| PB 0x0000000083f00000| Untracked 
|  64|0x0000000084000000, 0x0000000084100000, 0x0000000084100000|100%| O|  |TAMS 0x0000000084000000| PB 0x0000000084000000| Untracked 
|  65|0x0000000084100000, 0x0000000084100000, 0x0000000084200000|  0%| F|  |TAMS 0x0000000084100000| PB 0x0000000084100000| Untracked 
|  66|0x0000000084200000, 0x0000000084200000, 0x0000000084300000|  0%| F|  |TAMS 0x0000000084200000| PB 0x0000000084200000| Untracked 
|  67|0x0000000084300000, 0x0000000084400000, 0x0000000084400000|100%| O|  |TAMS 0x0000000084300000| PB 0x0000000084300000| Untracked 
|  68|0x0000000084400000, 0x0000000084400000, 0x0000000084500000|  0%| F|  |TAMS 0x0000000084400000| PB 0x0000000084400000| Untracked 
|  69|0x0000000084500000, 0x0000000084500000, 0x0000000084600000|  0%| F|  |TAMS 0x0000000084500000| PB 0x0000000084500000| Untracked 
|  70|0x0000000084600000, 0x0000000084700000, 0x0000000084700000|100%| O|  |TAMS 0x0000000084600000| PB 0x0000000084600000| Untracked 
|  71|0x0000000084700000, 0x0000000084800000, 0x0000000084800000|100%| O|  |TAMS 0x0000000084700000| PB 0x0000000084700000| Untracked 
|  72|0x0000000084800000, 0x00000000848e2238, 0x0000000084900000| 88%| O|  |TAMS 0x0000000084800000| PB 0x0000000084800000| Untracked 
|  73|0x0000000084900000, 0x0000000084900000, 0x0000000084a00000|  0%| F|  |TAMS 0x0000000084900000| PB 0x0000000084900000| Untracked 
|  74|0x0000000084a00000, 0x0000000084a00000, 0x0000000084b00000|  0%| F|  |TAMS 0x0000000084a00000| PB 0x0000000084a00000| Untracked 
|  75|0x0000000084b00000, 0x0000000084c00000, 0x0000000084c00000|100%| S|CS|TAMS 0x0000000084b00000| PB 0x0000000084b00000| Complete 
|  76|0x0000000084c00000, 0x0000000084c00000, 0x0000000084d00000|  0%| F|  |TAMS 0x0000000084c00000| PB 0x0000000084c00000| Untracked 
|  77|0x0000000084d00000, 0x0000000084d00000, 0x0000000084e00000|  0%| F|  |TAMS 0x0000000084d00000| PB 0x0000000084d00000| Untracked 
|  78|0x0000000084e00000, 0x0000000084f00000, 0x0000000084f00000|100%| S|CS|TAMS 0x0000000084e00000| PB 0x0000000084e00000| Complete 
|  79|0x0000000084f00000, 0x0000000084f00000, 0x0000000085000000|  0%| F|  |TAMS 0x0000000084f00000| PB 0x0000000084f00000| Untracked 
|  80|0x0000000085000000, 0x0000000085000000, 0x0000000085100000|  0%| F|  |TAMS 0x0000000085000000| PB 0x0000000085000000| Untracked 
|  81|0x0000000085100000, 0x0000000085100000, 0x0000000085200000|  0%| F|  |TAMS 0x0000000085100000| PB 0x0000000085100000| Untracked 
|  82|0x0000000085200000, 0x0000000085200000, 0x0000000085300000|  0%| F|  |TAMS 0x0000000085200000| PB 0x0000000085200000| Untracked 
|  83|0x0000000085300000, 0x0000000085300000, 0x0000000085400000|  0%| F|  |TAMS 0x0000000085300000| PB 0x0000000085300000| Untracked 
|  84|0x0000000085400000, 0x0000000085400000, 0x0000000085500000|  0%| F|  |TAMS 0x0000000085400000| PB 0x0000000085400000| Untracked 
|  85|0x0000000085500000, 0x0000000085500000, 0x0000000085600000|  0%| F|  |TAMS 0x0000000085500000| PB 0x0000000085500000| Untracked 
|  86|0x0000000085600000, 0x0000000085600000, 0x0000000085700000|  0%| F|  |TAMS 0x0000000085600000| PB 0x0000000085600000| Untracked 
|  87|0x0000000085700000, 0x0000000085700000, 0x0000000085800000|  0%| F|  |TAMS 0x0000000085700000| PB 0x0000000085700000| Untracked 
|  88|0x0000000085800000, 0x0000000085800000, 0x0000000085900000|  0%| F|  |TAMS 0x0000000085800000| PB 0x0000000085800000| Untracked 
|  89|0x0000000085900000, 0x0000000085900000, 0x0000000085a00000|  0%| F|  |TAMS 0x0000000085900000| PB 0x0000000085900000| Untracked 
|  90|0x0000000085a00000, 0x0000000085a00000, 0x0000000085b00000|  0%| F|  |TAMS 0x0000000085a00000| PB 0x0000000085a00000| Untracked 
|  91|0x0000000085b00000, 0x0000000085b00000, 0x0000000085c00000|  0%| F|  |TAMS 0x0000000085b00000| PB 0x0000000085b00000| Untracked 
|  92|0x0000000085c00000, 0x0000000085c00000, 0x0000000085d00000|  0%| F|  |TAMS 0x0000000085c00000| PB 0x0000000085c00000| Untracked 
|  93|0x0000000085d00000, 0x0000000085d00000, 0x0000000085e00000|  0%| F|  |TAMS 0x0000000085d00000| PB 0x0000000085d00000| Untracked 
|  94|0x0000000085e00000, 0x0000000085e00000, 0x0000000085f00000|  0%| F|  |TAMS 0x0000000085e00000| PB 0x0000000085e00000| Untracked 
|  95|0x0000000085f00000, 0x0000000085f00000, 0x0000000086000000|  0%| F|  |TAMS 0x0000000085f00000| PB 0x0000000085f00000| Untracked 
|  96|0x0000000086000000, 0x0000000086000000, 0x0000000086100000|  0%| F|  |TAMS 0x0000000086000000| PB 0x0000000086000000| Untracked 
|  97|0x0000000086100000, 0x0000000086100000, 0x0000000086200000|  0%| F|  |TAMS 0x0000000086100000| PB 0x0000000086100000| Untracked 
|  98|0x0000000086200000, 0x0000000086200000, 0x0000000086300000|  0%| F|  |TAMS 0x0000000086200000| PB 0x0000000086200000| Untracked 
|  99|0x0000000086300000, 0x0000000086300000, 0x0000000086400000|  0%| F|  |TAMS 0x0000000086300000| PB 0x0000000086300000| Untracked 
| 100|0x0000000086400000, 0x0000000086400000, 0x0000000086500000|  0%| F|  |TAMS 0x0000000086400000| PB 0x0000000086400000| Untracked 
| 101|0x0000000086500000, 0x0000000086500000, 0x0000000086600000|  0%| F|  |TAMS 0x0000000086500000| PB 0x0000000086500000| Untracked 
| 102|0x0000000086600000, 0x0000000086699ac0, 0x0000000086700000| 60%| E|  |TAMS 0x0000000086600000| PB 0x0000000086600000| Complete 
| 103|0x0000000086700000, 0x0000000086800000, 0x0000000086800000|100%| E|CS|TAMS 0x0000000086700000| PB 0x0000000086700000| Complete 
| 104|0x0000000086800000, 0x0000000086900000, 0x0000000086900000|100%| E|CS|TAMS 0x0000000086800000| PB 0x0000000086800000| Complete 
| 105|0x0000000086900000, 0x0000000086a00000, 0x0000000086a00000|100%| E|CS|TAMS 0x0000000086900000| PB 0x0000000086900000| Complete 
| 106|0x0000000086a00000, 0x0000000086b00000, 0x0000000086b00000|100%| E|CS|TAMS 0x0000000086a00000| PB 0x0000000086a00000| Complete 
| 107|0x0000000086b00000, 0x0000000086c00000, 0x0000000086c00000|100%| E|CS|TAMS 0x0000000086b00000| PB 0x0000000086b00000| Complete 
| 108|0x0000000086c00000, 0x0000000086d00000, 0x0000000086d00000|100%| E|CS|TAMS 0x0000000086c00000| PB 0x0000000086c00000| Complete 
| 109|0x0000000086d00000, 0x0000000086e00000, 0x0000000086e00000|100%| E|CS|TAMS 0x0000000086d00000| PB 0x0000000086d00000| Complete 
| 144|0x0000000089000000, 0x0000000089100000, 0x0000000089100000|100%| E|CS|TAMS 0x0000000089000000| PB 0x0000000089000000| Complete 
| 145|0x0000000089100000, 0x0000000089200000, 0x0000000089200000|100%| E|CS|TAMS 0x0000000089100000| PB 0x0000000089100000| Complete 
| 146|0x0000000089200000, 0x0000000089300000, 0x0000000089300000|100%| E|CS|TAMS 0x0000000089200000| PB 0x0000000089200000| Complete 
| 147|0x0000000089300000, 0x0000000089400000, 0x0000000089400000|100%| E|CS|TAMS 0x0000000089300000| PB 0x0000000089300000| Complete 
| 148|0x0000000089400000, 0x0000000089500000, 0x0000000089500000|100%| E|CS|TAMS 0x0000000089400000| PB 0x0000000089400000| Complete 
| 149|0x0000000089500000, 0x0000000089600000, 0x0000000089600000|100%| E|CS|TAMS 0x0000000089500000| PB 0x0000000089500000| Complete 
| 150|0x0000000089600000, 0x0000000089700000, 0x0000000089700000|100%| E|CS|TAMS 0x0000000089600000| PB 0x0000000089600000| Complete 
| 151|0x0000000089700000, 0x0000000089800000, 0x0000000089800000|100%| E|CS|TAMS 0x0000000089700000| PB 0x0000000089700000| Complete 
| 152|0x0000000089800000, 0x0000000089900000, 0x0000000089900000|100%| E|  |TAMS 0x0000000089800000| PB 0x0000000089800000| Complete 
| 189|0x000000008bd00000, 0x000000008be00000, 0x000000008be00000|100%| E|CS|TAMS 0x000000008bd00000| PB 0x000000008bd00000| Complete 
|2038|0x00000000ff600000, 0x00000000ff700000, 0x00000000ff700000|100%| E|CS|TAMS 0x00000000ff600000| PB 0x00000000ff600000| Complete 
|2039|0x00000000ff700000, 0x00000000ff800000, 0x00000000ff800000|100%| O|  |TAMS 0x00000000ff700000| PB 0x00000000ff700000| Untracked 
|2040|0x00000000ff800000, 0x00000000ff900000, 0x00000000ff900000|100%| O|  |TAMS 0x00000000ff800000| PB 0x00000000ff800000| Untracked 
|2041|0x00000000ff900000, 0x00000000ffa00000, 0x00000000ffa00000|100%| O|  |TAMS 0x00000000ff900000| PB 0x00000000ff900000| Untracked 
|2042|0x00000000ffa00000, 0x00000000ffb00000, 0x00000000ffb00000|100%| O|  |TAMS 0x00000000ffa00000| PB 0x00000000ffa00000| Untracked 
|2043|0x00000000ffb00000, 0x00000000ffc00000, 0x00000000ffc00000|100%| O|  |TAMS 0x00000000ffb00000| PB 0x00000000ffb00000| Untracked 
|2044|0x00000000ffc00000, 0x00000000ffd00000, 0x00000000ffd00000|100%| O|  |TAMS 0x00000000ffc00000| PB 0x00000000ffc00000| Untracked 
|2045|0x00000000ffd00000, 0x00000000ffe00000, 0x00000000ffe00000|100%| O|  |TAMS 0x00000000ffd00000| PB 0x00000000ffd00000| Untracked 
|2046|0x00000000ffe00000, 0x00000000fff00000, 0x00000000fff00000|100%| O|  |TAMS 0x00000000ffe00000| PB 0x00000000ffe00000| Untracked 
|2047|0x00000000fff00000, 0x0000000100000000, 0x0000000100000000|100%| O|  |TAMS 0x00000000fff00000| PB 0x00000000fff00000| Untracked 

Card table byte_map: [0x000001ccf1ce0000,0x000001ccf20e0000] _byte_map_base: 0x000001ccf18e0000

Marking Bits: (CMBitMap*) 0x000001ccdf4a6aa0
 Bits: [0x000001ccf20e0000, 0x000001ccf40e0000)

Polling page: 0x000001ccdd640000

Metaspace:

Usage:
  Non-class:     61.47 MB used.
      Class:     10.21 MB used.
       Both:     71.68 MB used.

Virtual space:
  Non-class space:       64.00 MB reserved,      62.44 MB ( 98%) committed,  1 nodes.
      Class space:        1.00 GB reserved,      11.06 MB (  1%) committed,  1 nodes.
             Both:        1.06 GB reserved,      73.50 MB (  7%) committed. 

Chunk freelists:
   Non-Class:  1.61 MB
       Class:  4.77 MB
        Both:  6.38 MB

MaxMetaspaceSize: unlimited
CompressedClassSpaceSize: 1.00 GB
Initial GC threshold: 21.00 MB
Current GC threshold: 122.31 MB
CDS: off
 - commit_granule_bytes: 65536.
 - commit_granule_words: 8192.
 - virtual_space_node_default_size: 8388608.
 - enlarge_chunks_in_place: 1.
 - use_allocation_guard: 0.


Internal statistics:

num_allocs_failed_limit: 9.
num_arena_births: 3610.
num_arena_deaths: 0.
num_vsnodes_births: 2.
num_vsnodes_deaths: 0.
num_space_committed: 1176.
num_space_uncommitted: 0.
num_chunks_returned_to_freelist: 9.
num_chunks_taken_from_freelist: 6772.
num_chunk_merges: 6.
num_chunk_splits: 4388.
num_chunks_enlarged: 2652.
num_inconsistent_stats: 0.

CodeHeap 'non-profiled nmethods': size=120000Kb used=4076Kb max_used=4154Kb free=115923Kb
 bounds [0x000001ccea080000, 0x000001ccea490000, 0x000001ccf15b0000]
CodeHeap 'profiled nmethods': size=120000Kb used=13643Kb max_used=13682Kb free=106356Kb
 bounds [0x000001cce25b0000, 0x000001cce3310000, 0x000001cce9ae0000]
CodeHeap 'non-nmethods': size=5760Kb used=2090Kb max_used=2124Kb free=3669Kb
 bounds [0x000001cce9ae0000, 0x000001cce9d50000, 0x000001ccea080000]
CodeCache: size=245760Kb, used=19809Kb, max_used=19960Kb, free=225948Kb
 total_blobs=8161, nmethods=7373, adapters=692, full_count=0
Compilation: enabled, stopped_count=0, restarted_count=0

Compilation events (20 events):
Event: 10.832 Thread 0x000001ccfb0bd7a0 nmethod 8581 0x000001cce2a72110 code [0x000001cce2a722e0, 0x000001cce2a727c8]
Event: 10.837 Thread 0x000001ccfb0bd7a0 8583   !   3       org.gradle.api.internal.artifacts.transform.TransformExecutionResultSerializer::readResultsFile (156 bytes)
Event: 10.841 Thread 0x000001ccfb0bd7a0 nmethod 8583 0x000001cce2bd8510 code [0x000001cce2bd89a0, 0x000001cce2bda880]
Event: 10.841 Thread 0x000001ccfb0bd7a0 8582       3       org.gradle.api.internal.artifacts.transform.TransformExecutionResultSerializer::<init> (5 bytes)
Event: 10.841 Thread 0x000001ccfb0bd7a0 nmethod 8582 0x000001cce2eac890 code [0x000001cce2eaca40, 0x000001cce2eacba8]
Event: 10.848 Thread 0x000001ccfb0bd7a0 8584       3       org.gradle.api.internal.artifacts.transform.AbstractTransformExecution::loadAlreadyProducedOutput (24 bytes)
Event: 10.849 Thread 0x000001ccfb0bd7a0 nmethod 8584 0x000001cce277e690 code [0x000001cce277e8a0, 0x000001cce277edd8]
Event: 10.849 Thread 0x000001ccfb0bd7a0 8585       3       java.nio.file.Files::newBufferedReader (31 bytes)
Event: 10.851 Thread 0x000001ccfb0bd7a0 nmethod 8585 0x000001cce27b6290 code [0x000001cce27b6580, 0x000001cce27b7710]
Event: 10.862 Thread 0x000001ccfb0bd7a0 8586   !   3       org.gradle.internal.Deferrable$3::completeAndGet (46 bytes)
Event: 10.863 Thread 0x000001ccfb0bd7a0 nmethod 8586 0x000001cce277dd90 code [0x000001cce277df40, 0x000001cce277e2d0]
Event: 10.876 Thread 0x000001ccfb0bd7a0 8588       3       sun.nio.fs.WindowsPath::getParent (74 bytes)
Event: 10.877 Thread 0x000001ccfb0bd7a0 nmethod 8588 0x000001cce25bf910 code [0x000001cce25bfba0, 0x000001cce25c0818]
Event: 10.880 Thread 0x000001ccfb0bd7a0 8589       3       org.gradle.api.internal.artifacts.transform.TransformExecutionResult$Builder$ProducedExecutionOutput::resolveForWorkspace (13 bytes)
Event: 10.881 Thread 0x000001ccfb0bd7a0 nmethod 8589 0x000001cce27b5510 code [0x000001cce27b5720, 0x000001cce27b5da8]
Event: 10.888 Thread 0x000001ccfb0bd7a0 8590       3       sun.nio.ch.FileLockTable::checkList (89 bytes)
Event: 10.890 Thread 0x000001ccfb0bd7a0 nmethod 8590 0x000001cce2969610 code [0x000001cce2969840, 0x000001cce296a040]
Event: 10.890 Thread 0x000001ccfb0bd7a0 8591   !   3       sun.nio.ch.FileChannelImpl::clone (57 bytes)
Event: 10.890 Thread 0x000001ccfb0bd7a0 nmethod 8591 0x000001cce2968d10 code [0x000001cce2968ee0, 0x000001cce2969238]
Event: 10.893 Thread 0x000001ccfb0bd7a0 8592       3       org.gradle.internal.logging.progress.DefaultProgressLoggerFactory$ProgressLoggerImpl::assertRunning (63 bytes)

GC Heap History (20 events):
Event: 5.570 GC heap before
{Heap before GC invocations=11 (full 0):
 garbage-first heap   total 99328K, used 85219K [0x0000000080000000, 0x0000000100000000)
  region size 1024K, 31 young (31744K), 2 survivors (2048K)
 Metaspace       used 47323K, committed 48704K, reserved 1114112K
  class space    used 6686K, committed 7360K, reserved 1048576K
}
Event: 5.574 GC heap after
{Heap after GC invocations=12 (full 0):
 garbage-first heap   total 99328K, used 57383K [0x0000000080000000, 0x0000000100000000)
  region size 1024K, 4 young (4096K), 4 survivors (4096K)
 Metaspace       used 47323K, committed 48704K, reserved 1114112K
  class space    used 6686K, committed 7360K, reserved 1048576K
}
Event: 6.206 GC heap before
{Heap before GC invocations=13 (full 0):
 garbage-first heap   total 99328K, used 86055K [0x0000000080000000, 0x0000000100000000)
  region size 1024K, 33 young (33792K), 4 survivors (4096K)
 Metaspace       used 51841K, committed 53248K, reserved 1114112K
  class space    used 7202K, committed 7872K, reserved 1048576K
}
Event: 6.211 GC heap after
{Heap after GC invocations=14 (full 0):
 garbage-first heap   total 99328K, used 60483K [0x0000000080000000, 0x0000000100000000)
  region size 1024K, 5 young (5120K), 5 survivors (5120K)
 Metaspace       used 51841K, committed 53248K, reserved 1114112K
  class space    used 7202K, committed 7872K, reserved 1048576K
}
Event: 6.682 GC heap before
{Heap before GC invocations=14 (full 0):
 garbage-first heap   total 99328K, used 87107K [0x0000000080000000, 0x0000000100000000)
  region size 1024K, 31 young (31744K), 5 survivors (5120K)
 Metaspace       used 55062K, committed 56576K, reserved 1114112K
  class space    used 7745K, committed 8448K, reserved 1048576K
}
Event: 6.688 GC heap after
{Heap after GC invocations=15 (full 0):
 garbage-first heap   total 99328K, used 61876K [0x0000000080000000, 0x0000000100000000)
  region size 1024K, 2 young (2048K), 2 survivors (2048K)
 Metaspace       used 55062K, committed 56576K, reserved 1114112K
  class space    used 7745K, committed 8448K, reserved 1048576K
}
Event: 7.149 GC heap before
{Heap before GC invocations=15 (full 0):
 garbage-first heap   total 99328K, used 81332K [0x0000000080000000, 0x0000000100000000)
  region size 1024K, 22 young (22528K), 2 survivors (2048K)
 Metaspace       used 57030K, committed 58560K, reserved 1114112K
  class space    used 8088K, committed 8832K, reserved 1048576K
}
Event: 7.152 GC heap after
{Heap after GC invocations=16 (full 0):
 garbage-first heap   total 99328K, used 63197K [0x0000000080000000, 0x0000000100000000)
  region size 1024K, 3 young (3072K), 3 survivors (3072K)
 Metaspace       used 57030K, committed 58560K, reserved 1114112K
  class space    used 8088K, committed 8832K, reserved 1048576K
}
Event: 7.644 GC heap before
{Heap before GC invocations=17 (full 0):
 garbage-first heap   total 109568K, used 91869K [0x0000000080000000, 0x0000000100000000)
  region size 1024K, 30 young (30720K), 3 survivors (3072K)
 Metaspace       used 57639K, committed 59264K, reserved 1114112K
  class space    used 8157K, committed 8960K, reserved 1048576K
}
Event: 7.648 GC heap after
{Heap after GC invocations=18 (full 0):
 garbage-first heap   total 132096K, used 68660K [0x0000000080000000, 0x0000000100000000)
  region size 1024K, 4 young (4096K), 4 survivors (4096K)
 Metaspace       used 57639K, committed 59264K, reserved 1114112K
  class space    used 8157K, committed 8960K, reserved 1048576K
}
Event: 8.052 GC heap before
{Heap before GC invocations=18 (full 0):
 garbage-first heap   total 132096K, used 114740K [0x0000000080000000, 0x0000000100000000)
  region size 1024K, 49 young (50176K), 4 survivors (4096K)
 Metaspace       used 59205K, committed 60928K, reserved 1114112K
  class space    used 8374K, committed 9216K, reserved 1048576K
}
Event: 8.056 GC heap after
{Heap after GC invocations=19 (full 0):
 garbage-first heap   total 132096K, used 69949K [0x0000000080000000, 0x0000000100000000)
  region size 1024K, 5 young (5120K), 5 survivors (5120K)
 Metaspace       used 59205K, committed 60928K, reserved 1114112K
  class space    used 8374K, committed 9216K, reserved 1048576K
}
Event: 9.068 GC heap before
{Heap before GC invocations=19 (full 0):
 garbage-first heap   total 132096K, used 117053K [0x0000000080000000, 0x0000000100000000)
  region size 1024K, 51 young (52224K), 5 survivors (5120K)
 Metaspace       used 64869K, committed 66624K, reserved 1114112K
  class space    used 9200K, committed 10048K, reserved 1048576K
}
Event: 9.074 GC heap after
{Heap after GC invocations=20 (full 0):
 garbage-first heap   total 132096K, used 71828K [0x0000000080000000, 0x0000000100000000)
  region size 1024K, 4 young (4096K), 4 survivors (4096K)
 Metaspace       used 64869K, committed 66624K, reserved 1114112K
  class space    used 9200K, committed 10048K, reserved 1048576K
}
Event: 9.639 GC heap before
{Heap before GC invocations=21 (full 0):
 garbage-first heap   total 132096K, used 118932K [0x0000000080000000, 0x0000000100000000)
  region size 1024K, 50 young (51200K), 4 survivors (4096K)
 Metaspace       used 70701K, committed 72512K, reserved 1114112K
  class space    used 10123K, committed 11008K, reserved 1048576K
}
Event: 9.643 GC heap after
{Heap after GC invocations=22 (full 0):
 garbage-first heap   total 132096K, used 74234K [0x0000000080000000, 0x0000000100000000)
  region size 1024K, 6 young (6144K), 6 survivors (6144K)
 Metaspace       used 70701K, committed 72512K, reserved 1114112K
  class space    used 10123K, committed 11008K, reserved 1048576K
}
Event: 10.348 GC heap before
{Heap before GC invocations=22 (full 0):
 garbage-first heap   total 132096K, used 119290K [0x0000000080000000, 0x0000000100000000)
  region size 1024K, 51 young (52224K), 6 survivors (6144K)
 Metaspace       used 73023K, committed 74880K, reserved 1114112K
  class space    used 10451K, committed 11328K, reserved 1048576K
}
Event: 10.356 GC heap after
{Heap after GC invocations=23 (full 0):
 garbage-first heap   total 132096K, used 77817K [0x0000000080000000, 0x0000000100000000)
  region size 1024K, 7 young (7168K), 7 survivors (7168K)
 Metaspace       used 73023K, committed 74880K, reserved 1114112K
  class space    used 10451K, committed 11328K, reserved 1048576K
}
Event: 10.609 GC heap before
{Heap before GC invocations=23 (full 0):
 garbage-first heap   total 132096K, used 119801K [0x0000000080000000, 0x0000000100000000)
  region size 1024K, 49 young (50176K), 7 survivors (7168K)
 Metaspace       used 73255K, committed 75136K, reserved 1114112K
  class space    used 10452K, committed 11328K, reserved 1048576K
}
Event: 10.614 GC heap after
{Heap after GC invocations=24 (full 0):
 garbage-first heap   total 132096K, used 79412K [0x0000000080000000, 0x0000000100000000)
  region size 1024K, 2 young (2048K), 2 survivors (2048K)
 Metaspace       used 73255K, committed 75136K, reserved 1114112K
  class space    used 10452K, committed 11328K, reserved 1048576K
}

Dll operation events (3 events):
Event: 0.010 Loaded shared library C:\Program Files\Android\Android Studio\jbr\bin\java.dll
Event: 0.016 Loaded shared library C:\Program Files\Android\Android Studio\jbr\bin\zip.dll
Event: 0.655 Loaded shared library C:\Program Files\Android\Android Studio\jbr\bin\verify.dll

Deoptimization events (20 events):
Event: 10.307 Thread 0x000001ccfdcb5e20 Uncommon trap: trap_request=0xffffff45 fr.pc=0x000001ccea2a4ee8 relative=0x0000000000000708
Event: 10.307 Thread 0x000001ccfdcb5e20 Uncommon trap: reason=unstable_if action=reinterpret pc=0x000001ccea2a4ee8 method=org.gradle.internal.snapshot.VfsRelativePath.isPrefix(Ljava/lang/String;ILjava/lang/String;ILorg/gradle/internal/snapshot/CaseSensitivity;)Z @ 101 c2
Event: 10.307 Thread 0x000001ccfdcb5e20 DEOPT PACKING pc=0x000001ccea2a4ee8 sp=0x000000763b9f2670
Event: 10.307 Thread 0x000001ccfdcb5e20 DEOPT UNPACKING pc=0x000001cce9b37aa2 sp=0x000000763b9f2590 mode 2
Event: 10.307 Thread 0x000001ccfdcb5e20 Uncommon trap: trap_request=0xffffff45 fr.pc=0x000001ccea1eea5c relative=0x00000000000007fc
Event: 10.307 Thread 0x000001ccfdcb5e20 Uncommon trap: reason=unstable_if action=reinterpret pc=0x000001ccea1eea5c method=org.gradle.internal.snapshot.VfsRelativePath.isPrefix(Ljava/lang/String;ILjava/lang/String;ILorg/gradle/internal/snapshot/CaseSensitivity;)Z @ 101 c2
Event: 10.307 Thread 0x000001ccfdcb5e20 DEOPT PACKING pc=0x000001ccea1eea5c sp=0x000000763b9f2560
Event: 10.307 Thread 0x000001ccfdcb5e20 DEOPT UNPACKING pc=0x000001cce9b37aa2 sp=0x000000763b9f2510 mode 2
Event: 10.307 Thread 0x000001ccfdcb5e20 Uncommon trap: trap_request=0xffffff45 fr.pc=0x000001ccea465d14 relative=0x0000000000000274
Event: 10.307 Thread 0x000001ccfdcb5e20 Uncommon trap: reason=unstable_if action=reinterpret pc=0x000001ccea465d14 method=org.gradle.internal.snapshot.VfsRelativePath.compareToFirstSegment(Ljava/lang/String;Lorg/gradle/internal/snapshot/CaseSensitivity;)I @ 175 c2
Event: 10.307 Thread 0x000001ccfdcb5e20 DEOPT PACKING pc=0x000001ccea465d14 sp=0x000000763b9f17b0
Event: 10.307 Thread 0x000001ccfdcb5e20 DEOPT UNPACKING pc=0x000001cce9b37aa2 sp=0x000000763b9f1738 mode 2
Event: 10.413 Thread 0x000001cc80395bc0 DEOPT PACKING pc=0x000001cce2e5b763 sp=0x000000763f0fb470
Event: 10.413 Thread 0x000001ccfdcb5e20 DEOPT PACKING pc=0x000001cce2e5b763 sp=0x000000763b9f2340
Event: 10.413 Thread 0x000001cc80395bc0 DEOPT UNPACKING pc=0x000001cce9b385e2 sp=0x000000763f0fa8f8 mode 3
Event: 10.413 Thread 0x000001ccfdcb5e20 DEOPT UNPACKING pc=0x000001cce9b385e2 sp=0x000000763b9f17c8 mode 3
Event: 10.558 Thread 0x000001cc80390670 Uncommon trap: trap_request=0xffffff45 fr.pc=0x000001ccea3e6f94 relative=0x0000000000001154
Event: 10.558 Thread 0x000001cc80390670 Uncommon trap: reason=unstable_if action=reinterpret pc=0x000001ccea3e6f94 method=java.util.concurrent.ConcurrentHashMap.addCount(JI)V @ 260 c2
Event: 10.558 Thread 0x000001cc80390670 DEOPT PACKING pc=0x000001ccea3e6f94 sp=0x000000763ecfe0e0
Event: 10.558 Thread 0x000001cc80390670 DEOPT UNPACKING pc=0x000001cce9b37aa2 sp=0x000000763ecfdfb0 mode 2

Classes loaded (20 events):
Event: 9.624 Loading class java/util/IdentityHashMap$EntryIterator$Entry
Event: 9.624 Loading class java/util/IdentityHashMap$EntryIterator$Entry done
Event: 9.676 Loading class java/lang/invoke/SerializedLambda$1
Event: 9.677 Loading class java/lang/invoke/SerializedLambda$1 done
Event: 9.694 Loading class org/xml/sax/SAXParseException
Event: 9.694 Loading class org/xml/sax/SAXParseException done
Event: 9.694 Loading class org/xml/sax/Attributes
Event: 9.695 Loading class org/xml/sax/Attributes done
Event: 9.695 Loading class org/xml/sax/Locator
Event: 9.695 Loading class org/xml/sax/Locator done
Event: 9.757 Loading class java/util/function/LongUnaryOperator
Event: 9.757 Loading class java/util/function/LongUnaryOperator done
Event: 9.766 Loading class java/util/TreeMap$KeySpliterator
Event: 9.766 Loading class java/util/TreeMap$TreeMapSpliterator
Event: 9.766 Loading class java/util/TreeMap$TreeMapSpliterator done
Event: 9.766 Loading class java/util/TreeMap$KeySpliterator done
Event: 10.233 Loading class java/util/LinkedList$LLSpliterator
Event: 10.233 Loading class java/util/LinkedList$LLSpliterator done
Event: 10.402 Loading class java/util/concurrent/atomic/Striped64$Cell
Event: 10.402 Loading class java/util/concurrent/atomic/Striped64$Cell done

Classes unloaded (0 events):
No events

Classes redefined (0 events):
No events

Internal exceptions (20 events):
Event: 10.836 Thread 0x000001ccfdcb5e20 Exception <a 'sun/nio/fs/WindowsException'{0x00000000862e22b0}> (0x00000000862e22b0) 
thrown [s\src\hotspot\share\prims\jni.cpp, line 537]
Event: 10.840 Thread 0x000001cc80391a20 Exception <a 'sun/nio/fs/WindowsException'{0x0000000085f4d9d8}> (0x0000000085f4d9d8) 
thrown [s\src\hotspot\share\prims\jni.cpp, line 537]
Event: 10.841 Thread 0x000001cc80396250 Exception <a 'sun/nio/fs/WindowsException'{0x0000000085fbbd40}> (0x0000000085fbbd40) 
thrown [s\src\hotspot\share\prims\jni.cpp, line 537]
Event: 10.844 Thread 0x000001cc80401880 Exception <a 'sun/nio/fs/WindowsException'{0x0000000085e21350}> (0x0000000085e21350) 
thrown [s\src\hotspot\share\prims\jni.cpp, line 537]
Event: 10.846 Thread 0x000001cc80403fe0 Exception <a 'sun/nio/fs/WindowsException'{0x0000000085ea9ed0}> (0x0000000085ea9ed0) 
thrown [s\src\hotspot\share\prims\jni.cpp, line 537]
Event: 10.855 Thread 0x000001cc80391a20 Exception <a 'sun/nio/fs/WindowsException'{0x0000000085d49278}> (0x0000000085d49278) 
thrown [s\src\hotspot\share\prims\jni.cpp, line 537]
Event: 10.858 Thread 0x000001cc804032c0 Exception <a 'sun/nio/fs/WindowsException'{0x0000000085ddc430}> (0x0000000085ddc430) 
thrown [s\src\hotspot\share\prims\jni.cpp, line 537]
Event: 10.862 Thread 0x000001cc804011f0 Exception <a 'sun/nio/fs/WindowsException'{0x0000000085c56dc8}> (0x0000000085c56dc8) 
thrown [s\src\hotspot\share\prims\jni.cpp, line 537]
Event: 10.865 Thread 0x000001cc80400b60 Exception <a 'sun/nio/fs/WindowsException'{0x0000000085ccb9d0}> (0x0000000085ccb9d0) 
thrown [s\src\hotspot\share\prims\jni.cpp, line 537]
Event: 10.874 Thread 0x000001cc80396250 Exception <a 'sun/nio/fs/WindowsException'{0x0000000085a74c28}> (0x0000000085a74c28) 
thrown [s\src\hotspot\share\prims\jni.cpp, line 537]
Event: 10.874 Thread 0x000001cc80401880 Exception <a 'sun/nio/fs/WindowsException'{0x0000000085a786e0}> (0x0000000085a786e0) 
thrown [s\src\hotspot\share\prims\jni.cpp, line 537]
Event: 10.877 Thread 0x000001cc80403fe0 Exception <a 'sun/nio/fs/WindowsException'{0x0000000085912fa0}> (0x0000000085912fa0) 
thrown [s\src\hotspot\share\prims\jni.cpp, line 537]
Event: 10.878 Thread 0x000001cc804011f0 Exception <a 'sun/nio/fs/WindowsException'{0x00000000859d7758}> (0x00000000859d7758) 
thrown [s\src\hotspot\share\prims\jni.cpp, line 537]
Event: 10.879 Thread 0x000001cc80400b60 Exception <a 'sun/nio/fs/WindowsException'{0x00000000859cde18}> (0x00000000859cde18) 
thrown [s\src\hotspot\share\prims\jni.cpp, line 537]
Event: 10.882 Thread 0x000001ccfdcb5e20 Exception <a 'sun/nio/fs/WindowsException'{0x0000000085b74778}> (0x0000000085b74778) 
thrown [s\src\hotspot\share\prims\jni.cpp, line 537]
Event: 10.885 Thread 0x000001cc80396250 Exception <a 'sun/nio/fs/WindowsException'{0x00000000858ee160}> (0x00000000858ee160) 
thrown [s\src\hotspot\share\prims\jni.cpp, line 537]
Event: 10.886 Thread 0x000001cc804032c0 Exception <a 'sun/nio/fs/WindowsException'{0x00000000857701f0}> (0x00000000857701f0) 
thrown [s\src\hotspot\share\prims\jni.cpp, line 537]
Event: 10.886 Thread 0x000001cc80401880 Exception <a 'sun/nio/fs/WindowsException'{0x00000000857c0a30}> (0x00000000857c0a30) 
thrown [s\src\hotspot\share\prims\jni.cpp, line 537]
Event: 10.887 Thread 0x000001cc80403fe0 Exception <a 'sun/nio/fs/WindowsException'{0x0000000085619590}> (0x0000000085619590) 
thrown [s\src\hotspot\share\prims\jni.cpp, line 537]
Event: 10.887 Thread 0x000001cc80391a20 Exception <a 'sun/nio/fs/WindowsException'{0x0000000085736668}> (0x0000000085736668) 
thrown [s\src\hotspot\share\prims\jni.cpp, line 537]

ZGC Phase Switch (0 events):
No events

VM Operations (20 events):
Event: 9.414 Executing VM operation: ICBufferFull
Event: 9.414 Executing VM operation: ICBufferFull done
Event: 9.555 Executing VM operation: HandshakeAllThreads (Deoptimize)
Event: 9.555 Executing VM operation: HandshakeAllThreads (Deoptimize) done
Event: 9.638 Executing VM operation: G1CollectForAllocation (G1 Evacuation Pause)
Event: 9.643 Executing VM operation: G1CollectForAllocation (G1 Evacuation Pause) done
Event: 9.880 Executing VM operation: HandshakeAllThreads (Deoptimize)
Event: 9.880 Executing VM operation: HandshakeAllThreads (Deoptimize) done
Event: 9.932 Executing VM operation: ICBufferFull
Event: 9.932 Executing VM operation: ICBufferFull done
Event: 10.156 Executing VM operation: ICBufferFull
Event: 10.156 Executing VM operation: ICBufferFull done
Event: 10.348 Executing VM operation: G1CollectForAllocation (G1 Evacuation Pause)
Event: 10.356 Executing VM operation: G1CollectForAllocation (G1 Evacuation Pause) done
Event: 10.608 Executing VM operation: G1CollectForAllocation (G1 Evacuation Pause)
Event: 10.614 Executing VM operation: G1CollectForAllocation (G1 Evacuation Pause) done
Event: 10.669 Executing VM operation: G1PauseRemark
Event: 10.674 Executing VM operation: G1PauseRemark done
Event: 10.698 Executing VM operation: G1PauseCleanup
Event: 10.698 Executing VM operation: G1PauseCleanup done

Memory protections (0 events):
No events

Nmethod flushes (20 events):
Event: 10.673 Thread 0x000001ccdd0cd340 flushing  nmethod 0x000001ccea2d9890
Event: 10.673 Thread 0x000001ccdd0cd340 flushing  nmethod 0x000001ccea36cb10
Event: 10.673 Thread 0x000001ccdd0cd340 flushing  nmethod 0x000001ccea36d290
Event: 10.673 Thread 0x000001ccdd0cd340 flushing  nmethod 0x000001ccea36d690
Event: 10.673 Thread 0x000001ccdd0cd340 flushing  nmethod 0x000001cce25bf910
Event: 10.673 Thread 0x000001ccdd0cd340 flushing  nmethod 0x000001cce2674d90
Event: 10.673 Thread 0x000001ccdd0cd340 flushing  nmethod 0x000001cce26a7210
Event: 10.673 Thread 0x000001ccdd0cd340 flushing  nmethod 0x000001cce27ace10
Event: 10.673 Thread 0x000001ccdd0cd340 flushing  nmethod 0x000001cce27aec90
Event: 10.673 Thread 0x000001ccdd0cd340 flushing  nmethod 0x000001cce2808f90
Event: 10.673 Thread 0x000001ccdd0cd340 flushing  nmethod 0x000001cce29a3210
Event: 10.673 Thread 0x000001ccdd0cd340 flushing  nmethod 0x000001cce29f0290
Event: 10.673 Thread 0x000001ccdd0cd340 flushing  nmethod 0x000001cce2a71c10
Event: 10.673 Thread 0x000001ccdd0cd340 flushing  nmethod 0x000001cce2ab8a10
Event: 10.673 Thread 0x000001ccdd0cd340 flushing  nmethod 0x000001cce2b82310
Event: 10.673 Thread 0x000001ccdd0cd340 flushing  nmethod 0x000001cce2d1e510
Event: 10.673 Thread 0x000001ccdd0cd340 flushing  nmethod 0x000001cce2d77c10
Event: 10.673 Thread 0x000001ccdd0cd340 flushing  nmethod 0x000001cce2d87f10
Event: 10.673 Thread 0x000001ccdd0cd340 flushing  nmethod 0x000001cce2e39f90
Event: 10.673 Thread 0x000001ccdd0cd340 flushing  nmethod 0x000001cce2e3fd90

Events (20 events):
Event: 10.250 Thread 0x000001ccfdcb5e20 Thread added: 0x000001cc80393460
Event: 10.251 Thread 0x000001ccfdcb5e20 Thread added: 0x000001cc80390d00
Event: 10.251 Thread 0x000001ccfdcb5e20 Thread added: 0x000001cc80391390
Event: 10.251 Thread 0x000001ccfdcb5e20 Thread added: 0x000001cc8038ffe0
Event: 10.251 Thread 0x000001ccfdcb5e20 Thread added: 0x000001cc80393af0
Event: 10.294 Thread 0x000001ccfdcb5e20 Thread added: 0x000001cc80390670
Event: 10.295 Thread 0x000001ccfdcb5e20 Thread added: 0x000001cc80395530
Event: 10.297 Thread 0x000001ccfdcb5e20 Thread added: 0x000001cc80394810
Event: 10.298 Thread 0x000001ccfdcb5e20 Thread added: 0x000001cc80394ea0
Event: 10.300 Thread 0x000001ccfdcb5e20 Thread added: 0x000001cc80395bc0
Event: 10.302 Thread 0x000001ccfdcb5e20 Thread added: 0x000001cc80394180
Event: 10.304 Thread 0x000001ccfdcb5e20 Thread added: 0x000001cc803968e0
Event: 10.566 Thread 0x000001ccfb0bd7a0 Thread added: 0x000001ccfb6b7230
Event: 10.567 Thread 0x000001ccfdcb5e20 Thread added: 0x000001cc80391a20
Event: 10.568 Thread 0x000001ccfdcb5e20 Thread added: 0x000001cc80396250
Event: 10.568 Thread 0x000001ccfdcb5e20 Thread added: 0x000001cc80400b60
Event: 10.570 Thread 0x000001ccfdcb5e20 Thread added: 0x000001cc80401880
Event: 10.571 Thread 0x000001ccfdcb5e20 Thread added: 0x000001cc80403fe0
Event: 10.572 Thread 0x000001ccfdcb5e20 Thread added: 0x000001cc804011f0
Event: 10.573 Thread 0x000001ccfdcb5e20 Thread added: 0x000001cc804032c0


Dynamic libraries:
0x00007ff68a2e0000 - 0x00007ff68a2ea000 	C:\Program Files\Android\Android Studio\jbr\bin\java.exe
0x00007ff8ae940000 - 0x00007ff8aeba7000 	C:\WINDOWS\SYSTEM32\ntdll.dll
0x00007ff8ad510000 - 0x00007ff8ad5d9000 	C:\WINDOWS\System32\KERNEL32.DLL
0x00007ff8ab390000 - 0x00007ff8ab781000 	C:\WINDOWS\System32\KERNELBASE.dll
0x00007ff8ac3e0000 - 0x00007ff8ac52b000 	C:\WINDOWS\System32\ucrtbase.dll
0x00007ff837d00000 - 0x00007ff837d1b000 	C:\Program Files\Android\Android Studio\jbr\bin\VCRUNTIME140.dll
0x00007ff898500000 - 0x00007ff898518000 	C:\Program Files\Android\Android Studio\jbr\bin\jli.dll
0x00007ff8acd80000 - 0x00007ff8acf45000 	C:\WINDOWS\System32\USER32.dll
0x00007ff8aa320000 - 0x00007ff8aa5b3000 	C:\WINDOWS\WinSxS\amd64_microsoft.windows.common-controls_6595b64144ccf1df_6.0.26100.8037_none_3e092faae333b53b\COMCTL32.dll
0x00007ff8ac6b0000 - 0x00007ff8ac6d7000 	C:\WINDOWS\System32\win32u.dll
0x00007ff8ade40000 - 0x00007ff8adee9000 	C:\WINDOWS\System32\msvcrt.dll
0x00007ff8acf50000 - 0x00007ff8acf7b000 	C:\WINDOWS\System32\GDI32.dll
0x00007ff8ab790000 - 0x00007ff8ab8bb000 	C:\WINDOWS\System32\gdi32full.dll
0x00007ff8ac130000 - 0x00007ff8ac1d3000 	C:\WINDOWS\System32\msvcp_win.dll
0x00007ff8ada80000 - 0x00007ff8adab1000 	C:\WINDOWS\System32\IMM32.DLL
0x00007ff870120000 - 0x00007ff87012c000 	C:\Program Files\Android\Android Studio\jbr\bin\vcruntime140_1.dll
0x00007ff87a330000 - 0x00007ff87a3bd000 	C:\Program Files\Android\Android Studio\jbr\bin\msvcp140.dll
0x00007ff837d20000 - 0x00007ff8389b6000 	C:\Program Files\Android\Android Studio\jbr\bin\server\jvm.dll
0x00007ff8adc20000 - 0x00007ff8adcdb000 	C:\WINDOWS\System32\ADVAPI32.dll
0x00007ff8adef0000 - 0x00007ff8adf97000 	C:\WINDOWS\System32\sechost.dll
0x00007ff8ad310000 - 0x00007ff8ad428000 	C:\WINDOWS\System32\RPCRT4.dll
0x00007ff8acd00000 - 0x00007ff8acd74000 	C:\WINDOWS\System32\WS2_32.dll
0x00007ff8ab080000 - 0x00007ff8ab0de000 	C:\WINDOWS\SYSTEM32\POWRPROF.dll
0x00007ff8981c0000 - 0x00007ff8981f5000 	C:\WINDOWS\SYSTEM32\WINMM.dll
0x00007ff8a2720000 - 0x00007ff8a272b000 	C:\WINDOWS\SYSTEM32\VERSION.dll
0x00007ff8ab060000 - 0x00007ff8ab074000 	C:\WINDOWS\SYSTEM32\UMPDC.dll
0x00007ff8a96f0000 - 0x00007ff8a970b000 	C:\WINDOWS\SYSTEM32\kernel.appcore.dll
0x00007ff86c920000 - 0x00007ff86c92a000 	C:\Program Files\Android\Android Studio\jbr\bin\jimage.dll
0x00007ff8aa9f0000 - 0x00007ff8aac32000 	C:\WINDOWS\SYSTEM32\DBGHELP.DLL
0x00007ff8acf80000 - 0x00007ff8ad302000 	C:\WINDOWS\System32\combase.dll
0x00007ff8adad0000 - 0x00007ff8adba7000 	C:\WINDOWS\System32\OLEAUT32.dll
0x00007ff8aa8c0000 - 0x00007ff8aa8fb000 	C:\WINDOWS\SYSTEM32\dbgcore.DLL
0x00007ff8ab2e0000 - 0x00007ff8ab385000 	C:\WINDOWS\System32\bcryptPrimitives.dll
0x00007ff8984f0000 - 0x00007ff8984fe000 	C:\Program Files\Android\Android Studio\jbr\bin\instrument.dll
0x00007ff837ce0000 - 0x00007ff837d00000 	C:\Program Files\Android\Android Studio\jbr\bin\java.dll
0x00007ff837cc0000 - 0x00007ff837cd8000 	C:\Program Files\Android\Android Studio\jbr\bin\zip.dll
0x00007ff8ae190000 - 0x00007ff8ae8ef000 	C:\WINDOWS\System32\SHELL32.dll
0x00007ff8ac270000 - 0x00007ff8ac3da000 	C:\WINDOWS\System32\wintypes.dll
0x00007ff8ab8c0000 - 0x00007ff8ac124000 	C:\WINDOWS\System32\windows.storage.dll
0x00007ff8ae090000 - 0x00007ff8ae187000 	C:\WINDOWS\System32\SHCORE.dll
0x00007ff8ad5e0000 - 0x00007ff8ad647000 	C:\WINDOWS\System32\shlwapi.dll
0x00007ff8ab140000 - 0x00007ff8ab169000 	C:\WINDOWS\SYSTEM32\profapi.dll
0x00007ff8411f0000 - 0x00007ff841200000 	C:\Program Files\Android\Android Studio\jbr\bin\net.dll
0x00007ff8a3000000 - 0x00007ff8a3127000 	C:\WINDOWS\SYSTEM32\WINHTTP.dll
0x00007ff8a9dc0000 - 0x00007ff8a9e2b000 	C:\WINDOWS\system32\mswsock.dll
0x00007ff837ca0000 - 0x00007ff837cb6000 	C:\Program Files\Android\Android Studio\jbr\bin\nio.dll
0x00007ff83eb60000 - 0x00007ff83eb70000 	C:\Program Files\Android\Android Studio\jbr\bin\verify.dll
0x00007ff87a3c0000 - 0x00007ff87a3e7000 	C:\Users\ibtis\.gradle\native\660c5614fbf4a5f2a75b1949f50a0caf5cd603558e7d8a26e50b933a0cfb79d1\windows-amd64\native-platform.dll
0x00007ff87a2b0000 - 0x00007ff87a327000 	C:\Users\ibtis\.gradle\native\0.2.8\x86_64-windows-gnu\gradle-fileevents.dll
0x00007ff837700000 - 0x00007ff837709000 	C:\Program Files\Android\Android Studio\jbr\bin\management.dll
0x00007ff8376f0000 - 0x00007ff8376fb000 	C:\Program Files\Android\Android Studio\jbr\bin\management_ext.dll
0x00007ff8adc10000 - 0x00007ff8adc18000 	C:\WINDOWS\System32\PSAPI.DLL
0x00007ff8a90d0000 - 0x00007ff8a9103000 	C:\WINDOWS\SYSTEM32\IPHLPAPI.DLL
0x00007ff8adac0000 - 0x00007ff8adaca000 	C:\WINDOWS\System32\NSI.dll
0x00007ff83ab70000 - 0x00007ff83ab79000 	C:\Program Files\Android\Android Studio\jbr\bin\extnet.dll
0x00007ff8aad40000 - 0x00007ff8aad5b000 	C:\WINDOWS\SYSTEM32\CRYPTSP.dll
0x00007ff8a9650000 - 0x00007ff8a9689000 	C:\WINDOWS\system32\rsaenh.dll
0x00007ff8a9e70000 - 0x00007ff8a9ea2000 	C:\WINDOWS\SYSTEM32\USERENV.dll
0x00007ff8ab110000 - 0x00007ff8ab13a000 	C:\WINDOWS\SYSTEM32\bcrypt.dll
0x00007ff8aa0a0000 - 0x00007ff8aa0ac000 	C:\WINDOWS\SYSTEM32\CRYPTBASE.dll
0x00007ff87d1c0000 - 0x00007ff87d1c8000 	C:\WINDOWS\system32\wshunix.dll

JVMTI agents:
C:\Users\ibtis\.gradle\wrapper\dists\gradle-9.3.1-bin\23ovyewtku6u96viwx3xl3oks\gradle-9.3.1\lib\agents\gradle-instrumentation-agent-9.3.1.jar path:C:\Program Files\Android\Android Studio\jbr\bin\instrument.dll, loaded, initialized, instrumentlib options:none

dbghelp: loaded successfully - version: 4.0.5 - missing functions: none
symbol engine: initialized successfully - sym options: 0x614 - pdb path: .;C:\Program Files\Android\Android Studio\jbr\bin;C:\WINDOWS\SYSTEM32;C:\WINDOWS\WinSxS\amd64_microsoft.windows.common-controls_6595b64144ccf1df_6.0.26100.8037_none_3e092faae333b53b;C:\Program Files\Android\Android Studio\jbr\bin\server;C:\Users\ibtis\.gradle\native\660c5614fbf4a5f2a75b1949f50a0caf5cd603558e7d8a26e50b933a0cfb79d1\windows-amd64;C:\Users\ibtis\.gradle\native\0.2.8\x86_64-windows-gnu

VM Arguments:
jvm_args: --add-opens=java.base/java.lang=ALL-UNNAMED --add-opens=java.base/java.lang.invoke=ALL-UNNAMED --add-opens=java.base/java.util=ALL-UNNAMED --add-opens=java.prefs/java.util.prefs=ALL-UNNAMED --add-exports=jdk.compiler/com.sun.tools.javac.api=ALL-UNNAMED --add-exports=jdk.compiler/com.sun.tools.javac.util=ALL-UNNAMED --add-opens=java.base/java.util=ALL-UNNAMED --add-opens=java.prefs/java.util.prefs=ALL-UNNAMED --add-opens=java.base/java.nio.charset=ALL-UNNAMED --add-opens=java.base/java.net=ALL-UNNAMED --add-opens=java.base/java.util.concurrent=ALL-UNNAMED --add-opens=java.base/java.util.concurrent.atomic=ALL-UNNAMED --add-opens=java.xml/javax.xml.namespace=ALL-UNNAMED --add-opens=java.base/java.time=ALL-UNNAMED -Xmx2048m -Dfile.encoding=UTF-8 -Duser.country=FR -Duser.language=fr -Duser.variant -javaagent:C:\Users\ibtis\.gradle\wrapper\dists\gradle-9.3.1-bin\23ovyewtku6u96viwx3xl3oks\gradle-9.3.1\lib\agents\gradle-instrumentation-agent-9.3.1.jar 
java_command: org.gradle.launcher.daemon.bootstrap.GradleDaemon 9.3.1
java_class_path (initial): C:\Users\ibtis\.gradle\wrapper\dists\gradle-9.3.1-bin\23ovyewtku6u96viwx3xl3oks\gradle-9.3.1\lib\gradle-daemon-main-9.3.1.jar
Launcher Type: SUN_STANDARD

[Global flags]
     intx CICompilerCount                          = 4                                         {product} {ergonomic}
     uint ConcGCThreads                            = 2                                         {product} {ergonomic}
     uint G1ConcRefinementThreads                  = 8                                         {product} {ergonomic}
   size_t G1HeapRegionSize                         = 1048576                                   {product} {ergonomic}
    uintx GCDrainStackTargetSize                   = 64                                        {product} {ergonomic}
   size_t InitialHeapSize                          = 199229440                                 {product} {ergonomic}
   size_t MarkStackSize                            = 4194304                                   {product} {ergonomic}
   size_t MaxHeapSize                              = 2147483648                                {product} {command line}
   size_t MaxNewSize                               = 1287651328                                {product} {ergonomic}
   size_t MinHeapDeltaBytes                        = 1048576                                   {product} {ergonomic}
   size_t MinHeapSize                              = 8388608                                   {product} {ergonomic}
    uintx NonNMethodCodeHeapSize                   = 5839372                                {pd product} {ergonomic}
    uintx NonProfiledCodeHeapSize                  = 122909434                              {pd product} {ergonomic}
    uintx ProfiledCodeHeapSize                     = 122909434                              {pd product} {ergonomic}
    uintx ReservedCodeCacheSize                    = 251658240                              {pd product} {ergonomic}
     bool SegmentedCodeCache                       = true                                      {product} {ergonomic}
   size_t SoftMaxHeapSize                          = 2147483648                             {manageable} {ergonomic}
     bool UseCompressedOops                        = true                           {product lp64_product} {ergonomic}
     bool UseG1GC                                  = true                                      {product} {ergonomic}
     bool UseLargePagesIndividualAllocation        = false                                  {pd product} {ergonomic}

Logging:
Log output configuration:
 #0: stdout all=warning uptime,level,tags foldmultilines=false
 #1: stderr all=off uptime,level,tags foldmultilines=false

Release file:
JAVA_VERSION="21.0.9" 
MODULES="java.base java.compiler java.datatransfer java.xml java.prefs java.desktop java.instrument java.logging java.management java.security.sasl java.naming java.rmi java.management.rmi java.net.http java.scripting java.security.jgss java.transaction.xa java.sql java.sql.rowset java.xml.crypto java.se java.smartcardio jdk.accessibility jdk.internal.jvmstat jdk.attach jdk.charsets jdk.internal.opt jdk.zipfs jdk.compiler jdk.crypto.ec jdk.crypto.cryptoki jdk.dynalink jdk.hotspot.agent jdk.httpserver jdk.internal.ed jdk.internal.le jdk.internal.vm.ci jdk.jartool jdk.javadoc jdk.jcmd jdk.jdeps jdk.jdwp.agent jdk.jdi jdk.jfr jdk.jlink jdk.jsobject jdk.localedata jdk.management jdk.management.agent jdk.management.jfr jdk.naming.dns jdk.naming.rmi jdk.net jdk.sctp jdk.security.auth jdk.security.jgss jdk.unsupported jdk.unsupported.desktop jdk.xml.dom" 
IMPLEMENTOR="JetBrains s.r.o." 
JAVA_RUNTIME_VERSION="21.0.9+-14787801-b1163.94" 
LIBC="default" 
OS_ARCH="x86_64" 
OS_NAME="Windows" 
SOURCE=".:git:0c757ddc9f2f" 

Environment Variables:
PATH=C:\Program Files\Common Files\Oracle\Java\javapath;C:\Program Files (x86)\VMware\VMware Workstation\bin\;C:\WINDOWS\system32;C:\WINDOWS;C:\WINDOWS\System32\Wbem;C:\WINDOWS\System32\WindowsPowerShell\v1.0\;C:\WINDOWS\System32\OpenSSH\;C:\Program Files\dotnet\;C:\php;C:\Program Files\Docker\Docker\resources\bin;C:\Program Files\Git\cmd;C:\Program Files\MySQL\MySQL Shell 8.0\bin\;C:\Users\ibtis\AppData\Local\Programs\Python\Python312\Scripts\;C:\Users\ibtis\AppData\Local\Programs\Python\Python312\;C:\Users\ibtis\AppData\Local\Programs\Python\Launcher\;C:\Users\ibtis\AppData\Local\Microsoft\WindowsApps;C:\Users\ibtis\AppData\Local\Programs\Microsoft VS Code\bin;
USERNAME=ibtis
OS=Windows_NT
PROCESSOR_IDENTIFIER=Intel64 Family 6 Model 126 Stepping 5, GenuineIntel
TMP=C:\Users\ibtis\AppData\Local\Temp
TEMP=C:\Users\ibtis\AppData\Local\Temp




Periodic native trim disabled

JNI global refs:
JNI global refs: 30, weak refs: 3

JNI global refs memory usage: 835, weak refs: 833

Process memory usage:
Resident Set Size: 373672K (3% of 12383708K total physical memory with 5804448K free physical memory)

OOME stack traces (most recent first):
Classloader memory used:
Loader org.gradle.internal.classloader.VisitableURLClassLoader                         : 37099K
Loader bootstrap                                                                       : 22629K
Loader org.gradle.initialization.MixInLegacyTypesClassLoader                           : 11116K
Loader org.gradle.internal.classloader.VisitableURLClassLoader                         : 1035K
Loader org.gradle.internal.classloader.VisitableURLClassLoader$InstrumentingVisitableURLClassLoader: 738K
Loader jdk.internal.reflect.DelegatingClassLoader                                      : 293K
Loader jdk.internal.loader.ClassLoaders$AppClassLoader                                 : 229K
Loader jdk.internal.loader.ClassLoaders$PlatformClassLoader                            : 169K
Loader org.gradle.groovy.scripts.internal.DefaultScriptCompilationHandler$ScriptClassLoader: 92640B

Classes loaded by more than one classloader:
Class org.gradle.internal.IoActions                                                   : loaded 3 times (x 71B)
Class org.gradle.api.Action                                                           : loaded 3 times (x 70B)
Class org.gradle.internal.Cast                                                        : loaded 3 times (x 71B)
Class org.gradle.api.GradleException                                                  : loaded 3 times (x 82B)
Class Program                                                                         : loaded 3 times (x 72B)
Class org.gradle.internal.operations.MultipleBuildOperationFailures                   : loaded 2 times (x 95B)
Class org.gradle.internal.classloader.DefaultClassLoaderFactory                       : loaded 2 times (x 82B)
Class kotlin.collections.AbstractList$Companion                                       : loaded 2 times (x 71B)
Class org.gradle.internal.classloader.ClassLoaderVisitor                              : loaded 2 times (x 76B)
Class org.gradle.api.internal.classpath.EffectiveClassPath                            : loaded 2 times (x 90B)
Class org.gradle.tooling.internal.gradle.DefaultProjectIdentifier                     : loaded 2 times (x 86B)
Class org.gradle.api.internal.DefaultClassPathProvider                                : loaded 2 times (x 76B)
Class [Lorg.gradle.api.internal.ClassPathProvider;                                    : loaded 2 times (x 69B)
Class org.gradle.api.internal.ClassPathProvider                                       : loaded 2 times (x 70B)
Class org.gradle.internal.service.UnknownServiceException                             : loaded 2 times (x 83B)
Class sync_studio_tooling10_7ikggh9h4w4g6nzv7aa6m0ef7                                 : loaded 2 times (x 171B)
Class org.gradle.internal.classpath.TransformedClassPath                              : loaded 2 times (x 96B)
Class org.gradle.internal.classloader.InstrumentingClassLoader                        : loaded 2 times (x 70B)
Class com.google.common.collect.Iterators$ArrayItr                                    : loaded 2 times (x 97B)
Class kotlin.enums.EnumEntriesList                                                    : loaded 2 times (x 223B)
Class com.google.common.collect.UnmodifiableIterator                                  : loaded 2 times (x 80B)
Class org.gradle.internal.service.ServiceLocator                                      : loaded 2 times (x 70B)
Class com.intellij.gradle.toolingExtension.util.GradleVersionUtil                     : loaded 2 times (x 71B)
Class com.google.common.collect.Iterators$SingletonIterator                           : loaded 2 times (x 81B)
Class org.gradle.tooling.model.UnsupportedMethodException                             : loaded 2 times (x 82B)
Class com.google.common.collect.Iterators                                             : loaded 2 times (x 71B)
Class sync_studio_tooling10_7ikggh9h4w4g6nzv7aa6m0ef7$_run_closure1                   : loaded 2 times (x 139B)
Class com.google.common.collect.Lists$StringAsImmutableList                           : loaded 2 times (x 207B)
Class org.gradle.internal.time.DefaultTimer                                           : loaded 2 times (x 80B)
Class org.gradle.internal.classloader.ClasspathUtil$1                                 : loaded 2 times (x 76B)
Class org.gradle.api.internal.classpath.DefaultModuleRegistry$DefaultModule           : loaded 2 times (x 86B)
Class com.google.common.collect.AbstractIterator                                      : loaded 2 times (x 82B)
Class com.google.common.collect.AbstractIndexedListIterator                           : loaded 2 times (x 96B)
Class org.gradle.internal.time.DefaultCountdownTimer                                  : loaded 2 times (x 88B)
Class org.gradle.tooling.internal.gradle.DefaultBuildIdentifier                       : loaded 2 times (x 79B)
Class org.gradle.api.internal.classpath.Module                                        : loaded 2 times (x 70B)
Class org.gradle.api.internal.classpath.UnknownModuleException                        : loaded 2 times (x 82B)
Class ijInit2_85eehdonurfsulqatl10j6shb                                               : loaded 2 times (x 171B)
Class org.gradle.tooling.internal.gradle.GradleProjectIdentity                        : loaded 2 times (x 70B)
Class org.gradle.api.internal.DefaultClassPathRegistry                                : loaded 2 times (x 76B)
Class org.gradle.api.internal.ClassPathRegistry                                       : loaded 2 times (x 70B)
Class org.gradle.internal.classpath.DefaultClassPath$ImmutableUniqueList              : loaded 2 times (x 199B)
Class com.google.common.collect.UnmodifiableListIterator                              : loaded 2 times (x 95B)
Class org.gradle.api.internal.classpath.ManifestUtil                                  : loaded 2 times (x 71B)
Class org.gradle.internal.classpath.ClassPath                                         : loaded 2 times (x 70B)
Class com.google.common.collect.Iterators$1                                           : loaded 2 times (x 81B)
Class org.gradle.tooling.model.Model                                                  : loaded 2 times (x 70B)
Class kotlin.UninitializedPropertyAccessException                                     : loaded 2 times (x 82B)
Class com.google.common.collect.Iterators$4                                           : loaded 2 times (x 82B)
Class org.gradle.api.internal.classpath.ModuleRegistry                                : loaded 2 times (x 70B)
Class org.gradle.internal.installation.GradleInstallation$1                           : loaded 2 times (x 75B)
Class com.google.common.collect.Iterators$5                                           : loaded 2 times (x 82B)
Class com.google.common.collect.ImmutableCollection                                   : loaded 2 times (x 125B)
Class org.gradle.api.internal.classpath.DefaultModuleRegistry                         : loaded 2 times (x 86B)
Class com.google.common.collect.Lists                                                 : loaded 2 times (x 71B)
Class com.google.common.collect.Iterators$9                                           : loaded 2 times (x 81B)
Class org.gradle.internal.time.MonotonicClock                                         : loaded 2 times (x 77B)
Class org.gradle.internal.service.ServiceLookupException                              : loaded 2 times (x 82B)
Class org.gradle.internal.classloader.ClassLoaderFactory                              : loaded 2 times (x 70B)
Class org.gradle.internal.service.CachingServiceLocator                               : loaded 2 times (x 82B)
Class org.gradle.internal.time.TimeSource                                             : loaded 2 times (x 70B)
Class org.gradle.tooling.internal.gradle.GradleBuildIdentity                          : loaded 2 times (x 70B)
Class kotlin.enums.EnumEntries                                                        : loaded 2 times (x 70B)
Class org.gradle.internal.exceptions.ResolutionProvider                               : loaded 2 times (x 70B)
Class org.gradle.tooling.model.ProjectIdentifier                                      : loaded 2 times (x 70B)
Class org.gradle.internal.classloader.ClasspathUtil                                   : loaded 2 times (x 71B)
Class org.gradle.internal.time.TimeSource$1                                           : loaded 2 times (x 77B)
Class kotlin.jvm.internal.DefaultConstructorMarker                                    : loaded 2 times (x 71B)
Class org.gradle.api.specs.Spec                                                       : loaded 2 times (x 70B)
Class com.intellij.gradle.toolingExtension.impl.model.utilDummyModel.DummyModel       : loaded 2 times (x 70B)
Class org.gradle.internal.time.Clock                                                  : loaded 2 times (x 70B)
Class kotlin.collections.AbstractList                                                 : loaded 2 times (x 197B)
Class kotlin.collections.AbstractCollection                                           : loaded 2 times (x 117B)
Class org.gradle.internal.classloader.VisitableURLClassLoader$InstrumentingVisitableURLClassLoader: loaded 2 times (x 123B)
Class org.gradle.internal.classloader.VisitableURLClassLoader$Spec                    : loaded 2 times (x 74B)
Class org.gradle.internal.classpath.DefaultClassPath                                  : loaded 2 times (x 90B)
Class org.gradle.util.internal.DefaultGradleVersion                                   : loaded 2 times (x 82B)
Class org.gradle.internal.classloader.ClassLoaderSpec                                 : loaded 2 times (x 71B)
Class ijInit2_85eehdonurfsulqatl10j6shb$_run_closure1                                 : loaded 2 times (x 140B)
Class Settings_gradle$1$1                                                             : loaded 2 times (x 74B)
Class org.gradle.internal.classloader.VisitableURLClassLoader                         : loaded 2 times (x 117B)
Class Settings_gradle                                                                 : loaded 2 times (x 124B)
Class org.gradle.internal.classloader.ClassLoaderHierarchy                            : loaded 2 times (x 70B)
Class org.gradle.internal.classloader.FilteringClassLoader                            : loaded 2 times (x 105B)
Class org.gradle.internal.classpath.DefaultClassPath$ImmutableUniqueList$Builder      : loaded 2 times (x 75B)
Class Settings_gradle$1                                                               : loaded 2 times (x 74B)
Class org.gradle.internal.exceptions.NonGradleCauseExceptionsHolder                   : loaded 2 times (x 70B)
Class kotlin.NotImplementedError                                                      : loaded 2 times (x 82B)
Class kotlin.enums.EnumEntriesKt                                                      : loaded 2 times (x 71B)
Class org.gradle.internal.classloader.SystemClassLoaderSpec                           : loaded 2 times (x 71B)
Class org.gradle.internal.exceptions.MultiCauseException                              : loaded 2 times (x 70B)
Class org.gradle.internal.time.CountdownTimer                                         : loaded 2 times (x 70B)
Class kotlin.jvm.internal.Intrinsics                                                  : loaded 2 times (x 71B)
Class org.gradle.tooling.model.ProjectModel                                           : loaded 2 times (x 70B)
Class kotlin.KotlinNullPointerException                                               : loaded 2 times (x 83B)
Class org.gradle.internal.exceptions.DefaultMultiCauseException                       : loaded 2 times (x 95B)
Class com.google.common.base.Preconditions                                            : loaded 2 times (x 71B)
Class com.google.common.collect.PeekingIterator                                       : loaded 2 times (x 70B)
Class org.gradle.internal.time.Time                                                   : loaded 2 times (x 71B)
Class org.gradle.api.internal.classpath.GlobalCacheRootsProvider                      : loaded 2 times (x 70B)
Class org.gradle.tooling.model.BuildIdentifier                                        : loaded 2 times (x 70B)
Class kotlin.NoWhenBranchMatchedException                                             : loaded 2 times (x 82B)
Class org.gradle.internal.time.Timer                                                  : loaded 2 times (x 70B)
Class kotlin.jvm.internal.markers.KMappedMarker                                       : loaded 2 times (x 70B)
Class org.gradle.internal.installation.CurrentGradleInstallationLocator               : loaded 2 times (x 71B)
Class com.google.common.collect.ImmutableList                                         : loaded 2 times (x 206B)
Class org.gradle.internal.service.DefaultServiceLocator                               : loaded 2 times (x 83B)
Class org.gradle.util.GradleVersion                                                   : loaded 2 times (x 81B)
Class org.gradle.internal.installation.CurrentGradleInstallation                      : loaded 2 times (x 73B)
Class org.gradle.util.internal.GUtil                                                  : loaded 2 times (x 71B)
Class com.google.common.collect.Iterators$MergingIterator                             : loaded 2 times (x 81B)
Class org.gradle.internal.installation.GradleInstallation                             : loaded 2 times (x 75B)

---------------  S Y S T E M  ---------------

OS:
 Windows 11 , 64 bit Build 26100 (10.0.26100.7920)
OS uptime: 0 days 0:21 hours

CPU: total 8 (initial active 8) (4 cores per cpu, 2 threads per core) family 6 model 126 stepping 5 microcode 0xa6, cx8, cmov, fxsr, ht, mmx, 3dnowpref, sse, sse2, sse3, ssse3, sse4.1, sse4.2, popcnt, lzcnt, tsc, tscinvbit, avx, avx2, aes, erms, clmul, bmi1, bmi2, adx, avx512f, avx512dq, avx512cd, avx512bw, avx512vl, sha, fma, vzeroupper, avx512_vpopcntdq, avx512_vpclmulqdq, avx512_vaes, avx512_vnni, clflush, clflushopt, avx512_vbmi2, avx512_vbmi, rdtscp, rdpid, fsrm, gfni, avx512_bitalg, f16c, pku, avx512_ifma
Processor Information for the first 8 processors :
  Max Mhz: 1190, Current Mhz: 991, Mhz Limit: 987

Memory: 4k page, system-wide physical 12093M (5661M free)
TotalPageFile size 25405M (AvailPageFile size 19282M)
current process WorkingSet (physical memory assigned to process): 368M, peak: 371M
current process commit charge ("private bytes"): 431M, peak: 433M

vm_info: OpenJDK 64-Bit Server VM (21.0.9+-14787801-b1163.94) for windows-amd64 JRE (21.0.9+-14787801-b1163.94), built on 2026-01-27T21:15:44Z by "builder" with MS VC++ 16.10 / 16.11 (VS2019)

END.
