#
# A fatal error has been detected by the Java Runtime Environment:
#
#  EXCEPTION_ACCESS_VIOLATION (0xc0000005) at pc=0x00007ff83200fd91, pid=12408, tid=5104
#
# JRE version: OpenJDK Runtime Environment (21.0.9) (build 21.0.9+-14787801-b1163.94)
# Java VM: OpenJDK 64-Bit Server VM (21.0.9+-14787801-b1163.94, mixed mode, tiered, compressed oops, compressed class ptrs, g1 gc, windows-amd64)
# Problematic frame:
# V  [jvm.dll+0x5dfd91]
#
# No core dump will be written. Minidumps are not enabled by default on client versions of Windows
#
# If you would like to submit a bug report, please visit:
#   https://youtrack.jetbrains.com/issues/JBR
#

---------------  S U M M A R Y ------------

Command Line: --add-opens=java.base/java.lang=ALL-UNNAMED --add-opens=java.base/java.lang.invoke=ALL-UNNAMED --add-opens=java.base/java.util=ALL-UNNAMED --add-opens=java.prefs/java.util.prefs=ALL-UNNAMED --add-exports=jdk.compiler/com.sun.tools.javac.api=ALL-UNNAMED --add-exports=jdk.compiler/com.sun.tools.javac.util=ALL-UNNAMED --add-opens=java.base/java.util=ALL-UNNAMED --add-opens=java.prefs/java.util.prefs=ALL-UNNAMED --add-opens=java.base/java.nio.charset=ALL-UNNAMED --add-opens=java.base/java.net=ALL-UNNAMED --add-opens=java.base/java.util.concurrent=ALL-UNNAMED --add-opens=java.base/java.util.concurrent.atomic=ALL-UNNAMED --add-opens=java.xml/javax.xml.namespace=ALL-UNNAMED --add-opens=java.base/java.time=ALL-UNNAMED -Xmx2048m -Dfile.encoding=UTF-8 -Duser.country=FR -Duser.language=fr -Duser.variant -javaagent:C:\Users\ibtis\.gradle\wrapper\dists\gradle-9.3.1-bin\23ovyewtku6u96viwx3xl3oks\gradle-9.3.1\lib\agents\gradle-instrumentation-agent-9.3.1.jar org.gradle.launcher.daemon.bootstrap.GradleDaemon 9.3.1

Host: Intel(R) Core(TM) i5-1035G1 CPU @ 1.00GHz, 8 cores, 11G,  Windows 11 , 64 bit Build 26100 (10.0.26100.7920)
Time: Fri Apr 10 18:28:25 2026 elapsed time: 8.498481 seconds (0d 0h 0m 8s)

---------------  T H R E A D  ---------------

Current thread (0x000001d1ab4ce480):  JavaThread "C2 CompilerThread2" daemon [_thread_in_native, id=5104, stack(0x000000cb84c00000,0x000000cb84d00000) (1024K)]


Current CompileTask:
C2:8498 8334       4       com.google.common.collect.Interners$InternerImpl::intern (54 bytes)

Stack: [0x000000cb84c00000,0x000000cb84d00000],  sp=0x000000cb84cfca30,  free space=1010k
Native frames: (J=compiled Java code, j=interpreted, Vv=VM code, C=native code)
V  [jvm.dll+0x5dfd91]
V  [jvm.dll+0x5e0502]
V  [jvm.dll+0x1dfcc7]
V  [jvm.dll+0x2495b4]
V  [jvm.dll+0x248a31]
V  [jvm.dll+0x1c7344]
V  [jvm.dll+0x2581ae]
V  [jvm.dll+0x2566f6]
V  [jvm.dll+0x3f48a6]
V  [jvm.dll+0x80f118]
V  [jvm.dll+0x6d54ed]
C  [ucrtbase.dll+0x37b0]
C  [KERNEL32.DLL+0x2e8d7]
C  [ntdll.dll+0x8c48c]


siginfo: EXCEPTION_ACCESS_VIOLATION (0xc0000005), reading address 0xffffffffffffffff


Registers:
RAX=0x000089d1ab320e80, RBX=0x0000000000000003, RCX=0x0000000000000000, RDX=0x000001d1aa926340
RSP=0x000000cb84cfca30, RBP=0x0000000000000008, RSI=0x0000000000000000, RDI=0x000001d1a8506978
R8 =0x00007ff8325d03d0, R9 =0x0000000000000001, R10=0x000000000000a0a0, R11=0x0000000000000101
R12=0x000001d1ab320e70, R13=0x000000cb84cfcd10, R14=0x0000000000000000, R15=0x000001d1ac36a1f0
RIP=0x00007ff83200fd91, EFLAGS=0x0000000000010202

XMM[0]=0x0000000000000000 0x0000000000000000
XMM[1]=0xffffd24548153fe0 0x0911551128a8c4a8
XMM[2]=0x00025fffffffeaff 0xffffffffffffffff
XMM[3]=0x0000000000000000 0x0000000000000000
XMM[4]=0x0000000000000000 0x0000000000000000
XMM[5]=0x0000000000000000 0x0000000000000000
XMM[6]=0x0000000000000000 0x0000000000000000
XMM[7]=0x0000000000000000 0x0000000000000000
XMM[8]=0x0000000000000000 0x0000000000000000
XMM[9]=0x0000000000000000 0x0000000000000000
XMM[10]=0x0000000000000000 0x0000000000000000
XMM[11]=0x0000000000000000 0x0000000000000000
XMM[12]=0x0000000000000000 0x0000000000000000
XMM[13]=0x0000000000000000 0x0000000000000000
XMM[14]=0x0000000000000000 0x0000000000000000
XMM[15]=0x0000000000000000 0x0000000000000000
  MXCSR=0x00001fa0


Register to memory mapping:

RAX=0x000089d1ab320e80 is an unknown value
RBX=0x0000000000000003 is an unknown value
RCX=0x0 is null
RDX=0x000001d1aa926340 points into unknown readable memory: 0x0000000000000008 | 08 00 00 00 00 00 00 00
RSP=0x000000cb84cfca30 is pointing into the stack for thread: 0x000001d1ab4ce480
RBP=0x0000000000000008 is an unknown value
RSI=0x0 is null
RDI=0x000001d1a8506978 points into unknown readable memory: 0x0000000000000000 | 00 00 00 00 00 00 00 00
R8 =0x00007ff8325d03d0 jvm.dll
R9 =0x0000000000000001 is an unknown value
R10=0x000000000000a0a0 is an unknown value
R11=0x0000000000000101 is an unknown value
R12=0x000001d1ab320e70 points into unknown readable memory: 0x0000000000000000 | 00 00 00 00 00 00 00 00
R13=0x000000cb84cfcd10 is pointing into the stack for thread: 0x000001d1ab4ce480
R14=0x0 is null
R15=0x000001d1ac36a1f0 points into unknown readable memory: 0x0000000100000001 | 01 00 00 00 01 00 00 00

Top of Stack: (sp=0x000000cb84cfca30)
0x000000cb84cfca30:   0000000000000003 000001d1a8506978
0x000000cb84cfca40:   000000cb84cfe510 000001d1a8506798
0x000000cb84cfca50:   0000000000000002 0000000100000003
0x000000cb84cfca60:   0000000a00000001 000001d1aa925b20
0x000000cb84cfca70:   000001d1a8506c28 000001d1a8506c18
0x000000cb84cfca80:   0000000000000000 000001d1ac7ad6b0
0x000000cb84cfca90:   0000000000000000 000001d1a8506c18
0x000000cb84cfcaa0:   0000000000000001 0000000000000008
0x000000cb84cfcab0:   000000cb84cfcd10 000000cb84cfcb79
0x000000cb84cfcac0:   000001d1ac7ad550 00007ff832010502
0x000000cb84cfcad0:   000001d1ab320e70 000000cb84cfcb10
0x000000cb84cfcae0:   000001d1ac7ad6b0 0000000000000000
0x000000cb84cfcaf0:   000000cb84cfcb68 00007ff8322528c0
0x000000cb84cfcb00:   000001d1ac46cd20 0000000000000008
0x000000cb84cfcb10:   000001d100000008 000001d1a9ffa470
0x000000cb84cfcb20:   000001d1a85049e0 000001d100000000
0x000000cb84cfcb30:   000001d1aacbc204 000001d1aacbc1f0
0x000000cb84cfcb40:   000001d1a9ffa470 000001d1a874b660
0x000000cb84cfcb50:   00000000000e6e68 000001d1a874be70
0x000000cb84cfcb60:   000001d1a8753648 000000cb00000010
0x000000cb84cfcb70:   000001d1a85071b8 00007ff800000010
0x000000cb84cfcb80:   000001d1a9ffa470 0000000000000000
0x000000cb84cfcb90:   0000000000000001 000001d1a9549350
0x000000cb84cfcba0:   00000000000003d8 000001d1a9549738
0x000000cb84cfcbb0:   000001d1a9549360 0000000000000000
0x000000cb84cfcbc0:   000000cb84cfd100 000000cb84cfd020
0x000000cb84cfcbd0:   000000cb84cfcce0 00007ff831c0fcc7
0x000000cb84cfcbe0:   000000cb000001fc 000000cb00000001
0x000000cb84cfcbf0:   000001d1ac7ad550 000001d1a8506c18
0x000000cb84cfcc00:   0000000000000000 00007ff8ab433cb1
0x000000cb84cfcc10:   000000cb84cfcd07 000001d1a9549350
0x000000cb84cfcc20:   000001d1aa91ffd0 000001d1aa9265e0 

Instructions: (pc=0x00007ff83200fd91)
0x00007ff83200fc91:   48 8b f8 83 3e 00 0f 84 6e 01 00 00 48 8b 46 08
0x00007ff83200fca1:   4c 8d 05 28 07 5c 00 8b 4e 04 33 d2 4c 8b a4 24
0x00007ff83200fcb1:   a0 00 00 00 8b da 48 89 54 24 20 89 54 24 28 48
0x00007ff83200fcc1:   89 54 24 38 48 89 44 24 40 48 c7 44 24 2c 04 00
0x00007ff83200fcd1:   00 00 89 4c 24 34 48 89 74 24 48 4c 89 74 24 60
0x00007ff83200fce1:   48 85 d2 74 19 48 0f bc c2 8b c8 48 d3 ea 48 ff
0x00007ff83200fcf1:   ca 03 d8 48 89 54 24 20 89 5c 24 28 eb 28 83 7c
0x00007ff83200fd01:   24 2c 04 72 0e 8b 44 24 34 39 44 24 30 0f 83 da
0x00007ff83200fd11:   00 00 00 48 8d 4c 24 20 e8 52 eb dd ff 8b d8 4c
0x00007ff83200fd21:   8d 05 a9 06 5c 00 85 db 0f 84 bf 00 00 00 8b c3
0x00007ff83200fd31:   48 c1 e8 08 8b f3 4c 8d 34 c5 00 00 00 00 49 8b
0x00007ff83200fd41:   47 08 49 8b 14 06 49 3b d0 75 14 8b d3 49 8b cf
0x00007ff83200fd51:   e8 da ec dd ff 48 8b d0 4c 8d 05 70 06 5c 00 40
0x00007ff83200fd61:   0f b6 ce bd 01 00 00 00 48 c1 ee 06 80 e1 3f 83
0x00007ff83200fd71:   e6 03 48 d3 e5 48 8b 0c f2 48 8b c1 48 0b c5 48
0x00007ff83200fd81:   89 04 f2 48 85 cd 75 47 41 ff 07 49 8b 44 24 08
0x00007ff83200fd91:   4a 8b 0c 30 48 85 2c f1 75 35 48 8b 47 08 49 8b
0x00007ff83200fda1:   14 06 49 3b d0 75 14 8b d3 48 8b cf e8 7e ec dd
0x00007ff83200fdb1:   ff 48 8b d0 4c 8d 05 14 06 5c 00 48 8b 0c f2 48
0x00007ff83200fdc1:   8b c1 48 0b c5 48 89 04 f2 48 85 cd 74 0f 90 8b
0x00007ff83200fdd1:   5c 24 28 48 8b 54 24 20 e9 03 ff ff ff ff 07 8b
0x00007ff83200fde1:   5c 24 28 48 8b 54 24 20 e9 f3 fe ff ff 4c 8b a4
0x00007ff83200fdf1:   24 b0 00 00 00 48 8b 9c 24 b8 00 00 00 48 8b ac
0x00007ff83200fe01:   24 a8 00 00 00 4c 8b 74 24 60 83 3f 00 4c 8b 7c
0x00007ff83200fe11:   24 58 48 8b 74 24 68 74 52 41 8b 4c 24 4c 49 8b
0x00007ff83200fe21:   45 28 ff c9 48 89 3c c8 48 85 db 75 4d 41 8b 4c
0x00007ff83200fe31:   24 4c 8b c1 4c 8b 84 24 c0 00 00 00 c1 e8 05 41
0x00007ff83200fe41:   3b 00 73 36 8b d0 83 e1 1f 49 8b 40 08 8b 04 90
0x00007ff83200fe51:   0f a3 c8 73 25 49 8b d4 48 8b cd 48 83 c4 70 41
0x00007ff83200fe61:   5d 41 5c 5f 5d 5b e9 64 00 b6 ff 49 8b 45 30 48
0x00007ff83200fe71:   89 87 98 00 00 00 49 89 7d 30 48 83 c4 70 41 5d
0x00007ff83200fe81:   41 5c 5f 5d 5b c3 cc cc cc cc cc cc cc cc cc 40 


Stack slot to memory mapping:

stack at sp + 0 slots: 0x0000000000000003 is an unknown value
stack at sp + 1 slots: 0x000001d1a8506978 points into unknown readable memory: 0x0000000000000000 | 00 00 00 00 00 00 00 00
stack at sp + 2 slots: 0x000000cb84cfe510 is pointing into the stack for thread: 0x000001d1ab4ce480
stack at sp + 3 slots: 0x000001d1a8506798 points into unknown readable memory: 0x0000000a00000009 | 09 00 00 00 0a 00 00 00
stack at sp + 4 slots: 0x0000000000000002 is an unknown value
stack at sp + 5 slots: 0x0000000100000003 is pointing into metadata
stack at sp + 6 slots: 0x0000000a00000001 is an unknown value
stack at sp + 7 slots: 0x000001d1aa925b20 points into unknown readable memory: 0x0000000000000018 | 18 00 00 00 00 00 00 00


---------------  P R O C E S S  ---------------

Threads class SMR info:
_java_thread_list=0x000001d1aabc85c0, length=87, elements={
0x000001d18ac0b690, 0x000001d1a24db330, 0x000001d1a24ded30, 0x000001d1a24dff30,
0x000001d1a24f9230, 0x000001d1a24f9c90, 0x000001d1a250b630, 0x000001d1a250f3b0,
0x000001d1a25181d0, 0x000001d1a2505d90, 0x000001d1a281f260, 0x000001d1a281c8c0,
0x000001d1a80f5050, 0x000001d1a9496710, 0x000001d1a9792d90, 0x000001d1a978a2b0,
0x000001d1a97a0080, 0x000001d1a944f970, 0x000001d1a93a6340, 0x000001d1a93a4900,
0x000001d1a93a2ec0, 0x000001d1a93a5620, 0x000001d1a93a4270, 0x000001d1a93a4f90,
0x000001d1a93a5cb0, 0x000001d1aa4b0f10, 0x000001d1aa4b3670, 0x000001d1aa4b0880,
0x000001d1aa4b4390, 0x000001d1aa4b4a20, 0x000001d1aa4b50b0, 0x000001d1aa4b1c30,
0x000001d1aa4b22c0, 0x000001d1aa4b6460, 0x000001d1aa4b6af0, 0x000001d1abf7bd20,
0x000001d1abf7d0d0, 0x000001d1abf7c3b0, 0x000001d1abf7ca40, 0x000001d1abf7ddf0,
0x000001d1abf7e480, 0x000001d1abf7b000, 0x000001d1abf7eb10, 0x000001d1abf7b690,
0x000001d1abf81f90, 0x000001d1abf7f1a0, 0x000001d1abf81900, 0x000001d1abf7f830,
0x000001d1abf82620, 0x000001d1abf80be0, 0x000001d1abf7fec0, 0x000001d1abf80550,
0x000001d1abf81270, 0x000001d1ac0726f0, 0x000001d1ac073410, 0x000001d1ac072d80,
0x000001d1ac074e50, 0x000001d1ac0754e0, 0x000001d1ac072060, 0x000001d1ac075b70,
0x000001d1ac0747c0, 0x000001d1ac076200, 0x000001d1ac073aa0, 0x000001d1ac0775b0,
0x000001d1ac074130, 0x000001d1ab4ce480, 0x000001d1ac078ff0, 0x000001d1ac079680,
0x000001d1aaed4aa0, 0x000001d1aaed36f0, 0x000001d1aaed5130, 0x000001d1aaed3060,
0x000001d1aaed4410, 0x000001d1aaed5e50, 0x000001d1aaed3d80, 0x000001d1aaed64e0,
0x000001d1aaed7890, 0x000001d1aaed8c40, 0x000001d1aaed7f20, 0x000001d1aaed57c0,
0x000001d1aaed85b0, 0x000001d1aaed92d0, 0x000001d1aaed9960, 0x000001d1aaed9ff0,
0x000001d1aaed6b70, 0x000001d1aaeda680, 0x000001d1aaed7200
}

Java Threads: ( => current thread )
  0x000001d18ac0b690 JavaThread "main"                              [_thread_blocked, id=16028, stack(0x000000cb83600000,0x000000cb83700000) (1024K)]
  0x000001d1a24db330 JavaThread "Common-Cleaner"             daemon [_thread_blocked, id=14620, stack(0x000000cb83e00000,0x000000cb83f00000) (1024K)]
  0x000001d1a24ded30 JavaThread "Reference Handler"          daemon [_thread_blocked, id=4200, stack(0x000000cb83f00000,0x000000cb84000000) (1024K)]
  0x000001d1a24dff30 JavaThread "Finalizer"                  daemon [_thread_blocked, id=11176, stack(0x000000cb84000000,0x000000cb84100000) (1024K)]
  0x000001d1a24f9230 JavaThread "Signal Dispatcher"          daemon [_thread_blocked, id=7328, stack(0x000000cb84100000,0x000000cb84200000) (1024K)]
  0x000001d1a24f9c90 JavaThread "Attach Listener"            daemon [_thread_blocked, id=5544, stack(0x000000cb84200000,0x000000cb84300000) (1024K)]
  0x000001d1a250b630 JavaThread "Service Thread"             daemon [_thread_blocked, id=8972, stack(0x000000cb84300000,0x000000cb84400000) (1024K)]
  0x000001d1a250f3b0 JavaThread "Monitor Deflation Thread"   daemon [_thread_blocked, id=5776, stack(0x000000cb84400000,0x000000cb84500000) (1024K)]
  0x000001d1a25181d0 JavaThread "C2 CompilerThread0"         daemon [_thread_in_native, id=12804, stack(0x000000cb84500000,0x000000cb84600000) (1024K)]
  0x000001d1a2505d90 JavaThread "C1 CompilerThread0"         daemon [_thread_in_native, id=3584, stack(0x000000cb84600000,0x000000cb84700000) (1024K)]
  0x000001d1a281f260 JavaThread "Notification Thread"        daemon [_thread_blocked, id=8960, stack(0x000000cb84700000,0x000000cb84800000) (1024K)]
  0x000001d1a281c8c0 JavaThread "C2 CompilerThread1"         daemon [_thread_in_native, id=16256, stack(0x000000cb84800000,0x000000cb84900000) (1024K)]
  0x000001d1a80f5050 JavaThread "Daemon health stats"               [_thread_blocked, id=5964, stack(0x000000cb84e00000,0x000000cb84f00000) (1024K)]
  0x000001d1a9496710 JavaThread "Incoming local TCP Connector on port 53411"        [_thread_in_native, id=15820, stack(0x000000cb84f00000,0x000000cb85000000) (1024K)]
  0x000001d1a9792d90 JavaThread "Daemon periodic checks"            [_thread_blocked, id=12836, stack(0x000000cb85000000,0x000000cb85100000) (1024K)]
  0x000001d1a978a2b0 JavaThread "Daemon"                            [_thread_blocked, id=1800, stack(0x000000cb85100000,0x000000cb85200000) (1024K)]
  0x000001d1a97a0080 JavaThread "Handler for socket connection from /127.0.0.1:53411 to /127.0.0.1:53412"        [_thread_in_native, id=16228, stack(0x000000cb85200000,0x000000cb85300000) (1024K)]
  0x000001d1a944f970 JavaThread "Cancel handler"                    [_thread_blocked, id=8876, stack(0x000000cb85300000,0x000000cb85400000) (1024K)]
  0x000001d1a93a6340 JavaThread "Daemon worker"                     [_thread_blocked, id=16192, stack(0x000000cb85800000,0x000000cb85900000) (1024K)]
  0x000001d1a93a4900 JavaThread "Asynchronous log dispatcher for DefaultDaemonConnection: socket connection from /127.0.0.1:53411 to /127.0.0.1:53412"        [_thread_blocked, id=7304, stack(0x000000cb85900000,0x000000cb85a00000) (1024K)]
  0x000001d1a93a2ec0 JavaThread "Stdin handler"                     [_thread_blocked, id=4188, stack(0x000000cb85a00000,0x000000cb85b00000) (1024K)]
  0x000001d1a93a5620 JavaThread "Daemon client event forwarder"        [_thread_blocked, id=12120, stack(0x000000cb85b00000,0x000000cb85c00000) (1024K)]
  0x000001d1a93a4270 JavaThread "Cache worker for journal cache (C:\Users\ibtis\.gradle\caches\journal-1)"        [_thread_blocked, id=2892, stack(0x000000cb85c00000,0x000000cb85d00000) (1024K)]
  0x000001d1a93a4f90 JavaThread "File lock request listener"        [_thread_in_native, id=3844, stack(0x000000cb85d00000,0x000000cb85e00000) (1024K)]
  0x000001d1a93a5cb0 JavaThread "Cache worker for file hash cache (C:\Users\ibtis\.gradle\caches\9.3.1\fileHashes)"        [_thread_blocked, id=13224, stack(0x000000cb85e00000,0x000000cb85f00000) (1024K)]
  0x000001d1aa4b0f10 JavaThread "Cache worker for file hash cache (C:\Users\ibtis\AndroidStudioProjects\lab6_ibtissam\.gradle\9.3.1\fileHashes)"        [_thread_blocked, id=15264, stack(0x000000cb85f00000,0x000000cb86000000) (1024K)]
  0x000001d1aa4b3670 JavaThread "Cache worker for Build Output Cleanup Cache (C:\Users\ibtis\AndroidStudioProjects\lab6_ibtissam\.gradle\buildOutputCleanup)"        [_thread_blocked, id=10088, stack(0x000000cb86000000,0x000000cb86100000) (1024K)]
  0x000001d1aa4b0880 JavaThread "File watcher server"        daemon [_thread_in_native, id=15512, stack(0x000000cb86100000,0x000000cb86200000) (1024K)]
  0x000001d1aa4b4390 JavaThread "File watcher consumer"      daemon [_thread_blocked, id=13412, stack(0x000000cb86200000,0x000000cb86300000) (1024K)]
  0x000001d1aa4b4a20 JavaThread "Cache worker for checksums cache (C:\Users\ibtis\AndroidStudioProjects\lab6_ibtissam\.gradle\9.3.1\checksums)"        [_thread_blocked, id=10784, stack(0x000000cb86300000,0x000000cb86400000) (1024K)]
  0x000001d1aa4b50b0 JavaThread "Cache worker for file content cache (C:\Users\ibtis\.gradle\caches\9.3.1\fileContent)"        [_thread_blocked, id=12396, stack(0x000000cb86400000,0x000000cb86500000) (1024K)]
  0x000001d1aa4b1c30 JavaThread "Cache worker for cache directory md-supplier (C:\Users\ibtis\.gradle\caches\9.3.1\md-supplier)"        [_thread_blocked, id=14468, stack(0x000000cb86500000,0x000000cb86600000) (1024K)]
  0x000001d1aa4b22c0 JavaThread "Cache worker for cache directory md-rule (C:\Users\ibtis\.gradle\caches\9.3.1\md-rule)"        [_thread_blocked, id=14592, stack(0x000000cb86600000,0x000000cb86700000) (1024K)]
  0x000001d1aa4b6460 JavaThread "jar transforms"                    [_thread_blocked, id=15664, stack(0x000000cb86700000,0x000000cb86800000) (1024K)]
  0x000001d1aa4b6af0 JavaThread "jar transforms Thread 2"           [_thread_blocked, id=13172, stack(0x000000cb86800000,0x000000cb86900000) (1024K)]
  0x000001d1abf7bd20 JavaThread "jar transforms Thread 3"           [_thread_blocked, id=2496, stack(0x000000cb86900000,0x000000cb86a00000) (1024K)]
  0x000001d1abf7d0d0 JavaThread "Unconstrained build operations"        [_thread_blocked, id=3188, stack(0x000000cb86a00000,0x000000cb86b00000) (1024K)]
  0x000001d1abf7c3b0 JavaThread "Unconstrained build operations Thread 2"        [_thread_blocked, id=14308, stack(0x000000cb86b00000,0x000000cb86c00000) (1024K)]
  0x000001d1abf7ca40 JavaThread "Unconstrained build operations Thread 3"        [_thread_blocked, id=11300, stack(0x000000cb86c00000,0x000000cb86d00000) (1024K)]
  0x000001d1abf7ddf0 JavaThread "Unconstrained build operations Thread 4"        [_thread_blocked, id=14472, stack(0x000000cb86d00000,0x000000cb86e00000) (1024K)]
  0x000001d1abf7e480 JavaThread "Unconstrained build operations Thread 5"        [_thread_blocked, id=2608, stack(0x000000cb86e00000,0x000000cb86f00000) (1024K)]
  0x000001d1abf7b000 JavaThread "Unconstrained build operations Thread 6"        [_thread_blocked, id=11664, stack(0x000000cb86f00000,0x000000cb87000000) (1024K)]
  0x000001d1abf7eb10 JavaThread "Unconstrained build operations Thread 7"        [_thread_blocked, id=11448, stack(0x000000cb87000000,0x000000cb87100000) (1024K)]
  0x000001d1abf7b690 JavaThread "Unconstrained build operations Thread 8"        [_thread_blocked, id=15892, stack(0x000000cb87100000,0x000000cb87200000) (1024K)]
  0x000001d1abf81f90 JavaThread "Unconstrained build operations Thread 9"        [_thread_blocked, id=12980, stack(0x000000cb87200000,0x000000cb87300000) (1024K)]
  0x000001d1abf7f1a0 JavaThread "Unconstrained build operations Thread 10"        [_thread_blocked, id=13732, stack(0x000000cb87300000,0x000000cb87400000) (1024K)]
  0x000001d1abf81900 JavaThread "Unconstrained build operations Thread 11"        [_thread_blocked, id=6872, stack(0x000000cb87400000,0x000000cb87500000) (1024K)]
  0x000001d1abf7f830 JavaThread "Unconstrained build operations Thread 12"        [_thread_blocked, id=3736, stack(0x000000cb87500000,0x000000cb87600000) (1024K)]
  0x000001d1abf82620 JavaThread "Unconstrained build operations Thread 13"        [_thread_blocked, id=3296, stack(0x000000cb87600000,0x000000cb87700000) (1024K)]
  0x000001d1abf80be0 JavaThread "Unconstrained build operations Thread 14"        [_thread_blocked, id=9396, stack(0x000000cb87700000,0x000000cb87800000) (1024K)]
  0x000001d1abf7fec0 JavaThread "jar transforms Thread 4"           [_thread_blocked, id=9532, stack(0x000000cb87800000,0x000000cb87900000) (1024K)]
  0x000001d1abf80550 JavaThread "jar transforms Thread 5"           [_thread_blocked, id=13044, stack(0x000000cb87900000,0x000000cb87a00000) (1024K)]
  0x000001d1abf81270 JavaThread "Unconstrained build operations Thread 15"        [_thread_blocked, id=5744, stack(0x000000cb87a00000,0x000000cb87b00000) (1024K)]
  0x000001d1ac0726f0 JavaThread "Unconstrained build operations Thread 16"        [_thread_blocked, id=15524, stack(0x000000cb87b00000,0x000000cb87c00000) (1024K)]
  0x000001d1ac073410 JavaThread "Unconstrained build operations Thread 17"        [_thread_blocked, id=9496, stack(0x000000cb87c00000,0x000000cb87d00000) (1024K)]
  0x000001d1ac072d80 JavaThread "Unconstrained build operations Thread 18"        [_thread_blocked, id=9388, stack(0x000000cb87d00000,0x000000cb87e00000) (1024K)]
  0x000001d1ac074e50 JavaThread "Unconstrained build operations Thread 19"        [_thread_blocked, id=11712, stack(0x000000cb87e00000,0x000000cb87f00000) (1024K)]
  0x000001d1ac0754e0 JavaThread "Unconstrained build operations Thread 20"        [_thread_blocked, id=3920, stack(0x000000cb87f00000,0x000000cb88000000) (1024K)]
  0x000001d1ac072060 JavaThread "Unconstrained build operations Thread 21"        [_thread_blocked, id=15444, stack(0x000000cb88000000,0x000000cb88100000) (1024K)]
  0x000001d1ac075b70 JavaThread "jar transforms Thread 6"           [_thread_blocked, id=16356, stack(0x000000cb88100000,0x000000cb88200000) (1024K)]
  0x000001d1ac0747c0 JavaThread "jar transforms Thread 7"           [_thread_blocked, id=332, stack(0x000000cb88200000,0x000000cb88300000) (1024K)]
  0x000001d1ac076200 JavaThread "jar transforms Thread 8"           [_thread_blocked, id=16060, stack(0x000000cb88300000,0x000000cb88400000) (1024K)]
  0x000001d1ac073aa0 JavaThread "Unconstrained build operations Thread 22"        [_thread_blocked, id=16076, stack(0x000000cb88400000,0x000000cb88500000) (1024K)]
  0x000001d1ac0775b0 JavaThread "Unconstrained build operations Thread 23"        [_thread_blocked, id=15680, stack(0x000000cb88500000,0x000000cb88600000) (1024K)]
  0x000001d1ac074130 JavaThread "Unconstrained build operations Thread 24"        [_thread_blocked, id=11816, stack(0x000000cb88600000,0x000000cb88700000) (1024K)]
=>0x000001d1ab4ce480 JavaThread "C2 CompilerThread2"         daemon [_thread_in_native, id=5104, stack(0x000000cb84c00000,0x000000cb84d00000) (1024K)]
  0x000001d1ac078ff0 JavaThread "Unconstrained build operations Thread 25"        [_thread_blocked, id=15084, stack(0x000000cb88700000,0x000000cb88800000) (1024K)]
  0x000001d1ac079680 JavaThread "Unconstrained build operations Thread 26"        [_thread_blocked, id=6660, stack(0x000000cb88800000,0x000000cb88900000) (1024K)]
  0x000001d1aaed4aa0 JavaThread "Unconstrained build operations Thread 27"        [_thread_blocked, id=15876, stack(0x000000cb88900000,0x000000cb88a00000) (1024K)]
  0x000001d1aaed36f0 JavaThread "Unconstrained build operations Thread 28"        [_thread_blocked, id=14684, stack(0x000000cb88a00000,0x000000cb88b00000) (1024K)]
  0x000001d1aaed5130 JavaThread "Unconstrained build operations Thread 29"        [_thread_blocked, id=11864, stack(0x000000cb88b00000,0x000000cb88c00000) (1024K)]
  0x000001d1aaed3060 JavaThread "Unconstrained build operations Thread 30"        [_thread_blocked, id=12920, stack(0x000000cb88c00000,0x000000cb88d00000) (1024K)]
  0x000001d1aaed4410 JavaThread "Unconstrained build operations Thread 31"        [_thread_blocked, id=10816, stack(0x000000cb88d00000,0x000000cb88e00000) (1024K)]
  0x000001d1aaed5e50 JavaThread "Unconstrained build operations Thread 32"        [_thread_blocked, id=15024, stack(0x000000cb88e00000,0x000000cb88f00000) (1024K)]
  0x000001d1aaed3d80 JavaThread "Unconstrained build operations Thread 33"        [_thread_blocked, id=3392, stack(0x000000cb88f00000,0x000000cb89000000) (1024K)]
  0x000001d1aaed64e0 JavaThread "Unconstrained build operations Thread 34"        [_thread_blocked, id=10172, stack(0x000000cb89000000,0x000000cb89100000) (1024K)]
  0x000001d1aaed7890 JavaThread "Unconstrained build operations Thread 35"        [_thread_blocked, id=9460, stack(0x000000cb89100000,0x000000cb89200000) (1024K)]
  0x000001d1aaed8c40 JavaThread "Unconstrained build operations Thread 36"        [_thread_blocked, id=14812, stack(0x000000cb89200000,0x000000cb89300000) (1024K)]
  0x000001d1aaed7f20 JavaThread "Unconstrained build operations Thread 37"        [_thread_blocked, id=5868, stack(0x000000cb89300000,0x000000cb89400000) (1024K)]
  0x000001d1aaed57c0 JavaThread "Unconstrained build operations Thread 38"        [_thread_blocked, id=2212, stack(0x000000cb89400000,0x000000cb89500000) (1024K)]
  0x000001d1aaed85b0 JavaThread "Unconstrained build operations Thread 39"        [_thread_blocked, id=6280, stack(0x000000cb89500000,0x000000cb89600000) (1024K)]
  0x000001d1aaed92d0 JavaThread "Unconstrained build operations Thread 40"        [_thread_blocked, id=8640, stack(0x000000cb89600000,0x000000cb89700000) (1024K)]
  0x000001d1aaed9960 JavaThread "Unconstrained build operations Thread 41"        [_thread_blocked, id=6784, stack(0x000000cb89700000,0x000000cb89800000) (1024K)]
  0x000001d1aaed9ff0 JavaThread "Unconstrained build operations Thread 42"        [_thread_in_Java, id=12816, stack(0x000000cb89800000,0x000000cb89900000) (1024K)]
  0x000001d1aaed6b70 JavaThread "Unconstrained build operations Thread 43"        [_thread_blocked, id=13004, stack(0x000000cb89900000,0x000000cb89a00000) (1024K)]
  0x000001d1aaeda680 JavaThread "Unconstrained build operations Thread 44"        [_thread_in_Java, id=10284, stack(0x000000cb89a00000,0x000000cb89b00000) (1024K)]
  0x000001d1aaed7200 JavaThread "Unconstrained build operations Thread 45"        [_thread_in_native, id=3156, stack(0x000000cb89b00000,0x000000cb89c00000) (1024K)]
Total: 87

Other Threads:
  0x000001d1a22eaa70 VMThread "VM Thread"                           [id=9400, stack(0x000000cb83d00000,0x000000cb83e00000) (1024K)]
  0x000001d1a22d5ee0 WatcherThread "VM Periodic Task Thread"        [id=12116, stack(0x000000cb83c00000,0x000000cb83d00000) (1024K)]
  0x000001d18ac64200 WorkerThread "GC Thread#0"                     [id=4592, stack(0x000000cb83700000,0x000000cb83800000) (1024K)]
  0x000001d1a22e9f90 WorkerThread "GC Thread#1"                     [id=7228, stack(0x000000cb84900000,0x000000cb84a00000) (1024K)]
  0x000001d1a22e9bf0 WorkerThread "GC Thread#2"                     [id=16004, stack(0x000000cb84a00000,0x000000cb84b00000) (1024K)]
  0x000001d1a22eb550 WorkerThread "GC Thread#3"                     [id=12844, stack(0x000000cb84b00000,0x000000cb84c00000) (1024K)]
  0x000001d1a22ea330 WorkerThread "GC Thread#4"                     [id=10520, stack(0x000000cb84d00000,0x000000cb84e00000) (1024K)]
  0x000001d1a93ef6a0 WorkerThread "GC Thread#5"                     [id=15884, stack(0x000000cb85400000,0x000000cb85500000) (1024K)]
  0x000001d1a93f0520 WorkerThread "GC Thread#6"                     [id=8992, stack(0x000000cb85500000,0x000000cb85600000) (1024K)]
  0x000001d1a93ed600 WorkerThread "GC Thread#7"                     [id=6320, stack(0x000000cb85600000,0x000000cb85700000) (1024K)]
  0x000001d18ac75f30 ConcurrentGCThread "G1 Main Marker"            [id=12336, stack(0x000000cb83800000,0x000000cb83900000) (1024K)]
  0x000001d18ac770e0 WorkerThread "G1 Conc#0"                       [id=2824, stack(0x000000cb83900000,0x000000cb83a00000) (1024K)]
  0x000001d1a93f08c0 WorkerThread "G1 Conc#1"                       [id=15364, stack(0x000000cb85700000,0x000000cb85800000) (1024K)]
  0x000001d1a21a8e60 ConcurrentGCThread "G1 Refine#0"               [id=11144, stack(0x000000cb83a00000,0x000000cb83b00000) (1024K)]
  0x000001d1a21aa7f0 ConcurrentGCThread "G1 Service"                [id=16096, stack(0x000000cb83b00000,0x000000cb83c00000) (1024K)]
Total: 15

Threads with active compile tasks:
C2 CompilerThread0  8568 8232       4       org.gradle.cache.internal.btree.FreeListBlockStore::read (12 bytes)
C2 CompilerThread1  8568 8157       4       org.gradle.cache.internal.btree.CachingBlockStore::read (56 bytes)
C2 CompilerThread2  8568 8334       4       com.google.common.collect.Interners$InternerImpl::intern (54 bytes)
Total: 3

VM state: not at safepoint (normal execution)

VM Mutex/Monitor currently owned by a thread: None

Heap address: 0x0000000080000000, size: 2048 MB, Compressed Oops mode: 32-bit

CDS archive(s) not mapped
Compressed class space mapped at: 0x0000000100000000-0x0000000140000000, reserved size: 1073741824
Narrow klass base: 0x0000000000000000, Narrow klass shift: 3, Narrow klass range: 0x140000000

GC Precious Log:
 CardTable entry size: 512
 Card Set container configuration: InlinePtr #cards 5 size 8 Array Of Cards #cards 12 size 40 Howl #buckets 4 coarsen threshold 1843 Howl Bitmap #cards 512 size 80 coarsen threshold 460 Card regions per heap region 1 cards per card region 2048
 CPUs: 8 total, 8 available
 Memory: 12093M
 Large Page Support: Disabled
 NUMA Support: Disabled
 Compressed Oops: Enabled (32-bit)
 Heap Region Size: 1M
 Heap Min Capacity: 8M
 Heap Initial Capacity: 190M
 Heap Max Capacity: 2G
 Pre-touch: Disabled
 Parallel Workers: 8
 Concurrent Workers: 2
 Concurrent Refinement Workers: 8
 Periodic GC: Disabled

Heap:
 garbage-first heap   total 112640K, used 85570K [0x0000000080000000, 0x0000000100000000)
  region size 1024K, 36 young (36864K), 3 survivors (3072K)
 Metaspace       used 71528K, committed 73472K, reserved 1114112K
  class space    used 10197K, committed 11136K, reserved 1048576K

Heap Regions: E=young(eden), S=young(survivor), O=old, HS=humongous(starts), HC=humongous(continues), CS=collection set, F=free, TAMS=top-at-mark-start, PB=parsable bottom
|   0|0x0000000080000000, 0x0000000080100000, 0x0000000080100000|100%|HS|  |TAMS 0x0000000080000000| PB 0x0000000080000000| Complete 
|   1|0x0000000080100000, 0x0000000080200000, 0x0000000080200000|100%|HC|  |TAMS 0x0000000080100000| PB 0x0000000080100000| Complete 
|   2|0x0000000080200000, 0x0000000080300000, 0x0000000080300000|100%|HC|  |TAMS 0x0000000080200000| PB 0x0000000080200000| Complete 
|   3|0x0000000080300000, 0x0000000080400000, 0x0000000080400000|100%|HC|  |TAMS 0x0000000080300000| PB 0x0000000080300000| Complete 
|   4|0x0000000080400000, 0x0000000080500000, 0x0000000080500000|100%| O|  |TAMS 0x0000000080400000| PB 0x0000000080400000| Untracked 
|   5|0x0000000080500000, 0x0000000080600000, 0x0000000080600000|100%| O|  |TAMS 0x0000000080500000| PB 0x0000000080500000| Untracked 
|   6|0x0000000080600000, 0x0000000080700000, 0x0000000080700000|100%| O|  |TAMS 0x0000000080600000| PB 0x0000000080600000| Untracked 
|   7|0x0000000080700000, 0x0000000080800000, 0x0000000080800000|100%|HS|  |TAMS 0x0000000080700000| PB 0x0000000080700000| Complete 
|   8|0x0000000080800000, 0x0000000080900000, 0x0000000080900000|100%| O|  |TAMS 0x0000000080800000| PB 0x0000000080800000| Untracked 
|   9|0x0000000080900000, 0x0000000080a00000, 0x0000000080a00000|100%| O|  |TAMS 0x0000000080900000| PB 0x0000000080900000| Untracked 
|  10|0x0000000080a00000, 0x0000000080b00000, 0x0000000080b00000|100%| O|  |TAMS 0x0000000080a00000| PB 0x0000000080a00000| Untracked 
|  11|0x0000000080b00000, 0x0000000080c00000, 0x0000000080c00000|100%| O|  |TAMS 0x0000000080b00000| PB 0x0000000080b00000| Untracked 
|  12|0x0000000080c00000, 0x0000000080d00000, 0x0000000080d00000|100%| O|  |TAMS 0x0000000080c00000| PB 0x0000000080c00000| Untracked 
|  13|0x0000000080d00000, 0x0000000080e00000, 0x0000000080e00000|100%| O|  |TAMS 0x0000000080d00000| PB 0x0000000080d00000| Untracked 
|  14|0x0000000080e00000, 0x0000000080f00000, 0x0000000080f00000|100%| O|  |TAMS 0x0000000080e00000| PB 0x0000000080e00000| Untracked 
|  15|0x0000000080f00000, 0x0000000081000000, 0x0000000081000000|100%| O|  |TAMS 0x0000000080f00000| PB 0x0000000080f00000| Untracked 
|  16|0x0000000081000000, 0x0000000081100000, 0x0000000081100000|100%| O|  |TAMS 0x0000000081000000| PB 0x0000000081000000| Untracked 
|  17|0x0000000081100000, 0x0000000081200000, 0x0000000081200000|100%| O|  |TAMS 0x0000000081100000| PB 0x0000000081100000| Untracked 
|  18|0x0000000081200000, 0x0000000081300000, 0x0000000081300000|100%| O|  |TAMS 0x0000000081200000| PB 0x0000000081200000| Untracked 
|  19|0x0000000081300000, 0x0000000081400000, 0x0000000081400000|100%| O|  |TAMS 0x0000000081300000| PB 0x0000000081300000| Untracked 
|  20|0x0000000081400000, 0x0000000081500000, 0x0000000081500000|100%| O|  |TAMS 0x0000000081400000| PB 0x0000000081400000| Untracked 
|  21|0x0000000081500000, 0x0000000081600000, 0x0000000081600000|100%| O|  |TAMS 0x0000000081500000| PB 0x0000000081500000| Untracked 
|  22|0x0000000081600000, 0x0000000081700000, 0x0000000081700000|100%| O|  |TAMS 0x0000000081600000| PB 0x0000000081600000| Untracked 
|  23|0x0000000081700000, 0x0000000081800000, 0x0000000081800000|100%| O|  |TAMS 0x0000000081700000| PB 0x0000000081700000| Untracked 
|  24|0x0000000081800000, 0x0000000081900000, 0x0000000081900000|100%| O|  |TAMS 0x0000000081800000| PB 0x0000000081800000| Untracked 
|  25|0x0000000081900000, 0x0000000081a00000, 0x0000000081a00000|100%| O|  |TAMS 0x0000000081900000| PB 0x0000000081900000| Untracked 
|  26|0x0000000081a00000, 0x0000000081b00000, 0x0000000081b00000|100%| O|  |TAMS 0x0000000081a00000| PB 0x0000000081a00000| Untracked 
|  27|0x0000000081b00000, 0x0000000081c00000, 0x0000000081c00000|100%| O|  |TAMS 0x0000000081b00000| PB 0x0000000081b00000| Untracked 
|  28|0x0000000081c00000, 0x0000000081d00000, 0x0000000081d00000|100%| O|  |TAMS 0x0000000081c00000| PB 0x0000000081c00000| Untracked 
|  29|0x0000000081d00000, 0x0000000081e00000, 0x0000000081e00000|100%| O|  |TAMS 0x0000000081d00000| PB 0x0000000081d00000| Untracked 
|  30|0x0000000081e00000, 0x0000000081f00000, 0x0000000081f00000|100%|HS|  |TAMS 0x0000000081e00000| PB 0x0000000081e00000| Complete 
|  31|0x0000000081f00000, 0x0000000082000000, 0x0000000082000000|100%|HC|  |TAMS 0x0000000081f00000| PB 0x0000000081f00000| Complete 
|  32|0x0000000082000000, 0x0000000082100000, 0x0000000082100000|100%| O|  |TAMS 0x0000000082000000| PB 0x0000000082000000| Untracked 
|  33|0x0000000082100000, 0x0000000082200000, 0x0000000082200000|100%| O|  |TAMS 0x0000000082100000| PB 0x0000000082100000| Untracked 
|  34|0x0000000082200000, 0x0000000082300000, 0x0000000082300000|100%| O|  |TAMS 0x0000000082200000| PB 0x0000000082200000| Untracked 
|  35|0x0000000082300000, 0x0000000082400000, 0x0000000082400000|100%| O|  |TAMS 0x0000000082300000| PB 0x0000000082300000| Untracked 
|  36|0x0000000082400000, 0x0000000082500000, 0x0000000082500000|100%| O|  |TAMS 0x0000000082400000| PB 0x0000000082400000| Untracked 
|  37|0x0000000082500000, 0x0000000082600000, 0x0000000082600000|100%| O|  |TAMS 0x0000000082500000| PB 0x0000000082500000| Untracked 
|  38|0x0000000082600000, 0x0000000082700000, 0x0000000082700000|100%| O|  |TAMS 0x0000000082600000| PB 0x0000000082600000| Untracked 
|  39|0x0000000082700000, 0x0000000082800000, 0x0000000082800000|100%| O|  |TAMS 0x0000000082700000| PB 0x0000000082700000| Untracked 
|  40|0x0000000082800000, 0x0000000082900000, 0x0000000082900000|100%| O|  |TAMS 0x0000000082800000| PB 0x0000000082800000| Untracked 
|  41|0x0000000082900000, 0x0000000082a00000, 0x0000000082a00000|100%| O|  |TAMS 0x0000000082900000| PB 0x0000000082900000| Untracked 
|  42|0x0000000082a00000, 0x0000000082b00000, 0x0000000082b00000|100%| O|  |TAMS 0x0000000082a00000| PB 0x0000000082a00000| Untracked 
|  43|0x0000000082b00000, 0x0000000082c00000, 0x0000000082c00000|100%| O|  |TAMS 0x0000000082b00000| PB 0x0000000082b00000| Untracked 
|  44|0x0000000082c00000, 0x0000000082d00000, 0x0000000082d00000|100%| O|  |TAMS 0x0000000082c00000| PB 0x0000000082c00000| Untracked 
|  45|0x0000000082d00000, 0x0000000082de93a0, 0x0000000082e00000| 91%| O|  |TAMS 0x0000000082d00000| PB 0x0000000082d00000| Untracked 
|  46|0x0000000082e00000, 0x0000000082f00000, 0x0000000082f00000|100%| O|  |TAMS 0x0000000082e00000| PB 0x0000000082e00000| Untracked 
|  47|0x0000000082f00000, 0x0000000082f00000, 0x0000000083000000|  0%| F|  |TAMS 0x0000000082f00000| PB 0x0000000082f00000| Untracked 
|  48|0x0000000083000000, 0x0000000083000000, 0x0000000083100000|  0%| F|  |TAMS 0x0000000083000000| PB 0x0000000083000000| Untracked 
|  49|0x0000000083100000, 0x0000000083100000, 0x0000000083200000|  0%| F|  |TAMS 0x0000000083100000| PB 0x0000000083100000| Untracked 
|  50|0x0000000083200000, 0x0000000083300000, 0x0000000083300000|100%| O|  |TAMS 0x0000000083200000| PB 0x0000000083200000| Untracked 
|  51|0x0000000083300000, 0x0000000083400000, 0x0000000083400000|100%| O|  |TAMS 0x0000000083300000| PB 0x0000000083300000| Untracked 
|  52|0x0000000083400000, 0x0000000083400000, 0x0000000083500000|  0%| F|  |TAMS 0x0000000083400000| PB 0x0000000083400000| Untracked 
|  53|0x0000000083500000, 0x0000000083500000, 0x0000000083600000|  0%| F|  |TAMS 0x0000000083500000| PB 0x0000000083500000| Untracked 
|  54|0x0000000083600000, 0x0000000083600000, 0x0000000083700000|  0%| F|  |TAMS 0x0000000083600000| PB 0x0000000083600000| Untracked 
|  55|0x0000000083700000, 0x0000000083700000, 0x0000000083800000|  0%| F|  |TAMS 0x0000000083700000| PB 0x0000000083700000| Untracked 
|  56|0x0000000083800000, 0x0000000083800000, 0x0000000083900000|  0%| F|  |TAMS 0x0000000083800000| PB 0x0000000083800000| Untracked 
|  57|0x0000000083900000, 0x00000000839a75f8, 0x0000000083a00000| 65%| S|CS|TAMS 0x0000000083900000| PB 0x0000000083900000| Complete 
|  58|0x0000000083a00000, 0x0000000083b00000, 0x0000000083b00000|100%| S|CS|TAMS 0x0000000083a00000| PB 0x0000000083a00000| Complete 
|  59|0x0000000083b00000, 0x0000000083c00000, 0x0000000083c00000|100%| S|CS|TAMS 0x0000000083b00000| PB 0x0000000083b00000| Complete 
|  60|0x0000000083c00000, 0x0000000083c00000, 0x0000000083d00000|  0%| F|  |TAMS 0x0000000083c00000| PB 0x0000000083c00000| Untracked 
|  61|0x0000000083d00000, 0x0000000083d00000, 0x0000000083e00000|  0%| F|  |TAMS 0x0000000083d00000| PB 0x0000000083d00000| Untracked 
|  62|0x0000000083e00000, 0x0000000083e00000, 0x0000000083f00000|  0%| F|  |TAMS 0x0000000083e00000| PB 0x0000000083e00000| Untracked 
|  63|0x0000000083f00000, 0x0000000083f00000, 0x0000000084000000|  0%| F|  |TAMS 0x0000000083f00000| PB 0x0000000083f00000| Untracked 
|  64|0x0000000084000000, 0x0000000084000000, 0x0000000084100000|  0%| F|  |TAMS 0x0000000084000000| PB 0x0000000084000000| Untracked 
|  65|0x0000000084100000, 0x0000000084100000, 0x0000000084200000|  0%| F|  |TAMS 0x0000000084100000| PB 0x0000000084100000| Untracked 
|  66|0x0000000084200000, 0x0000000084200000, 0x0000000084300000|  0%| F|  |TAMS 0x0000000084200000| PB 0x0000000084200000| Untracked 
|  67|0x0000000084300000, 0x0000000084300000, 0x0000000084400000|  0%| F|  |TAMS 0x0000000084300000| PB 0x0000000084300000| Untracked 
|  68|0x0000000084400000, 0x0000000084400000, 0x0000000084500000|  0%| F|  |TAMS 0x0000000084400000| PB 0x0000000084400000| Untracked 
|  69|0x0000000084500000, 0x0000000084500000, 0x0000000084600000|  0%| F|  |TAMS 0x0000000084500000| PB 0x0000000084500000| Untracked 
|  70|0x0000000084600000, 0x0000000084600000, 0x0000000084700000|  0%| F|  |TAMS 0x0000000084600000| PB 0x0000000084600000| Untracked 
|  71|0x0000000084700000, 0x0000000084700000, 0x0000000084800000|  0%| F|  |TAMS 0x0000000084700000| PB 0x0000000084700000| Untracked 
|  72|0x0000000084800000, 0x0000000084800000, 0x0000000084900000|  0%| F|  |TAMS 0x0000000084800000| PB 0x0000000084800000| Untracked 
|  73|0x0000000084900000, 0x0000000084900000, 0x0000000084a00000|  0%| F|  |TAMS 0x0000000084900000| PB 0x0000000084900000| Untracked 
|  74|0x0000000084a00000, 0x0000000084a00000, 0x0000000084b00000|  0%| F|  |TAMS 0x0000000084a00000| PB 0x0000000084a00000| Untracked 
|  75|0x0000000084b00000, 0x0000000084bf4488, 0x0000000084c00000| 95%| E|  |TAMS 0x0000000084b00000| PB 0x0000000084b00000| Complete 
|  76|0x0000000084c00000, 0x0000000084d00000, 0x0000000084d00000|100%| E|CS|TAMS 0x0000000084c00000| PB 0x0000000084c00000| Complete 
|  77|0x0000000084d00000, 0x0000000084e00000, 0x0000000084e00000|100%| E|CS|TAMS 0x0000000084d00000| PB 0x0000000084d00000| Complete 
|  78|0x0000000084e00000, 0x0000000084f00000, 0x0000000084f00000|100%| E|CS|TAMS 0x0000000084e00000| PB 0x0000000084e00000| Complete 
|  79|0x0000000084f00000, 0x0000000085000000, 0x0000000085000000|100%| E|CS|TAMS 0x0000000084f00000| PB 0x0000000084f00000| Complete 
|  80|0x0000000085000000, 0x0000000085100000, 0x0000000085100000|100%| E|CS|TAMS 0x0000000085000000| PB 0x0000000085000000| Complete 
|  81|0x0000000085100000, 0x0000000085200000, 0x0000000085200000|100%| E|CS|TAMS 0x0000000085100000| PB 0x0000000085100000| Complete 
|  82|0x0000000085200000, 0x0000000085300000, 0x0000000085300000|100%| E|CS|TAMS 0x0000000085200000| PB 0x0000000085200000| Complete 
|  83|0x0000000085300000, 0x0000000085400000, 0x0000000085400000|100%| E|CS|TAMS 0x0000000085300000| PB 0x0000000085300000| Complete 
|  84|0x0000000085400000, 0x0000000085500000, 0x0000000085500000|100%| E|CS|TAMS 0x0000000085400000| PB 0x0000000085400000| Complete 
|  85|0x0000000085500000, 0x0000000085600000, 0x0000000085600000|100%| E|CS|TAMS 0x0000000085500000| PB 0x0000000085500000| Complete 
|  86|0x0000000085600000, 0x0000000085700000, 0x0000000085700000|100%| E|CS|TAMS 0x0000000085600000| PB 0x0000000085600000| Complete 
|  87|0x0000000085700000, 0x0000000085800000, 0x0000000085800000|100%| E|CS|TAMS 0x0000000085700000| PB 0x0000000085700000| Complete 
|  88|0x0000000085800000, 0x0000000085900000, 0x0000000085900000|100%| E|CS|TAMS 0x0000000085800000| PB 0x0000000085800000| Complete 
|  89|0x0000000085900000, 0x0000000085a00000, 0x0000000085a00000|100%| E|CS|TAMS 0x0000000085900000| PB 0x0000000085900000| Complete 
|  90|0x0000000085a00000, 0x0000000085b00000, 0x0000000085b00000|100%| E|CS|TAMS 0x0000000085a00000| PB 0x0000000085a00000| Complete 
|  91|0x0000000085b00000, 0x0000000085c00000, 0x0000000085c00000|100%| E|CS|TAMS 0x0000000085b00000| PB 0x0000000085b00000| Complete 
|  92|0x0000000085c00000, 0x0000000085d00000, 0x0000000085d00000|100%| E|CS|TAMS 0x0000000085c00000| PB 0x0000000085c00000| Complete 
|  93|0x0000000085d00000, 0x0000000085e00000, 0x0000000085e00000|100%| E|CS|TAMS 0x0000000085d00000| PB 0x0000000085d00000| Complete 
|  94|0x0000000085e00000, 0x0000000085f00000, 0x0000000085f00000|100%| E|CS|TAMS 0x0000000085e00000| PB 0x0000000085e00000| Complete 
|  95|0x0000000085f00000, 0x0000000086000000, 0x0000000086000000|100%| E|CS|TAMS 0x0000000085f00000| PB 0x0000000085f00000| Complete 
|  96|0x0000000086000000, 0x0000000086100000, 0x0000000086100000|100%| E|CS|TAMS 0x0000000086000000| PB 0x0000000086000000| Complete 
|  97|0x0000000086100000, 0x0000000086200000, 0x0000000086200000|100%| E|CS|TAMS 0x0000000086100000| PB 0x0000000086100000| Complete 
|  98|0x0000000086200000, 0x0000000086300000, 0x0000000086300000|100%| E|CS|TAMS 0x0000000086200000| PB 0x0000000086200000| Complete 
|  99|0x0000000086300000, 0x0000000086400000, 0x0000000086400000|100%| E|CS|TAMS 0x0000000086300000| PB 0x0000000086300000| Complete 
| 143|0x0000000088f00000, 0x0000000089000000, 0x0000000089000000|100%| E|CS|TAMS 0x0000000088f00000| PB 0x0000000088f00000| Complete 
| 144|0x0000000089000000, 0x0000000089100000, 0x0000000089100000|100%| E|CS|TAMS 0x0000000089000000| PB 0x0000000089000000| Complete 
| 145|0x0000000089100000, 0x0000000089200000, 0x0000000089200000|100%| E|CS|TAMS 0x0000000089100000| PB 0x0000000089100000| Complete 
| 146|0x0000000089200000, 0x0000000089300000, 0x0000000089300000|100%| E|CS|TAMS 0x0000000089200000| PB 0x0000000089200000| Complete 
| 147|0x0000000089300000, 0x0000000089400000, 0x0000000089400000|100%| E|CS|TAMS 0x0000000089300000| PB 0x0000000089300000| Complete 
| 148|0x0000000089400000, 0x0000000089500000, 0x0000000089500000|100%| E|CS|TAMS 0x0000000089400000| PB 0x0000000089400000| Complete 
| 149|0x0000000089500000, 0x0000000089600000, 0x0000000089600000|100%| E|CS|TAMS 0x0000000089500000| PB 0x0000000089500000| Complete 
| 150|0x0000000089600000, 0x0000000089700000, 0x0000000089700000|100%| E|CS|TAMS 0x0000000089600000| PB 0x0000000089600000| Complete 
| 151|0x0000000089700000, 0x0000000089800000, 0x0000000089800000|100%| E|CS|TAMS 0x0000000089700000| PB 0x0000000089700000| Complete 
| 189|0x000000008bd00000, 0x000000008be00000, 0x000000008be00000|100%| E|CS|TAMS 0x000000008bd00000| PB 0x000000008bd00000| Complete 

Card table byte_map: [0x000001d19d4a0000,0x000001d19d8a0000] _byte_map_base: 0x000001d19d0a0000

Marking Bits: (CMBitMap*) 0x000001d18ac64810
 Bits: [0x000001d19d8a0000, 0x000001d19f8a0000)

Polling page: 0x000001d1889c0000

Metaspace:

Usage:
  Non-class:     59.90 MB used.
      Class:      9.96 MB used.
       Both:     69.85 MB used.

Virtual space:
  Non-class space:       64.00 MB reserved,      60.88 MB ( 95%) committed,  1 nodes.
      Class space:        1.00 GB reserved,      10.88 MB (  1%) committed,  1 nodes.
             Both:        1.06 GB reserved,      71.75 MB (  7%) committed. 

Chunk freelists:
   Non-Class:  2.27 MB
       Class:  5.17 MB
        Both:  7.44 MB

MaxMetaspaceSize: unlimited
CompressedClassSpaceSize: 1.00 GB
Initial GC threshold: 21.00 MB
Current GC threshold: 118.88 MB
CDS: off
 - commit_granule_bytes: 65536.
 - commit_granule_words: 8192.
 - virtual_space_node_default_size: 8388608.
 - enlarge_chunks_in_place: 1.
 - use_allocation_guard: 0.


Internal statistics:

num_allocs_failed_limit: 9.
num_arena_births: 3588.
num_arena_deaths: 0.
num_vsnodes_births: 2.
num_vsnodes_deaths: 0.
num_space_committed: 1148.
num_space_uncommitted: 0.
num_chunks_returned_to_freelist: 9.
num_chunks_taken_from_freelist: 6665.
num_chunk_merges: 6.
num_chunk_splits: 4330.
num_chunks_enlarged: 2634.
num_inconsistent_stats: 0.

CodeHeap 'non-profiled nmethods': size=120000Kb used=4086Kb max_used=4477Kb free=115913Kb
 bounds [0x000001d195840000, 0x000001d195ca0000, 0x000001d19cd70000]
CodeHeap 'profiled nmethods': size=120000Kb used=13574Kb max_used=13574Kb free=106425Kb
 bounds [0x000001d18dd70000, 0x000001d18eac0000, 0x000001d1952a0000]
CodeHeap 'non-nmethods': size=5760Kb used=2084Kb max_used=2141Kb free=3675Kb
 bounds [0x000001d1952a0000, 0x000001d195510000, 0x000001d195840000]
CodeCache: size=245760Kb, used=19744Kb, max_used=20192Kb, free=226013Kb
 total_blobs=8133, nmethods=7347, adapters=690, full_count=0
Compilation: enabled, stopped_count=0, restarted_count=0

Compilation events (20 events):
Event: 8.480 Thread 0x000001d1a2505d90 8385       3       org.gradle.api.internal.artifacts.transform.NonNormalizedIdentityImmutableTransformExecution::<init> (34 bytes)
Event: 8.481 Thread 0x000001d1a2505d90 nmethod 8385 0x000001d18ea5c310 code [0x000001d18ea5c4c0, 0x000001d18ea5c710]
Event: 8.481 Thread 0x000001d1a2505d90 8383       3       org.apache.commons.lang3.StringUtils::isNotEmpty (13 bytes)
Event: 8.481 Thread 0x000001d1a2505d90 nmethod 8383 0x000001d18ea5c810 code [0x000001d18ea5c9c0, 0x000001d18ea5cc98]
Event: 8.481 Thread 0x000001d1a2505d90 8389       3       org.gradle.internal.execution.steps.IdentifyStep::executeDeferred (18 bytes)
Event: 8.481 Thread 0x000001d1a2505d90 nmethod 8389 0x000001d18ea5cd90 code [0x000001d18ea5cf40, 0x000001d18ea5d170]
Event: 8.481 Thread 0x000001d1a2505d90 8390       3       org.gradle.internal.execution.impl.DefaultFileCollectionFingerprinterRegistry::getFingerprinter (67 bytes)
Event: 8.482 Thread 0x000001d1a2505d90 nmethod 8390 0x000001d18ea5d290 code [0x000001d18ea5d560, 0x000001d18ea5e630]
Event: 8.482 Thread 0x000001d1a2505d90 8391   !   3       java.lang.Thread::beforeSleep (33 bytes)
Event: 8.483 Thread 0x000001d1a2505d90 nmethod 8391 0x000001d18ea5eb90 code [0x000001d18ea5ed40, 0x000001d18ea5ef08]
Event: 8.486 Thread 0x000001d1a2505d90 8392       3       org.gradle.api.internal.artifacts.transform.AbstractTransformExecution$$Lambda/0x00000001008484b0::get (8 bytes)
Event: 8.487 Thread 0x000001d1a2505d90 nmethod 8392 0x000001d18ea5f010 code [0x000001d18ea5f220, 0x000001d18ea5f8d8]
Event: 8.487 Thread 0x000001d1a2505d90 8393       3       org.gradle.api.internal.file.EmptyFileCollection::visitContents (1 bytes)
Event: 8.488 Thread 0x000001d1a2505d90 nmethod 8393 0x000001d18e2c3490 code [0x000001d18e2c3620, 0x000001d18e2c3728]
Event: 8.488 Thread 0x000001d1a2505d90 8394       3       org.gradle.internal.execution.steps.IdentityCacheStep::executeDeferred (61 bytes)
Event: 8.490 Thread 0x000001d1a2505d90 nmethod 8394 0x000001d18ea5fb90 code [0x000001d18ea5fec0, 0x000001d18ea614a0]
Event: 8.491 Thread 0x000001d1a2505d90 8395       3       org.gradle.cache.internal.DefaultCrossBuildInMemoryCacheFactory$CrossBuildCacheRetainingDataFromPreviousBuild::getIfPresent (17 bytes)
Event: 8.491 Thread 0x000001d1a2505d90 nmethod 8395 0x000001d18ea61c10 code [0x000001d18ea61e00, 0x000001d18ea622c0]
Event: 8.491 Thread 0x000001d1a2505d90 8396       3       org.gradle.api.internal.artifacts.transform.AbstractTransformExecution::emitIdentifyTransformExecutionProgressDetails (33 bytes)
Event: 8.492 Thread 0x000001d1a2505d90 nmethod 8396 0x000001d18ea62490 code [0x000001d18ea626a0, 0x000001d18ea62c90]

GC Heap History (20 events):
Event: 5.303 GC heap before
{Heap before GC invocations=11 (full 0):
 garbage-first heap   total 75776K, used 66931K [0x0000000080000000, 0x0000000100000000)
  region size 1024K, 40 young (40960K), 5 survivors (5120K)
 Metaspace       used 50916K, committed 52352K, reserved 1114112K
  class space    used 7087K, committed 7744K, reserved 1048576K
}
Event: 5.310 GC heap after
{Heap after GC invocations=12 (full 0):
 garbage-first heap   total 76800K, used 34949K [0x0000000080000000, 0x0000000100000000)
  region size 1024K, 5 young (5120K), 5 survivors (5120K)
 Metaspace       used 50916K, committed 52352K, reserved 1114112K
  class space    used 7087K, committed 7744K, reserved 1048576K
}
Event: 5.669 GC heap before
{Heap before GC invocations=12 (full 0):
 garbage-first heap   total 76800K, used 65669K [0x0000000080000000, 0x0000000100000000)
  region size 1024K, 36 young (36864K), 5 survivors (5120K)
 Metaspace       used 54723K, committed 56256K, reserved 1114112K
  class space    used 7729K, committed 8448K, reserved 1048576K
}
Event: 5.674 GC heap after
{Heap after GC invocations=13 (full 0):
 garbage-first heap   total 92160K, used 37079K [0x0000000080000000, 0x0000000100000000)
  region size 1024K, 3 young (3072K), 3 survivors (3072K)
 Metaspace       used 54723K, committed 56256K, reserved 1114112K
  class space    used 7729K, committed 8448K, reserved 1048576K
}
Event: 6.190 GC heap before
{Heap before GC invocations=13 (full 0):
 garbage-first heap   total 92160K, used 83159K [0x0000000080000000, 0x0000000100000000)
  region size 1024K, 47 young (48128K), 3 survivors (3072K)
 Metaspace       used 56554K, committed 58176K, reserved 1114112K
  class space    used 8002K, committed 8768K, reserved 1048576K
}
Event: 6.194 GC heap after
{Heap after GC invocations=14 (full 0):
 garbage-first heap   total 92160K, used 42690K [0x0000000080000000, 0x0000000100000000)
  region size 1024K, 6 young (6144K), 6 survivors (6144K)
 Metaspace       used 56554K, committed 58176K, reserved 1114112K
  class space    used 8002K, committed 8768K, reserved 1048576K
}
Event: 6.419 GC heap before
{Heap before GC invocations=14 (full 0):
 garbage-first heap   total 92160K, used 78530K [0x0000000080000000, 0x0000000100000000)
  region size 1024K, 42 young (43008K), 6 survivors (6144K)
 Metaspace       used 58513K, committed 60160K, reserved 1114112K
  class space    used 8317K, committed 9088K, reserved 1048576K
}
Event: 6.424 GC heap after
{Heap after GC invocations=15 (full 0):
 garbage-first heap   total 92160K, used 43952K [0x0000000080000000, 0x0000000100000000)
  region size 1024K, 2 young (2048K), 2 survivors (2048K)
 Metaspace       used 58513K, committed 60160K, reserved 1114112K
  class space    used 8317K, committed 9088K, reserved 1048576K
}
Event: 6.901 GC heap before
{Heap before GC invocations=16 (full 0):
 garbage-first heap   total 92160K, used 82864K [0x0000000080000000, 0x0000000100000000)
  region size 1024K, 40 young (40960K), 2 survivors (2048K)
 Metaspace       used 63304K, committed 65088K, reserved 1114112K
  class space    used 9020K, committed 9856K, reserved 1048576K
}
Event: 6.905 GC heap after
{Heap after GC invocations=17 (full 0):
 garbage-first heap   total 92160K, used 45126K [0x0000000080000000, 0x0000000100000000)
  region size 1024K, 3 young (3072K), 3 survivors (3072K)
 Metaspace       used 63304K, committed 65088K, reserved 1114112K
  class space    used 9020K, committed 9856K, reserved 1048576K
}
Event: 7.352 GC heap before
{Heap before GC invocations=17 (full 0):
 garbage-first heap   total 92160K, used 84038K [0x0000000080000000, 0x0000000100000000)
  region size 1024K, 41 young (41984K), 3 survivors (3072K)
 Metaspace       used 68555K, committed 70464K, reserved 1114112K
  class space    used 9830K, committed 10752K, reserved 1048576K
}
Event: 7.358 GC heap after
{Heap after GC invocations=18 (full 0):
 garbage-first heap   total 92160K, used 46787K [0x0000000080000000, 0x0000000100000000)
  region size 1024K, 5 young (5120K), 5 survivors (5120K)
 Metaspace       used 68555K, committed 70464K, reserved 1114112K
  class space    used 9830K, committed 10752K, reserved 1048576K
}
Event: 7.980 GC heap before
{Heap before GC invocations=18 (full 0):
 garbage-first heap   total 92160K, used 83651K [0x0000000080000000, 0x0000000100000000)
  region size 1024K, 41 young (41984K), 5 survivors (5120K)
 Metaspace       used 71047K, committed 73024K, reserved 1114112K
  class space    used 10197K, committed 11136K, reserved 1048576K
}
Event: 7.987 GC heap after
{Heap after GC invocations=19 (full 0):
 garbage-first heap   total 93184K, used 50341K [0x0000000080000000, 0x0000000100000000)
  region size 1024K, 6 young (6144K), 6 survivors (6144K)
 Metaspace       used 71047K, committed 73024K, reserved 1114112K
  class space    used 10197K, committed 11136K, reserved 1048576K
}
Event: 8.177 GC heap before
{Heap before GC invocations=20 (full 0):
 garbage-first heap   total 93184K, used 84133K [0x0000000080000000, 0x0000000100000000)
  region size 1024K, 40 young (40960K), 6 survivors (6144K)
 Metaspace       used 71171K, committed 73152K, reserved 1114112K
  class space    used 10197K, committed 11136K, reserved 1048576K
}
Event: 8.182 GC heap after
{Heap after GC invocations=21 (full 0):
 garbage-first heap   total 93184K, used 51430K [0x0000000080000000, 0x0000000100000000)
  region size 1024K, 2 young (2048K), 2 survivors (2048K)
 Metaspace       used 71171K, committed 73152K, reserved 1114112K
  class space    used 10197K, committed 11136K, reserved 1048576K
}
Event: 8.302 GC heap before
{Heap before GC invocations=21 (full 0):
 garbage-first heap   total 93184K, used 86246K [0x0000000080000000, 0x0000000100000000)
  region size 1024K, 36 young (36864K), 2 survivors (2048K)
 Metaspace       used 71323K, committed 73280K, reserved 1114112K
  class space    used 10197K, committed 11136K, reserved 1048576K
}
Event: 8.305 GC heap after
{Heap after GC invocations=22 (full 0):
 garbage-first heap   total 112640K, used 52091K [0x0000000080000000, 0x0000000100000000)
  region size 1024K, 2 young (2048K), 2 survivors (2048K)
 Metaspace       used 71323K, committed 73280K, reserved 1114112K
  class space    used 10197K, committed 11136K, reserved 1048576K
}
Event: 8.462 GC heap before
{Heap before GC invocations=22 (full 0):
 garbage-first heap   total 112640K, used 102267K [0x0000000080000000, 0x0000000100000000)
  region size 1024K, 52 young (53248K), 2 survivors (2048K)
 Metaspace       used 71429K, committed 73408K, reserved 1114112K
  class space    used 10197K, committed 11136K, reserved 1048576K
}
Event: 8.465 GC heap after
{Heap after GC invocations=23 (full 0):
 garbage-first heap   total 112640K, used 52802K [0x0000000080000000, 0x0000000100000000)
  region size 1024K, 3 young (3072K), 3 survivors (3072K)
 Metaspace       used 71429K, committed 73408K, reserved 1114112K
  class space    used 10197K, committed 11136K, reserved 1048576K
}

Dll operation events (3 events):
Event: 0.009 Loaded shared library C:\Program Files\Android\Android Studio\jbr\bin\java.dll
Event: 0.015 Loaded shared library C:\Program Files\Android\Android Studio\jbr\bin\zip.dll
Event: 0.767 Loaded shared library C:\Program Files\Android\Android Studio\jbr\bin\verify.dll

Deoptimization events (20 events):
Event: 7.973 Thread 0x000001d1a93a6340 Uncommon trap: trap_request=0xffffff45 fr.pc=0x000001d1959e5a04 relative=0x00000000000001a4
Event: 7.973 Thread 0x000001d1a93a6340 Uncommon trap: reason=unstable_if action=reinterpret pc=0x000001d1959e5a04 method=org.gradle.internal.snapshot.VfsRelativePath.isPrefix(Ljava/lang/String;ILjava/lang/String;ILorg/gradle/internal/snapshot/CaseSensitivity;)Z @ 101 c2
Event: 7.973 Thread 0x000001d1a93a6340 DEOPT PACKING pc=0x000001d1959e5a04 sp=0x000000cb858f4410
Event: 7.973 Thread 0x000001d1a93a6340 DEOPT UNPACKING pc=0x000001d1952f7aa2 sp=0x000000cb858f42f0 mode 2
Event: 7.973 Thread 0x000001d1a93a6340 Uncommon trap: trap_request=0xffffff45 fr.pc=0x000001d195a1dd64 relative=0x0000000000000704
Event: 7.973 Thread 0x000001d1a93a6340 Uncommon trap: reason=unstable_if action=reinterpret pc=0x000001d195a1dd64 method=org.gradle.internal.snapshot.VfsRelativePath.isPrefix(Ljava/lang/String;ILjava/lang/String;ILorg/gradle/internal/snapshot/CaseSensitivity;)Z @ 101 c2
Event: 7.973 Thread 0x000001d1a93a6340 DEOPT PACKING pc=0x000001d195a1dd64 sp=0x000000cb858f3c90
Event: 7.973 Thread 0x000001d1a93a6340 DEOPT UNPACKING pc=0x000001d1952f7aa2 sp=0x000000cb858f3bb0 mode 2
Event: 7.973 Thread 0x000001d1a93a6340 Uncommon trap: trap_request=0xffffff45 fr.pc=0x000001d195b5cbdc relative=0x00000000000007fc
Event: 7.973 Thread 0x000001d1a93a6340 Uncommon trap: reason=unstable_if action=reinterpret pc=0x000001d195b5cbdc method=org.gradle.internal.snapshot.VfsRelativePath.isPrefix(Ljava/lang/String;ILjava/lang/String;ILorg/gradle/internal/snapshot/CaseSensitivity;)Z @ 101 c2
Event: 7.973 Thread 0x000001d1a93a6340 DEOPT PACKING pc=0x000001d195b5cbdc sp=0x000000cb858f3bc0
Event: 7.973 Thread 0x000001d1a93a6340 DEOPT UNPACKING pc=0x000001d1952f7aa2 sp=0x000000cb858f3b70 mode 2
Event: 8.007 Thread 0x000001d1a93a6340 Uncommon trap: trap_request=0xffffff45 fr.pc=0x000001d195c9b348 relative=0x00000000000003a8
Event: 8.007 Thread 0x000001d1a93a6340 Uncommon trap: reason=unstable_if action=reinterpret pc=0x000001d195c9b348 method=org.gradle.internal.snapshot.PathUtil.compareCharsIgnoringCase(CC)I @ 33 c2
Event: 8.007 Thread 0x000001d1a93a6340 DEOPT PACKING pc=0x000001d195c9b348 sp=0x000000cb858f2b50
Event: 8.007 Thread 0x000001d1a93a6340 DEOPT UNPACKING pc=0x000001d1952f7aa2 sp=0x000000cb858f2a70 mode 2
Event: 8.171 Thread 0x000001d1aaed3d80 Uncommon trap: trap_request=0xffffffcc fr.pc=0x000001d195891ae4 relative=0x0000000000000224
Event: 8.171 Thread 0x000001d1aaed3d80 Uncommon trap: reason=intrinsic_or_type_checked_inlining action=make_not_entrant pc=0x000001d195891ae4 method=java.util.ArrayList.toArray([Ljava/lang/Object;)[Ljava/lang/Object; @ 36 c2
Event: 8.171 Thread 0x000001d1aaed3d80 DEOPT PACKING pc=0x000001d195891ae4 sp=0x000000cb88ffcc30
Event: 8.171 Thread 0x000001d1aaed3d80 DEOPT UNPACKING pc=0x000001d1952f7aa2 sp=0x000000cb88ffcbd0 mode 2

Classes loaded (20 events):
Event: 7.649 Loading class jdk/internal/logger/LoggerFinderLoader
Event: 7.649 Loading class jdk/internal/logger/LoggerFinderLoader done
Event: 7.649 Loading class jdk/internal/logger/LoggerFinderLoader$TemporaryLoggerFinder
Event: 7.649 Loading class jdk/internal/logger/LoggerFinderLoader$TemporaryLoggerFinder done
Event: 7.649 Loading class sun/util/logging/internal/LoggingProviderImpl$JULWrapper
Event: 7.650 Loading class sun/util/logging/PlatformLogger$ConfigurableBridge$LoggerConfiguration
Event: 7.650 Loading class sun/util/logging/PlatformLogger$ConfigurableBridge$LoggerConfiguration done
Event: 7.650 Loading class sun/util/logging/internal/LoggingProviderImpl$JULWrapper done
Event: 7.650 Loading class java/io/ObjectInputFilter$Config$BuiltinFilterFactory
Event: 7.650 Loading class java/io/ObjectInputFilter$Config$BuiltinFilterFactory done
Event: 7.650 Loading class jdk/internal/access/JavaObjectInputFilterAccess
Event: 7.650 Loading class jdk/internal/access/JavaObjectInputFilterAccess done
Event: 7.650 Loading class jdk/internal/event/DeserializationEvent
Event: 7.650 Loading class jdk/internal/event/DeserializationEvent done
Event: 7.651 Loading class java/io/ObjectInputStream$FieldValues
Event: 7.651 Loading class java/io/ObjectInputStream$GetField
Event: 7.651 Loading class java/io/ObjectInputStream$GetField done
Event: 7.651 Loading class java/io/ObjectInputStream$FieldValues done
Event: 7.908 Loading class java/util/LinkedList$LLSpliterator
Event: 7.908 Loading class java/util/LinkedList$LLSpliterator done

Classes unloaded (0 events):
No events

Classes redefined (0 events):
No events

Internal exceptions (20 events):
Event: 8.447 Thread 0x000001d1a93a6340 Exception <a 'sun/nio/fs/WindowsException'{0x000000008410fba8}> (0x000000008410fba8) 
thrown [s\src\hotspot\share\prims\jni.cpp, line 537]
Event: 8.453 Thread 0x000001d1aaed6b70 Exception <a 'sun/nio/fs/WindowsException'{0x00000000840ba020}> (0x00000000840ba020) 
thrown [s\src\hotspot\share\prims\jni.cpp, line 537]
Event: 8.453 Thread 0x000001d1aaed7200 Exception <a 'sun/nio/fs/WindowsException'{0x00000000840eaa28}> (0x00000000840eaa28) 
thrown [s\src\hotspot\share\prims\jni.cpp, line 537]
Event: 8.456 Thread 0x000001d1aaed9960 Exception <a 'sun/nio/fs/WindowsException'{0x0000000083f80ad0}> (0x0000000083f80ad0) 
thrown [s\src\hotspot\share\prims\jni.cpp, line 537]
Event: 8.457 Thread 0x000001d1aaed92d0 Exception <a 'sun/nio/fs/WindowsException'{0x0000000083e4d3b8}> (0x0000000083e4d3b8) 
thrown [s\src\hotspot\share\prims\jni.cpp, line 537]
Event: 8.457 Thread 0x000001d1aaed9ff0 Exception <a 'sun/nio/fs/WindowsException'{0x0000000083ea1600}> (0x0000000083ea1600) 
thrown [s\src\hotspot\share\prims\jni.cpp, line 537]
Event: 8.457 Thread 0x000001d1aaed85b0 Exception <a 'sun/nio/fs/WindowsException'{0x0000000083ecd308}> (0x0000000083ecd308) 
thrown [s\src\hotspot\share\prims\jni.cpp, line 537]
Event: 8.460 Thread 0x000001d1aaeda680 Exception <a 'sun/nio/fs/WindowsException'{0x0000000083c076f0}> (0x0000000083c076f0) 
thrown [s\src\hotspot\share\prims\jni.cpp, line 537]
Event: 8.461 Thread 0x000001d1a93a6340 Exception <a 'sun/nio/fs/WindowsException'{0x0000000083c58a30}> (0x0000000083c58a30) 
thrown [s\src\hotspot\share\prims\jni.cpp, line 537]
Event: 8.461 Thread 0x000001d1aaed6b70 Exception <a 'sun/nio/fs/WindowsException'{0x0000000083cbee88}> (0x0000000083cbee88) 
thrown [s\src\hotspot\share\prims\jni.cpp, line 537]
Event: 8.468 Thread 0x000001d1aaed9ff0 Exception <a 'sun/nio/fs/WindowsException'{0x00000000897660d0}> (0x00000000897660d0) 
thrown [s\src\hotspot\share\prims\jni.cpp, line 537]
Event: 8.469 Thread 0x000001d1aaed85b0 Exception <a 'sun/nio/fs/WindowsException'{0x000000008971d3a8}> (0x000000008971d3a8) 
thrown [s\src\hotspot\share\prims\jni.cpp, line 537]
Event: 8.469 Thread 0x000001d1aaed92d0 Exception <a 'sun/nio/fs/WindowsException'{0x00000000897d6b38}> (0x00000000897d6b38) 
thrown [s\src\hotspot\share\prims\jni.cpp, line 537]
Event: 8.475 Thread 0x000001d1aaed6b70 Exception <a 'sun/nio/fs/WindowsException'{0x00000000896ff660}> (0x00000000896ff660) 
thrown [s\src\hotspot\share\prims\jni.cpp, line 537]
Event: 8.475 Thread 0x000001d1aaeda680 Exception <a 'sun/nio/fs/WindowsException'{0x0000000089520638}> (0x0000000089520638) 
thrown [s\src\hotspot\share\prims\jni.cpp, line 537]
Event: 8.478 Thread 0x000001d1aaed7200 Exception <a 'sun/nio/fs/WindowsException'{0x000000008941adf0}> (0x000000008941adf0) 
thrown [s\src\hotspot\share\prims\jni.cpp, line 537]
Event: 8.481 Thread 0x000001d1aaed9ff0 Exception <a 'sun/nio/fs/WindowsException'{0x00000000894e3740}> (0x00000000894e3740) 
thrown [s\src\hotspot\share\prims\jni.cpp, line 537]
Event: 8.481 Thread 0x000001d1aaed9960 Exception <a 'sun/nio/fs/WindowsException'{0x00000000894f6040}> (0x00000000894f6040) 
thrown [s\src\hotspot\share\prims\jni.cpp, line 537]
Event: 8.481 Thread 0x000001d1a93a6340 Exception <a 'sun/nio/fs/WindowsException'{0x000000008931ad80}> (0x000000008931ad80) 
thrown [s\src\hotspot\share\prims\jni.cpp, line 537]
Event: 8.492 Thread 0x000001d1aaed9960 Exception <a 'sun/nio/fs/WindowsException'{0x000000008924faf8}> (0x000000008924faf8) 
thrown [s\src\hotspot\share\prims\jni.cpp, line 537]

ZGC Phase Switch (0 events):
No events

VM Operations (20 events):
Event: 7.352 Executing VM operation: G1CollectForAllocation (G1 Evacuation Pause)
Event: 7.358 Executing VM operation: G1CollectForAllocation (G1 Evacuation Pause) done
Event: 7.624 Executing VM operation: HandshakeAllThreads (Deoptimize)
Event: 7.624 Executing VM operation: HandshakeAllThreads (Deoptimize) done
Event: 7.780 Executing VM operation: ICBufferFull
Event: 7.780 Executing VM operation: ICBufferFull done
Event: 7.916 Executing VM operation: ICBufferFull
Event: 7.916 Executing VM operation: ICBufferFull done
Event: 7.980 Executing VM operation: G1CollectForAllocation (G1 Evacuation Pause)
Event: 7.987 Executing VM operation: G1CollectForAllocation (G1 Evacuation Pause) done
Event: 8.032 Executing VM operation: G1PauseRemark
Event: 8.036 Executing VM operation: G1PauseRemark done
Event: 8.052 Executing VM operation: G1PauseCleanup
Event: 8.052 Executing VM operation: G1PauseCleanup done
Event: 8.177 Executing VM operation: G1CollectForAllocation (G1 Evacuation Pause)
Event: 8.182 Executing VM operation: G1CollectForAllocation (G1 Evacuation Pause) done
Event: 8.302 Executing VM operation: G1CollectForAllocation (G1 Evacuation Pause)
Event: 8.305 Executing VM operation: G1CollectForAllocation (G1 Evacuation Pause) done
Event: 8.462 Executing VM operation: G1CollectForAllocation (G1 Evacuation Pause)
Event: 8.465 Executing VM operation: G1CollectForAllocation (G1 Evacuation Pause) done

Memory protections (0 events):
No events

Nmethod flushes (20 events):
Event: 8.035 Thread 0x000001d1a22eaa70 flushing  nmethod 0x000001d18e2b3790
Event: 8.035 Thread 0x000001d1a22eaa70 flushing  nmethod 0x000001d18e2b3b10
Event: 8.035 Thread 0x000001d1a22eaa70 flushing  nmethod 0x000001d18e376690
Event: 8.035 Thread 0x000001d1a22eaa70 flushing  nmethod 0x000001d18e3c6490
Event: 8.035 Thread 0x000001d1a22eaa70 flushing  nmethod 0x000001d18e3c7510
Event: 8.035 Thread 0x000001d1a22eaa70 flushing  nmethod 0x000001d18e3c8010
Event: 8.035 Thread 0x000001d1a22eaa70 flushing  nmethod 0x000001d18e3c8410
Event: 8.035 Thread 0x000001d1a22eaa70 flushing  nmethod 0x000001d18e3cb610
Event: 8.035 Thread 0x000001d1a22eaa70 flushing  nmethod 0x000001d18e3cc990
Event: 8.035 Thread 0x000001d1a22eaa70 flushing  nmethod 0x000001d18e3d0210
Event: 8.035 Thread 0x000001d1a22eaa70 flushing  nmethod 0x000001d18e3d0610
Event: 8.035 Thread 0x000001d1a22eaa70 flushing  nmethod 0x000001d18e3d1310
Event: 8.035 Thread 0x000001d1a22eaa70 flushing  nmethod 0x000001d18e3d1e10
Event: 8.035 Thread 0x000001d1a22eaa70 flushing  nmethod 0x000001d18e456a90
Event: 8.035 Thread 0x000001d1a22eaa70 flushing  nmethod 0x000001d18e458810
Event: 8.035 Thread 0x000001d1a22eaa70 flushing  nmethod 0x000001d18e4ad390
Event: 8.035 Thread 0x000001d1a22eaa70 flushing  nmethod 0x000001d18e4af810
Event: 8.035 Thread 0x000001d1a22eaa70 flushing  nmethod 0x000001d18e4b1d90
Event: 8.035 Thread 0x000001d1a22eaa70 flushing  nmethod 0x000001d18e511b10
Event: 8.035 Thread 0x000001d1a22eaa70 flushing  nmethod 0x000001d18e6e3c10

Events (20 events):
Event: 7.922 Thread 0x000001d1a93a6340 Thread added: 0x000001d1ac079680
Event: 7.922 Thread 0x000001d1a93a6340 Thread added: 0x000001d1aaed4aa0
Event: 7.922 Thread 0x000001d1a93a6340 Thread added: 0x000001d1aaed36f0
Event: 7.922 Thread 0x000001d1a93a6340 Thread added: 0x000001d1aaed5130
Event: 7.923 Thread 0x000001d1a93a6340 Thread added: 0x000001d1aaed3060
Event: 7.923 Thread 0x000001d1a93a6340 Thread added: 0x000001d1aaed4410
Event: 7.964 Thread 0x000001d1a93a6340 Thread added: 0x000001d1aaed5e50
Event: 7.965 Thread 0x000001d1a93a6340 Thread added: 0x000001d1aaed3d80
Event: 7.967 Thread 0x000001d1a93a6340 Thread added: 0x000001d1aaed64e0
Event: 7.968 Thread 0x000001d1a93a6340 Thread added: 0x000001d1aaed7890
Event: 7.969 Thread 0x000001d1a93a6340 Thread added: 0x000001d1aaed8c40
Event: 7.971 Thread 0x000001d1a93a6340 Thread added: 0x000001d1aaed7f20
Event: 7.972 Thread 0x000001d1a93a6340 Thread added: 0x000001d1aaed57c0
Event: 8.214 Thread 0x000001d1a93a6340 Thread added: 0x000001d1aaed85b0
Event: 8.214 Thread 0x000001d1a93a6340 Thread added: 0x000001d1aaed92d0
Event: 8.215 Thread 0x000001d1a93a6340 Thread added: 0x000001d1aaed9960
Event: 8.216 Thread 0x000001d1a93a6340 Thread added: 0x000001d1aaed9ff0
Event: 8.216 Thread 0x000001d1a93a6340 Thread added: 0x000001d1aaed6b70
Event: 8.217 Thread 0x000001d1a93a6340 Thread added: 0x000001d1aaeda680
Event: 8.218 Thread 0x000001d1a93a6340 Thread added: 0x000001d1aaed7200


Dynamic libraries:
0x00007ff68a2e0000 - 0x00007ff68a2ea000 	C:\Program Files\Android\Android Studio\jbr\bin\java.exe
0x00007ff8ae940000 - 0x00007ff8aeba7000 	C:\WINDOWS\SYSTEM32\ntdll.dll
0x00007ff8ad510000 - 0x00007ff8ad5d9000 	C:\WINDOWS\System32\KERNEL32.DLL
0x00007ff8ab390000 - 0x00007ff8ab781000 	C:\WINDOWS\System32\KERNELBASE.dll
0x00007ff8ac3e0000 - 0x00007ff8ac52b000 	C:\WINDOWS\System32\ucrtbase.dll
0x00007ff8a5ae0000 - 0x00007ff8a5afb000 	C:\Program Files\Android\Android Studio\jbr\bin\VCRUNTIME140.dll
0x00007ff884030000 - 0x00007ff884048000 	C:\Program Files\Android\Android Studio\jbr\bin\jli.dll
0x00007ff8acd80000 - 0x00007ff8acf45000 	C:\WINDOWS\System32\USER32.dll
0x00007ff8ac6b0000 - 0x00007ff8ac6d7000 	C:\WINDOWS\System32\win32u.dll
0x00007ff8aa320000 - 0x00007ff8aa5b3000 	C:\WINDOWS\WinSxS\amd64_microsoft.windows.common-controls_6595b64144ccf1df_6.0.26100.8037_none_3e092faae333b53b\COMCTL32.dll
0x00007ff8acf50000 - 0x00007ff8acf7b000 	C:\WINDOWS\System32\GDI32.dll
0x00007ff8ab790000 - 0x00007ff8ab8bb000 	C:\WINDOWS\System32\gdi32full.dll
0x00007ff8ade40000 - 0x00007ff8adee9000 	C:\WINDOWS\System32\msvcrt.dll
0x00007ff8ac130000 - 0x00007ff8ac1d3000 	C:\WINDOWS\System32\msvcp_win.dll
0x00007ff8ada80000 - 0x00007ff8adab1000 	C:\WINDOWS\System32\IMM32.DLL
0x00007ff8a79b0000 - 0x00007ff8a79bc000 	C:\Program Files\Android\Android Studio\jbr\bin\vcruntime140_1.dll
0x00007ff87dc40000 - 0x00007ff87dccd000 	C:\Program Files\Android\Android Studio\jbr\bin\msvcp140.dll
0x00007ff831a30000 - 0x00007ff8326c6000 	C:\Program Files\Android\Android Studio\jbr\bin\server\jvm.dll
0x00007ff8adc20000 - 0x00007ff8adcdb000 	C:\WINDOWS\System32\ADVAPI32.dll
0x00007ff8adef0000 - 0x00007ff8adf97000 	C:\WINDOWS\System32\sechost.dll
0x00007ff8ad310000 - 0x00007ff8ad428000 	C:\WINDOWS\System32\RPCRT4.dll
0x00007ff8acd00000 - 0x00007ff8acd74000 	C:\WINDOWS\System32\WS2_32.dll
0x00007ff8ab080000 - 0x00007ff8ab0de000 	C:\WINDOWS\SYSTEM32\POWRPROF.dll
0x00007ff8981c0000 - 0x00007ff8981f5000 	C:\WINDOWS\SYSTEM32\WINMM.dll
0x00007ff8a2720000 - 0x00007ff8a272b000 	C:\WINDOWS\SYSTEM32\VERSION.dll
0x00007ff8ab060000 - 0x00007ff8ab074000 	C:\WINDOWS\SYSTEM32\UMPDC.dll
0x00007ff8a96f0000 - 0x00007ff8a970b000 	C:\WINDOWS\SYSTEM32\kernel.appcore.dll
0x00007ff8a7960000 - 0x00007ff8a796a000 	C:\Program Files\Android\Android Studio\jbr\bin\jimage.dll
0x00007ff8aa9f0000 - 0x00007ff8aac32000 	C:\WINDOWS\SYSTEM32\DBGHELP.DLL
0x00007ff8acf80000 - 0x00007ff8ad302000 	C:\WINDOWS\System32\combase.dll
0x00007ff8adad0000 - 0x00007ff8adba7000 	C:\WINDOWS\System32\OLEAUT32.dll
0x00007ff8aa8c0000 - 0x00007ff8aa8fb000 	C:\WINDOWS\SYSTEM32\dbgcore.DLL
0x00007ff8ab2e0000 - 0x00007ff8ab385000 	C:\WINDOWS\System32\bcryptPrimitives.dll
0x00007ff884df0000 - 0x00007ff884dfe000 	C:\Program Files\Android\Android Studio\jbr\bin\instrument.dll
0x00007ff897b70000 - 0x00007ff897b90000 	C:\Program Files\Android\Android Studio\jbr\bin\java.dll
0x00007ff897b50000 - 0x00007ff897b68000 	C:\Program Files\Android\Android Studio\jbr\bin\zip.dll
0x00007ff8ae190000 - 0x00007ff8ae8ef000 	C:\WINDOWS\System32\SHELL32.dll
0x00007ff8ac270000 - 0x00007ff8ac3da000 	C:\WINDOWS\System32\wintypes.dll
0x00007ff8ab8c0000 - 0x00007ff8ac124000 	C:\WINDOWS\System32\windows.storage.dll
0x00007ff8ae090000 - 0x00007ff8ae187000 	C:\WINDOWS\System32\SHCORE.dll
0x00007ff8ad5e0000 - 0x00007ff8ad647000 	C:\WINDOWS\System32\shlwapi.dll
0x00007ff8ab140000 - 0x00007ff8ab169000 	C:\WINDOWS\SYSTEM32\profapi.dll
0x00007ff8980f0000 - 0x00007ff898100000 	C:\Program Files\Android\Android Studio\jbr\bin\net.dll
0x00007ff8a3000000 - 0x00007ff8a3127000 	C:\WINDOWS\SYSTEM32\WINHTTP.dll
0x00007ff8a9dc0000 - 0x00007ff8a9e2b000 	C:\WINDOWS\system32\mswsock.dll
0x00007ff891170000 - 0x00007ff891186000 	C:\Program Files\Android\Android Studio\jbr\bin\nio.dll
0x00007ff88fec0000 - 0x00007ff88fed0000 	C:\Program Files\Android\Android Studio\jbr\bin\verify.dll
0x00007ff87e180000 - 0x00007ff87e1a7000 	C:\Users\ibtis\.gradle\native\660c5614fbf4a5f2a75b1949f50a0caf5cd603558e7d8a26e50b933a0cfb79d1\windows-amd64\native-platform.dll
0x00007ff87dde0000 - 0x00007ff87de57000 	C:\Users\ibtis\.gradle\native\0.2.8\x86_64-windows-gnu\gradle-fileevents.dll
0x00007ff891140000 - 0x00007ff891149000 	C:\Program Files\Android\Android Studio\jbr\bin\management.dll
0x00007ff890610000 - 0x00007ff89061b000 	C:\Program Files\Android\Android Studio\jbr\bin\management_ext.dll
0x00007ff8adc10000 - 0x00007ff8adc18000 	C:\WINDOWS\System32\PSAPI.DLL
0x00007ff8a90d0000 - 0x00007ff8a9103000 	C:\WINDOWS\SYSTEM32\IPHLPAPI.DLL
0x00007ff8adac0000 - 0x00007ff8adaca000 	C:\WINDOWS\System32\NSI.dll
0x00007ff897b40000 - 0x00007ff897b49000 	C:\Program Files\Android\Android Studio\jbr\bin\extnet.dll
0x00007ff8aad40000 - 0x00007ff8aad5b000 	C:\WINDOWS\SYSTEM32\CRYPTSP.dll
0x00007ff8a9650000 - 0x00007ff8a9689000 	C:\WINDOWS\system32\rsaenh.dll
0x00007ff8a9e70000 - 0x00007ff8a9ea2000 	C:\WINDOWS\SYSTEM32\USERENV.dll
0x00007ff8ab110000 - 0x00007ff8ab13a000 	C:\WINDOWS\SYSTEM32\bcrypt.dll
0x00007ff8aa0a0000 - 0x00007ff8aa0ac000 	C:\WINDOWS\SYSTEM32\CRYPTBASE.dll
0x00007ff87d1c0000 - 0x00007ff87d1c8000 	C:\WINDOWS\system32\wshunix.dll

JVMTI agents:
C:\Users\ibtis\.gradle\wrapper\dists\gradle-9.3.1-bin\23ovyewtku6u96viwx3xl3oks\gradle-9.3.1\lib\agents\gradle-instrumentation-agent-9.3.1.jar path:C:\Program Files\Android\Android Studio\jbr\bin\instrument.dll, loaded, initialized, instrumentlib options:none

dbghelp: loaded successfully - version: 4.0.5 - missing functions: none
symbol engine: initialized successfully - sym options: 0x614 - pdb path: .;C:\Program Files\Android\Android Studio\jbr\bin;C:\WINDOWS\SYSTEM32;C:\WINDOWS\WinSxS\amd64_microsoft.windows.common-controls_6595b64144ccf1df_6.0.26100.8037_none_3e092faae333b53b;C:\Program Files\Android\Android Studio\jbr\bin\server;C:\Users\ibtis\.gradle\native\660c5614fbf4a5f2a75b1949f50a0caf5cd603558e7d8a26e50b933a0cfb79d1\windows-amd64;C:\Users\ibtis\.gradle\native\0.2.8\x86_64-windows-gnu

VM Arguments:
jvm_args: --add-opens=java.base/java.lang=ALL-UNNAMED --add-opens=java.base/java.lang.invoke=ALL-UNNAMED --add-opens=java.base/java.util=ALL-UNNAMED --add-opens=java.prefs/java.util.prefs=ALL-UNNAMED --add-exports=jdk.compiler/com.sun.tools.javac.api=ALL-UNNAMED --add-exports=jdk.compiler/com.sun.tools.javac.util=ALL-UNNAMED --add-opens=java.base/java.util=ALL-UNNAMED --add-opens=java.prefs/java.util.prefs=ALL-UNNAMED --add-opens=java.base/java.nio.charset=ALL-UNNAMED --add-opens=java.base/java.net=ALL-UNNAMED --add-opens=java.base/java.util.concurrent=ALL-UNNAMED --add-opens=java.base/java.util.concurrent.atomic=ALL-UNNAMED --add-opens=java.xml/javax.xml.namespace=ALL-UNNAMED --add-opens=java.base/java.time=ALL-UNNAMED -Xmx2048m -Dfile.encoding=UTF-8 -Duser.country=FR -Duser.language=fr -Duser.variant -javaagent:C:\Users\ibtis\.gradle\wrapper\dists\gradle-9.3.1-bin\23ovyewtku6u96viwx3xl3oks\gradle-9.3.1\lib\agents\gradle-instrumentation-agent-9.3.1.jar 
java_command: org.gradle.launcher.daemon.bootstrap.GradleDaemon 9.3.1
java_class_path (initial): C:\Users\ibtis\.gradle\wrapper\dists\gradle-9.3.1-bin\23ovyewtku6u96viwx3xl3oks\gradle-9.3.1\lib\gradle-daemon-main-9.3.1.jar
Launcher Type: SUN_STANDARD

[Global flags]
     intx CICompilerCount                          = 4                                         {product} {ergonomic}
     uint ConcGCThreads                            = 2                                         {product} {ergonomic}
     uint G1ConcRefinementThreads                  = 8                                         {product} {ergonomic}
   size_t G1HeapRegionSize                         = 1048576                                   {product} {ergonomic}
    uintx GCDrainStackTargetSize                   = 64                                        {product} {ergonomic}
   size_t InitialHeapSize                          = 199229440                                 {product} {ergonomic}
   size_t MarkStackSize                            = 4194304                                   {product} {ergonomic}
   size_t MaxHeapSize                              = 2147483648                                {product} {command line}
   size_t MaxNewSize                               = 1287651328                                {product} {ergonomic}
   size_t MinHeapDeltaBytes                        = 1048576                                   {product} {ergonomic}
   size_t MinHeapSize                              = 8388608                                   {product} {ergonomic}
    uintx NonNMethodCodeHeapSize                   = 5839372                                {pd product} {ergonomic}
    uintx NonProfiledCodeHeapSize                  = 122909434                              {pd product} {ergonomic}
    uintx ProfiledCodeHeapSize                     = 122909434                              {pd product} {ergonomic}
    uintx ReservedCodeCacheSize                    = 251658240                              {pd product} {ergonomic}
     bool SegmentedCodeCache                       = true                                      {product} {ergonomic}
   size_t SoftMaxHeapSize                          = 2147483648                             {manageable} {ergonomic}
     bool UseCompressedOops                        = true                           {product lp64_product} {ergonomic}
     bool UseG1GC                                  = true                                      {product} {ergonomic}
     bool UseLargePagesIndividualAllocation        = false                                  {pd product} {ergonomic}

Logging:
Log output configuration:
 #0: stdout all=warning uptime,level,tags foldmultilines=false
 #1: stderr all=off uptime,level,tags foldmultilines=false

Release file:
JAVA_VERSION="21.0.9" 
MODULES="java.base java.compiler java.datatransfer java.xml java.prefs java.desktop java.instrument java.logging java.management java.security.sasl java.naming java.rmi java.management.rmi java.net.http java.scripting java.security.jgss java.transaction.xa java.sql java.sql.rowset java.xml.crypto java.se java.smartcardio jdk.accessibility jdk.internal.jvmstat jdk.attach jdk.charsets jdk.internal.opt jdk.zipfs jdk.compiler jdk.crypto.ec jdk.crypto.cryptoki jdk.dynalink jdk.hotspot.agent jdk.httpserver jdk.internal.ed jdk.internal.le jdk.internal.vm.ci jdk.jartool jdk.javadoc jdk.jcmd jdk.jdeps jdk.jdwp.agent jdk.jdi jdk.jfr jdk.jlink jdk.jsobject jdk.localedata jdk.management jdk.management.agent jdk.management.jfr jdk.naming.dns jdk.naming.rmi jdk.net jdk.sctp jdk.security.auth jdk.security.jgss jdk.unsupported jdk.unsupported.desktop jdk.xml.dom" 
IMPLEMENTOR="JetBrains s.r.o." 
JAVA_RUNTIME_VERSION="21.0.9+-14787801-b1163.94" 
LIBC="default" 
OS_ARCH="x86_64" 
OS_NAME="Windows" 
SOURCE=".:git:0c757ddc9f2f" 

Environment Variables:
PATH=C:\Program Files\Common Files\Oracle\Java\javapath;C:\Program Files (x86)\VMware\VMware Workstation\bin\;C:\WINDOWS\system32;C:\WINDOWS;C:\WINDOWS\System32\Wbem;C:\WINDOWS\System32\WindowsPowerShell\v1.0\;C:\WINDOWS\System32\OpenSSH\;C:\Program Files\dotnet\;C:\php;C:\Program Files\Docker\Docker\resources\bin;C:\Program Files\Git\cmd;C:\Program Files\MySQL\MySQL Shell 8.0\bin\;C:\Users\ibtis\AppData\Local\Programs\Python\Python312\Scripts\;C:\Users\ibtis\AppData\Local\Programs\Python\Python312\;C:\Users\ibtis\AppData\Local\Programs\Python\Launcher\;C:\Users\ibtis\AppData\Local\Microsoft\WindowsApps;C:\Users\ibtis\AppData\Local\Programs\Microsoft VS Code\bin;
USERNAME=ibtis
OS=Windows_NT
PROCESSOR_IDENTIFIER=Intel64 Family 6 Model 126 Stepping 5, GenuineIntel
TMP=C:\Users\ibtis\AppData\Local\Temp
TEMP=C:\Users\ibtis\AppData\Local\Temp




Periodic native trim disabled

JNI global refs:
JNI global refs: 30, weak refs: 5

JNI global refs memory usage: 835, weak refs: 833

Process memory usage:
Resident Set Size: 348556K (2% of 12383708K total physical memory with 2546532K free physical memory)

OOME stack traces (most recent first):
Classloader memory used:
Loader org.gradle.internal.classloader.VisitableURLClassLoader                         : 37041K
Loader bootstrap                                                                       : 22537K
Loader org.gradle.initialization.MixInLegacyTypesClassLoader                           : 11165K
Loader jdk.internal.loader.ClassLoaders$AppClassLoader                                 : 229K
Loader jdk.internal.loader.ClassLoaders$PlatformClassLoader                            : 169K
Loader jdk.internal.reflect.DelegatingClassLoader                                      : 124K
Loader org.gradle.groovy.scripts.internal.DefaultScriptCompilationHandler$ScriptClassLoader: 106K
Loader org.gradle.internal.classloader.VisitableURLClassLoader                         : 105K
Loader org.gradle.internal.classloader.VisitableURLClassLoader$InstrumentingVisitableURLClassLoader: 62008B

Classes loaded by more than one classloader:
Class Program                                                                         : loaded 3 times (x 72B)
Class org.gradle.internal.classloader.ClassLoaderHierarchy                            : loaded 2 times (x 70B)
Class org.gradle.api.internal.classpath.ManifestUtil                                  : loaded 2 times (x 71B)
Class ijKotlinCoroutineJvmDebugInit1_8b08n2xkeizd1exry5iy3l9ps$_run_closure1$_closure2: loaded 2 times (x 139B)
Class org.gradle.internal.classloader.DefaultClassLoaderFactory                       : loaded 2 times (x 82B)
Class org.gradle.internal.classloader.ClassLoaderVisitor                              : loaded 2 times (x 76B)
Class org.gradle.api.internal.classpath.EffectiveClassPath                            : loaded 2 times (x 90B)
Class org.gradle.api.internal.DefaultClassPathProvider                                : loaded 2 times (x 76B)
Class [Lorg.gradle.api.internal.ClassPathProvider;                                    : loaded 2 times (x 69B)
Class org.gradle.api.internal.ClassPathProvider                                       : loaded 2 times (x 70B)
Class org.gradle.internal.service.UnknownServiceException                             : loaded 2 times (x 83B)
Class org.gradle.internal.classpath.TransformedClassPath                              : loaded 2 times (x 96B)
Class org.gradle.internal.classloader.InstrumentingClassLoader                        : loaded 2 times (x 70B)
Class org.gradle.internal.service.ServiceLocator                                      : loaded 2 times (x 70B)
Class org.gradle.internal.classloader.ClasspathUtil$1                                 : loaded 2 times (x 76B)
Class org.gradle.api.internal.classpath.DefaultModuleRegistry$DefaultModule           : loaded 2 times (x 86B)
Class org.gradle.api.internal.classpath.Module                                        : loaded 2 times (x 70B)
Class org.gradle.api.internal.classpath.UnknownModuleException                        : loaded 2 times (x 82B)
Class org.gradle.api.internal.DefaultClassPathRegistry                                : loaded 2 times (x 76B)
Class org.gradle.api.internal.ClassPathRegistry                                       : loaded 2 times (x 70B)
Class org.gradle.internal.classpath.DefaultClassPath$ImmutableUniqueList              : loaded 2 times (x 199B)
Class ijJvmDebugger1_9laiob171rioarc3zsik11dk4                                        : loaded 2 times (x 171B)
Class org.gradle.internal.classloader.FilteringClassLoader                            : loaded 2 times (x 105B)
Class Settings_gradle$1                                                               : loaded 2 times (x 74B)
Class org.gradle.internal.classpath.ClassPath                                         : loaded 2 times (x 70B)
Class org.gradle.api.internal.classpath.ModuleRegistry                                : loaded 2 times (x 70B)
Class org.gradle.internal.installation.GradleInstallation$1                           : loaded 2 times (x 75B)
Class org.gradle.api.internal.classpath.DefaultModuleRegistry                         : loaded 2 times (x 86B)
Class org.gradle.internal.service.ServiceLookupException                              : loaded 2 times (x 82B)
Class org.gradle.internal.classloader.ClassLoaderFactory                              : loaded 2 times (x 70B)
Class org.gradle.internal.service.CachingServiceLocator                               : loaded 2 times (x 82B)
Class ijKotlinCoroutineJvmDebugInit1_8b08n2xkeizd1exry5iy3l9ps$_run_closure1          : loaded 2 times (x 139B)
Class org.gradle.internal.classloader.ClasspathUtil                                   : loaded 2 times (x 71B)
Class ijJvmDebugger1_9laiob171rioarc3zsik11dk4$_run_closure1$_closure2                : loaded 2 times (x 140B)
Class org.gradle.api.specs.Spec                                                       : loaded 2 times (x 70B)
Class org.gradle.internal.classloader.VisitableURLClassLoader$InstrumentingVisitableURLClassLoader: loaded 2 times (x 123B)
Class org.gradle.internal.classloader.VisitableURLClassLoader$Spec                    : loaded 2 times (x 74B)
Class org.gradle.internal.classpath.DefaultClassPath                                  : loaded 2 times (x 90B)
Class org.gradle.internal.classloader.ClassLoaderSpec                                 : loaded 2 times (x 71B)
Class Settings_gradle$1$1                                                             : loaded 2 times (x 74B)
Class org.gradle.internal.classloader.VisitableURLClassLoader                         : loaded 2 times (x 117B)
Class Settings_gradle                                                                 : loaded 2 times (x 124B)
Class org.gradle.internal.Cast                                                        : loaded 2 times (x 71B)
Class org.gradle.api.Action                                                           : loaded 2 times (x 70B)
Class org.gradle.internal.classpath.DefaultClassPath$ImmutableUniqueList$Builder      : loaded 2 times (x 75B)
Class org.gradle.api.GradleException                                                  : loaded 2 times (x 82B)
Class org.gradle.internal.IoActions                                                   : loaded 2 times (x 71B)
Class org.gradle.internal.classloader.SystemClassLoaderSpec                           : loaded 2 times (x 71B)
Class ijJvmDebugger1_9laiob171rioarc3zsik11dk4$_run_closure1                          : loaded 2 times (x 139B)
Class org.gradle.api.internal.classpath.GlobalCacheRootsProvider                      : loaded 2 times (x 70B)
Class ijKotlinCoroutineJvmDebugInit1_8b08n2xkeizd1exry5iy3l9ps                        : loaded 2 times (x 171B)
Class org.gradle.internal.installation.CurrentGradleInstallationLocator               : loaded 2 times (x 71B)
Class org.gradle.internal.service.DefaultServiceLocator                               : loaded 2 times (x 83B)
Class org.gradle.internal.installation.CurrentGradleInstallation                      : loaded 2 times (x 73B)
Class org.gradle.util.internal.GUtil                                                  : loaded 2 times (x 71B)
Class org.gradle.internal.installation.GradleInstallation                             : loaded 2 times (x 75B)

---------------  S Y S T E M  ---------------

OS:
 Windows 11 , 64 bit Build 26100 (10.0.26100.7920)
OS uptime: 0 days 0:48 hours

CPU: total 8 (initial active 8) (4 cores per cpu, 2 threads per core) family 6 model 126 stepping 5 microcode 0xa6, cx8, cmov, fxsr, ht, mmx, 3dnowpref, sse, sse2, sse3, ssse3, sse4.1, sse4.2, popcnt, lzcnt, tsc, tscinvbit, avx, avx2, aes, erms, clmul, bmi1, bmi2, adx, avx512f, avx512dq, avx512cd, avx512bw, avx512vl, sha, fma, vzeroupper, avx512_vpopcntdq, avx512_vpclmulqdq, avx512_vaes, avx512_vnni, clflush, clflushopt, avx512_vbmi2, avx512_vbmi, rdtscp, rdpid, fsrm, gfni, avx512_bitalg, f16c, pku, avx512_ifma
Processor Information for the first 8 processors :
  Max Mhz: 1190, Current Mhz: 991, Mhz Limit: 987

Memory: 4k page, system-wide physical 12093M (2491M free)
TotalPageFile size 25405M (AvailPageFile size 13867M)
current process WorkingSet (physical memory assigned to process): 333M, peak: 342M
current process commit charge ("private bytes"): 369M, peak: 379M

vm_info: OpenJDK 64-Bit Server VM (21.0.9+-14787801-b1163.94) for windows-amd64 JRE (21.0.9+-14787801-b1163.94), built on 2026-01-27T21:15:44Z by "builder" with MS VC++ 16.10 / 16.11 (VS2019)

END.
